2015/02/12 01:32:52 [error] [exception.CDbException] exception 'CDbException' with message 'CDbConnection failed to open the DB connection: SQLSTATE[HY000] [1044] Access denied for user 'revista'@'localhost' to database 'revista'' in C:\xampp\htdocs\topicos\yii\framework\db\CDbConnection.php:399
Stack trace:
#0 C:\xampp\htdocs\topicos\yii\framework\db\CDbConnection.php(347): CDbConnection->open()
#1 C:\xampp\htdocs\topicos\yii\framework\db\CDbConnection.php(325): CDbConnection->setActive(true)
#2 C:\xampp\htdocs\topicos\yii\framework\base\CModule.php(394): CDbConnection->init()
#3 C:\xampp\htdocs\topicos\yii\framework\base\CModule.php(103): CModule->getComponent('db')
#4 C:\xampp\htdocs\topicos\yii\framework\gii\generators\model\ModelCode.php(60): CModule->__get('db')
#5 C:\xampp\htdocs\topicos\yii\framework\web\CFormModel.php(39): ModelCode->init()
#6 C:\xampp\htdocs\topicos\yii\framework\gii\CCodeGenerator.php(153): CFormModel->__construct()
#7 C:\xampp\htdocs\topicos\yii\framework\gii\CCodeGenerator.php(63): CCodeGenerator->prepare()
#8 C:\xampp\htdocs\topicos\yii\framework\web\actions\CInlineAction.php(49): CCodeGenerator->actionIndex()
#9 C:\xampp\htdocs\topicos\yii\framework\web\CController.php(308): CInlineAction->runWithParams(Array)
#10 C:\xampp\htdocs\topicos\yii\framework\web\CController.php(286): CController->runAction(Object(CInlineAction))
#11 C:\xampp\htdocs\topicos\yii\framework\web\CController.php(265): CController->runActionWithFilters(Object(CInlineAction), Array)
#12 C:\xampp\htdocs\topicos\yii\framework\web\CWebApplication.php(282): CController->run('index')
#13 C:\xampp\htdocs\topicos\yii\framework\web\CWebApplication.php(141): CWebApplication->runController('gii/model/index')
#14 C:\xampp\htdocs\topicos\yii\framework\base\CApplication.php(184): CWebApplication->processRequest()
#15 C:\xampp\htdocs\topicos\yii\revista\index.php(13): CApplication->run()
#16 {main}
REQUEST_URI=/topicos/yii/revista/index.php?r=gii/model/index
HTTP_REFERER=http://localhost/topicos/yii/revista/index.php?r=gii
---
2015/02/12 01:43:51 [error] [system.db.CDbCommand] CDbCommand::execute() failed: SQLSTATE[23000]: Integrity constraint violation: 1452 Cannot add or update a child row: a foreign key constraint fails (`revista`.`articulo`, CONSTRAINT `fk_articulo_indice_articulo_1` FOREIGN KEY (`id_indice_articulo`) REFERENCES `indice_articulo` (`id_indice_articulo`) ON DELETE NO ACTION ON UPDATE NO ACTION). The SQL statement executed was: INSERT INTO `articulo` (`nombre`, `resumen`, `abstrac`, `introduccion`, `metodologia`, `contenido`, `fecha_creacion`, `archivo_pdf`, `id_status`, `conclusiones`, `agradecimientos`, `referencias`, `id_indice_articulo`) VALUES (:yp0, :yp1, :yp2, :yp3, :yp4, :yp5, :yp6, :yp7, :yp8, :yp9, :yp10, :yp11, :yp12).
in C:\xampp\htdocs\topicos\yii\revista\protected\controllers\ArticuloController.php (73)
in C:\xampp\htdocs\topicos\yii\revista\index.php (13)
2015/02/12 01:43:51 [error] [exception.CDbException] exception 'CDbException' with message 'CDbCommand failed to execute the SQL statement: SQLSTATE[23000]: Integrity constraint violation: 1452 Cannot add or update a child row: a foreign key constraint fails (`revista`.`articulo`, CONSTRAINT `fk_articulo_indice_articulo_1` FOREIGN KEY (`id_indice_articulo`) REFERENCES `indice_articulo` (`id_indice_articulo`) ON DELETE NO ACTION ON UPDATE NO ACTION). The SQL statement executed was: INSERT INTO `articulo` (`nombre`, `resumen`, `abstrac`, `introduccion`, `metodologia`, `contenido`, `fecha_creacion`, `archivo_pdf`, `id_status`, `conclusiones`, `agradecimientos`, `referencias`, `id_indice_articulo`) VALUES (:yp0, :yp1, :yp2, :yp3, :yp4, :yp5, :yp6, :yp7, :yp8, :yp9, :yp10, :yp11, :yp12)' in C:\xampp\htdocs\topicos\yii\framework\db\CDbCommand.php:358
Stack trace:
#0 C:\xampp\htdocs\topicos\yii\framework\db\ar\CActiveRecord.php(1080): CDbCommand->execute()
#1 C:\xampp\htdocs\topicos\yii\framework\db\ar\CActiveRecord.php(809): CActiveRecord->insert(NULL)
#2 C:\xampp\htdocs\topicos\yii\revista\protected\controllers\ArticuloController.php(73): CActiveRecord->save()
#3 C:\xampp\htdocs\topicos\yii\framework\web\actions\CInlineAction.php(49): ArticuloController->actionCreate()
#4 C:\xampp\htdocs\topicos\yii\framework\web\CController.php(308): CInlineAction->runWithParams(Array)
#5 C:\xampp\htdocs\topicos\yii\framework\web\filters\CFilterChain.php(133): CController->runAction(Object(CInlineAction))
#6 C:\xampp\htdocs\topicos\yii\framework\web\filters\CFilter.php(40): CFilterChain->run()
#7 C:\xampp\htdocs\topicos\yii\framework\web\CController.php(1145): CFilter->filter(Object(CFilterChain))
#8 C:\xampp\htdocs\topicos\yii\framework\web\filters\CInlineFilter.php(58): CController->filterAccessControl(Object(CFilterChain))
#9 C:\xampp\htdocs\topicos\yii\framework\web\filters\CFilterChain.php(130): CInlineFilter->filter(Object(CFilterChain))
#10 C:\xampp\htdocs\topicos\yii\framework\web\CController.php(291): CFilterChain->run()
#11 C:\xampp\htdocs\topicos\yii\framework\web\CController.php(265): CController->runActionWithFilters(Object(CInlineAction), Array)
#12 C:\xampp\htdocs\topicos\yii\framework\web\CWebApplication.php(282): CController->run('create')
#13 C:\xampp\htdocs\topicos\yii\framework\web\CWebApplication.php(141): CWebApplication->runController('articulo/create')
#14 C:\xampp\htdocs\topicos\yii\framework\base\CApplication.php(184): CWebApplication->processRequest()
#15 C:\xampp\htdocs\topicos\yii\revista\index.php(13): CApplication->run()
#16 {main}
REQUEST_URI=/topicos/yii/revista/index.php?r=articulo/create
HTTP_REFERER=http://localhost/topicos/yii/revista/index.php?r=articulo/create
---
2015/02/14 00:11:32 [error] [exception.CHttpException.404] exception 'CHttpException' with message 'Unable to resolve the request "revista".' in C:\xampp\htdocs\topicos\yii\framework\web\CWebApplication.php:286
Stack trace:
#0 C:\xampp\htdocs\topicos\yii\framework\web\CWebApplication.php(141): CWebApplication->runController('revista')
#1 C:\xampp\htdocs\topicos\yii\framework\base\CApplication.php(184): CWebApplication->processRequest()
#2 C:\xampp\htdocs\topicos\yii\revista\index.php(13): CApplication->run()
#3 {main}
REQUEST_URI=/topicos/yii/revista/index.php?r=revista
---
2015/02/14 00:15:07 [error] [system.db.CDbCommand] CDbCommand::execute() failed: SQLSTATE[23000]: Integrity constraint violation: 1452 Cannot add or update a child row: a foreign key constraint fails (`revista`.`articulo`, CONSTRAINT `fk_articulo_indice_articulo_1` FOREIGN KEY (`id_indice_articulo`) REFERENCES `indice_articulo` (`id_indice_articulo`) ON DELETE NO ACTION ON UPDATE NO ACTION). The SQL statement executed was: INSERT INTO `articulo` (`nombre`, `resumen`, `abstrac`, `introduccion`, `metodologia`, `contenido`, `fecha_creacion`, `archivo_pdf`, `id_status`, `conclusiones`, `agradecimientos`, `referencias`, `id_indice_articulo`) VALUES (:yp0, :yp1, :yp2, :yp3, :yp4, :yp5, :yp6, :yp7, :yp8, :yp9, :yp10, :yp11, :yp12).
in C:\xampp\htdocs\topicos\yii\revista\protected\controllers\ArticuloController.php (73)
in C:\xampp\htdocs\topicos\yii\revista\index.php (13)
2015/02/14 00:15:07 [error] [exception.CDbException] exception 'CDbException' with message 'CDbCommand failed to execute the SQL statement: SQLSTATE[23000]: Integrity constraint violation: 1452 Cannot add or update a child row: a foreign key constraint fails (`revista`.`articulo`, CONSTRAINT `fk_articulo_indice_articulo_1` FOREIGN KEY (`id_indice_articulo`) REFERENCES `indice_articulo` (`id_indice_articulo`) ON DELETE NO ACTION ON UPDATE NO ACTION). The SQL statement executed was: INSERT INTO `articulo` (`nombre`, `resumen`, `abstrac`, `introduccion`, `metodologia`, `contenido`, `fecha_creacion`, `archivo_pdf`, `id_status`, `conclusiones`, `agradecimientos`, `referencias`, `id_indice_articulo`) VALUES (:yp0, :yp1, :yp2, :yp3, :yp4, :yp5, :yp6, :yp7, :yp8, :yp9, :yp10, :yp11, :yp12)' in C:\xampp\htdocs\topicos\yii\framework\db\CDbCommand.php:358
Stack trace:
#0 C:\xampp\htdocs\topicos\yii\framework\db\ar\CActiveRecord.php(1080): CDbCommand->execute()
#1 C:\xampp\htdocs\topicos\yii\framework\db\ar\CActiveRecord.php(809): CActiveRecord->insert(NULL)
#2 C:\xampp\htdocs\topicos\yii\revista\protected\controllers\ArticuloController.php(73): CActiveRecord->save()
#3 C:\xampp\htdocs\topicos\yii\framework\web\actions\CInlineAction.php(49): ArticuloController->actionCreate()
#4 C:\xampp\htdocs\topicos\yii\framework\web\CController.php(308): CInlineAction->runWithParams(Array)
#5 C:\xampp\htdocs\topicos\yii\framework\web\filters\CFilterChain.php(133): CController->runAction(Object(CInlineAction))
#6 C:\xampp\htdocs\topicos\yii\framework\web\filters\CFilter.php(40): CFilterChain->run()
#7 C:\xampp\htdocs\topicos\yii\framework\web\CController.php(1145): CFilter->filter(Object(CFilterChain))
#8 C:\xampp\htdocs\topicos\yii\framework\web\filters\CInlineFilter.php(58): CController->filterAccessControl(Object(CFilterChain))
#9 C:\xampp\htdocs\topicos\yii\framework\web\filters\CFilterChain.php(130): CInlineFilter->filter(Object(CFilterChain))
#10 C:\xampp\htdocs\topicos\yii\framework\web\CController.php(291): CFilterChain->run()
#11 C:\xampp\htdocs\topicos\yii\framework\web\CController.php(265): CController->runActionWithFilters(Object(CInlineAction), Array)
#12 C:\xampp\htdocs\topicos\yii\framework\web\CWebApplication.php(282): CController->run('create')
#13 C:\xampp\htdocs\topicos\yii\framework\web\CWebApplication.php(141): CWebApplication->runController('articulo/create')
#14 C:\xampp\htdocs\topicos\yii\framework\base\CApplication.php(184): CWebApplication->processRequest()
#15 C:\xampp\htdocs\topicos\yii\revista\index.php(13): CApplication->run()
#16 {main}
REQUEST_URI=/topicos/yii/revista/index.php?r=articulo/create
HTTP_REFERER=http://localhost/topicos/yii/revista/index.php?r=articulo/create
---
2015/02/14 00:19:00 [error] [exception.CHttpException.404] exception 'CHttpException' with message 'The system is unable to find the requested action "agregar".' in C:\xampp\htdocs\topicos\yii\framework\web\CController.php:483
Stack trace:
#0 C:\xampp\htdocs\topicos\yii\framework\web\CController.php(270): CController->missingAction('agregar')
#1 C:\xampp\htdocs\topicos\yii\framework\web\CWebApplication.php(282): CController->run('agregar')
#2 C:\xampp\htdocs\topicos\yii\framework\web\CWebApplication.php(141): CWebApplication->runController('articulo/agrega...')
#3 C:\xampp\htdocs\topicos\yii\framework\base\CApplication.php(184): CWebApplication->processRequest()
#4 C:\xampp\htdocs\topicos\yii\revista\index.php(13): CApplication->run()
#5 {main}
REQUEST_URI=/topicos/yii/revista/index.php?r=articulo/agregar
---
2015/02/14 00:54:49 [error] [exception.CHttpException.404] exception 'CHttpException' with message 'The system is unable to find the requested action "create".' in C:\xampp\htdocs\topicos\yii\framework\web\CController.php:483
Stack trace:
#0 C:\xampp\htdocs\topicos\yii\framework\web\CController.php(270): CController->missingAction('create')
#1 C:\xampp\htdocs\topicos\yii\framework\web\CWebApplication.php(282): CController->run('create')
#2 C:\xampp\htdocs\topicos\yii\framework\web\CWebApplication.php(141): CWebApplication->runController('articulo/create')
#3 C:\xampp\htdocs\topicos\yii\framework\base\CApplication.php(184): CWebApplication->processRequest()
#4 C:\xampp\htdocs\topicos\yii\revista\index.php(13): CApplication->run()
#5 {main}
REQUEST_URI=/topicos/yii/revista/index.php?r=articulo/create
HTTP_REFERER=http://localhost/topicos/yii/revista/index.php?r=articulo/view&id=4
---
2015/02/17 00:54:01 [error] [exception.CDbException] exception 'CDbException' with message 'CDbConnection failed to open the DB connection: SQLSTATE[HY000] [2002] No se puede establecer una conexión ya que el equipo de destino denegó expresamente dicha conexión.
' in C:\xampp\htdocs\topicos\framework\db\CDbConnection.php:399
Stack trace:
#0 C:\xampp\htdocs\topicos\framework\db\CDbConnection.php(347): CDbConnection->open()
#1 C:\xampp\htdocs\topicos\framework\db\CDbConnection.php(325): CDbConnection->setActive(true)
#2 C:\xampp\htdocs\topicos\framework\base\CModule.php(394): CDbConnection->init()
#3 C:\xampp\htdocs\topicos\framework\base\CApplication.php(458): CModule->getComponent('db')
#4 C:\xampp\htdocs\topicos\framework\db\ar\CActiveRecord.php(637): CApplication->getDb()
#5 C:\xampp\htdocs\topicos\framework\db\ar\CActiveRecord.php(670): CActiveRecord->getDbConnection()
#6 C:\xampp\htdocs\topicos\framework\db\ar\CActiveRecord.php(1601): CActiveRecord->getCommandBuilder()
#7 C:\xampp\htdocs\topicos\framework\web\CActiveDataProvider.php(228): CActiveRecord->count(Object(CDbCriteria))
#8 C:\xampp\htdocs\topicos\framework\web\CDataProvider.php(224): CActiveDataProvider->calculateTotalItemCount()
#9 C:\xampp\htdocs\topicos\framework\web\CActiveDataProvider.php(178): CDataProvider->getTotalItemCount()
#10 C:\xampp\htdocs\topicos\framework\web\CDataProvider.php(168): CActiveDataProvider->fetchData()
#11 C:\xampp\htdocs\topicos\framework\zii\widgets\CBaseListView.php(125): CDataProvider->getData()
#12 C:\xampp\htdocs\topicos\framework\zii\widgets\CListView.php(211): CBaseListView->init()
#13 C:\xampp\htdocs\topicos\framework\web\CBaseController.php(147): CListView->init()
#14 C:\xampp\htdocs\topicos\framework\web\CBaseController.php(180): CBaseController->createWidget('zii.widgets.CLi...', Array)
#15 C:\xampp\htdocs\topicos\06030450\revista\protected\views\articulo\index.php(20): CBaseController->widget('zii.widgets.CLi...', Array)
#16 C:\xampp\htdocs\topicos\framework\web\CBaseController.php(126): require('C:\\xampp\\htdocs...')
#17 C:\xampp\htdocs\topicos\framework\web\CBaseController.php(95): CBaseController->renderInternal('C:\\xampp\\htdocs...', Array, true)
#18 C:\xampp\htdocs\topicos\framework\web\CController.php(869): CBaseController->renderFile('C:\\xampp\\htdocs...', Array, true)
#19 C:\xampp\htdocs\topicos\framework\web\CController.php(782): CController->renderPartial('index', Array, true)
#20 C:\xampp\htdocs\topicos\06030450\revista\protected\controllers\ArticuloController.php(130): CController->render('index', Array)
#21 C:\xampp\htdocs\topicos\framework\web\actions\CInlineAction.php(49): ArticuloController->actionIndex()
#22 C:\xampp\htdocs\topicos\framework\web\CController.php(308): CInlineAction->runWithParams(Array)
#23 C:\xampp\htdocs\topicos\framework\web\filters\CFilterChain.php(133): CController->runAction(Object(CInlineAction))
#24 C:\xampp\htdocs\topicos\framework\web\filters\CFilter.php(40): CFilterChain->run()
#25 C:\xampp\htdocs\topicos\framework\web\CController.php(1145): CFilter->filter(Object(CFilterChain))
#26 C:\xampp\htdocs\topicos\framework\web\filters\CInlineFilter.php(58): CController->filterAccessControl(Object(CFilterChain))
#27 C:\xampp\htdocs\topicos\framework\web\filters\CFilterChain.php(130): CInlineFilter->filter(Object(CFilterChain))
#28 C:\xampp\htdocs\topicos\framework\web\CController.php(291): CFilterChain->run()
#29 C:\xampp\htdocs\topicos\framework\web\CController.php(265): CController->runActionWithFilters(Object(CInlineAction), Array)
#30 C:\xampp\htdocs\topicos\framework\web\CWebApplication.php(282): CController->run('')
#31 C:\xampp\htdocs\topicos\framework\web\CWebApplication.php(141): CWebApplication->runController('articulo')
#32 C:\xampp\htdocs\topicos\framework\base\CApplication.php(184): CWebApplication->processRequest()
#33 C:\xampp\htdocs\topicos\06030450\revista\index.php(13): CApplication->run()
#34 {main}
REQUEST_URI=/topicos/06030450/revista/index.php?r=articulo
---
2015/02/19 00:19:23 [error] [exception.CHttpException.404] exception 'CHttpException' with message 'Unable to resolve the request "revista/admin".' in C:\xampp\htdocs\topicos\framework\web\CWebApplication.php:286
Stack trace:
#0 C:\xampp\htdocs\topicos\framework\web\CWebApplication.php(141): CWebApplication->runController('revista/admin')
#1 C:\xampp\htdocs\topicos\framework\base\CApplication.php(184): CWebApplication->processRequest()
#2 C:\xampp\htdocs\topicos\06030450\revista\index.php(13): CApplication->run()
#3 {main}
REQUEST_URI=/topicos/06030450/revista/?r=revista/admin
HTTP_REFERER=http://localhost/topicos/06030450/revista/?r=articulo/agregar
---
2015/02/19 00:19:59 [error] [exception.CHttpException.404] exception 'CHttpException' with message 'Unable to resolve the request "revista/admin".' in C:\xampp\htdocs\topicos\framework\web\CWebApplication.php:286
Stack trace:
#0 C:\xampp\htdocs\topicos\framework\web\CWebApplication.php(141): CWebApplication->runController('revista/admin')
#1 C:\xampp\htdocs\topicos\framework\base\CApplication.php(184): CWebApplication->processRequest()
#2 C:\xampp\htdocs\topicos\06030450\revista\index.php(13): CApplication->run()
#3 {main}
REQUEST_URI=/topicos/06030450/revista/?r=revista/admin
HTTP_REFERER=http://localhost/topicos/06030450/revista/?r=articulo/agregar
---
2015/02/19 00:20:10 [error] [exception.CHttpException.404] exception 'CHttpException' with message 'Unable to resolve the request "revista/admin".' in C:\xampp\htdocs\topicos\framework\web\CWebApplication.php:286
Stack trace:
#0 C:\xampp\htdocs\topicos\framework\web\CWebApplication.php(141): CWebApplication->runController('revista/admin')
#1 C:\xampp\htdocs\topicos\framework\base\CApplication.php(184): CWebApplication->processRequest()
#2 C:\xampp\htdocs\topicos\06030450\revista\index.php(13): CApplication->run()
#3 {main}
REQUEST_URI=/topicos/06030450/revista/?r=revista/admin
HTTP_REFERER=http://localhost/topicos/06030450/revista/?r=articulo/agregar
---
2015/02/19 00:26:01 [error] [exception.CHttpException.404] exception 'CHttpException' with message 'Unable to resolve the request "ator/admin".' in C:\xampp\htdocs\topicos\framework\web\CWebApplication.php:286
Stack trace:
#0 C:\xampp\htdocs\topicos\framework\web\CWebApplication.php(141): CWebApplication->runController('ator/admin')
#1 C:\xampp\htdocs\topicos\framework\base\CApplication.php(184): CWebApplication->processRequest()
#2 C:\xampp\htdocs\topicos\06030450\revista\index.php(13): CApplication->run()
#3 {main}
REQUEST_URI=/topicos/06030450/revista/index.php?r=ator/admin
HTTP_REFERER=http://localhost/topicos/06030450/revista/index.php?r=autor/admin
---
2015/02/19 00:26:11 [error] [exception.CHttpException.404] exception 'CHttpException' with message 'Unable to resolve the request "ator/admin".' in C:\xampp\htdocs\topicos\framework\web\CWebApplication.php:286
Stack trace:
#0 C:\xampp\htdocs\topicos\framework\web\CWebApplication.php(141): CWebApplication->runController('ator/admin')
#1 C:\xampp\htdocs\topicos\framework\base\CApplication.php(184): CWebApplication->processRequest()
#2 C:\xampp\htdocs\topicos\06030450\revista\index.php(13): CApplication->run()
#3 {main}
REQUEST_URI=/topicos/06030450/revista/index.php?r=ator/admin
HTTP_REFERER=http://localhost/topicos/06030450/revista/index.php?r=autor/admin
---
2015/02/21 00:18:28 [error] [exception.CHttpException.404] exception 'CHttpException' with message 'The system is unable to find the requested action "agregar".' in C:\xampp\htdocs\topicos\framework\web\CController.php:483
Stack trace:
#0 C:\xampp\htdocs\topicos\framework\web\CController.php(270): CController->missingAction('agregar')
#1 C:\xampp\htdocs\topicos\framework\web\CWebApplication.php(282): CController->run('agregar')
#2 C:\xampp\htdocs\topicos\framework\web\CWebApplication.php(141): CWebApplication->runController('articulo/agrega...')
#3 C:\xampp\htdocs\topicos\framework\base\CApplication.php(184): CWebApplication->processRequest()
#4 C:\xampp\htdocs\topicos\06030450\revista\index.php(13): CApplication->run()
#5 {main}
REQUEST_URI=/topicos/06030450/revista/?r=articulo/agregar
HTTP_REFERER=http://localhost/topicos/06030450/revista/
---
2015/02/21 00:56:04 [error] [php] Undefined variable: modelStatusa (C:\xampp\htdocs\topicos\06030450\revista\protected\views\articulo\_form.php:68)
Stack trace:
#0 C:\xampp\htdocs\topicos\framework\web\CController.php(869): ArticuloController->renderFile()
#1 C:\xampp\htdocs\topicos\06030450\revista\protected\views\articulo\create.php(19): ArticuloController->renderPartial()
#2 C:\xampp\htdocs\topicos\framework\web\CBaseController.php(126): require()
#3 C:\xampp\htdocs\topicos\framework\web\CBaseController.php(95): ArticuloController->renderInternal()
#4 C:\xampp\htdocs\topicos\framework\web\CController.php(869): ArticuloController->renderFile()
#5 C:\xampp\htdocs\topicos\framework\web\CController.php(782): ArticuloController->renderPartial()
#6 C:\xampp\htdocs\topicos\06030450\revista\protected\controllers\ArticuloController.php(81): ArticuloController->render()
#7 C:\xampp\htdocs\topicos\framework\web\actions\CInlineAction.php(49): ArticuloController->actionCreate()
#8 C:\xampp\htdocs\topicos\framework\web\CController.php(308): CInlineAction->runWithParams()
#9 C:\xampp\htdocs\topicos\framework\web\filters\CFilterChain.php(133): ArticuloController->runAction()
#10 C:\xampp\htdocs\topicos\framework\web\filters\CFilter.php(40): CFilterChain->run()
#11 C:\xampp\htdocs\topicos\framework\web\CController.php(1145): CAccessControlFilter->filter()
#12 C:\xampp\htdocs\topicos\framework\web\filters\CInlineFilter.php(58): ArticuloController->filterAccessControl()
#13 C:\xampp\htdocs\topicos\framework\web\filters\CFilterChain.php(130): CInlineFilter->filter()
#14 C:\xampp\htdocs\topicos\framework\web\CController.php(291): CFilterChain->run()
#15 C:\xampp\htdocs\topicos\framework\web\CController.php(265): ArticuloController->runActionWithFilters()
#16 C:\xampp\htdocs\topicos\framework\web\CWebApplication.php(282): ArticuloController->run()
#17 C:\xampp\htdocs\topicos\framework\web\CWebApplication.php(141): CWebApplication->runController()
#18 C:\xampp\htdocs\topicos\framework\base\CApplication.php(184): CWebApplication->processRequest()
#19 C:\xampp\htdocs\topicos\06030450\revista\index.php(13): CWebApplication->run()
REQUEST_URI=/topicos/06030450/revista/index.php?r=articulo/create
in C:\xampp\htdocs\topicos\06030450\revista\protected\views\articulo\_form.php (68)
in C:\xampp\htdocs\topicos\06030450\revista\protected\views\articulo\create.php (19)
in C:\xampp\htdocs\topicos\06030450\revista\protected\controllers\ArticuloController.php (81)
2015/02/21 00:57:26 [error] [php] Undefined variable: modelStatusa (C:\xampp\htdocs\topicos\06030450\revista\protected\views\articulo\_form.php:68)
Stack trace:
#0 C:\xampp\htdocs\topicos\framework\web\CController.php(869): ArticuloController->renderFile()
#1 C:\xampp\htdocs\topicos\06030450\revista\protected\views\articulo\create.php(19): ArticuloController->renderPartial()
#2 C:\xampp\htdocs\topicos\framework\web\CBaseController.php(126): require()
#3 C:\xampp\htdocs\topicos\framework\web\CBaseController.php(95): ArticuloController->renderInternal()
#4 C:\xampp\htdocs\topicos\framework\web\CController.php(869): ArticuloController->renderFile()
#5 C:\xampp\htdocs\topicos\framework\web\CController.php(782): ArticuloController->renderPartial()
#6 C:\xampp\htdocs\topicos\06030450\revista\protected\controllers\ArticuloController.php(81): ArticuloController->render()
#7 C:\xampp\htdocs\topicos\framework\web\actions\CInlineAction.php(49): ArticuloController->actionCreate()
#8 C:\xampp\htdocs\topicos\framework\web\CController.php(308): CInlineAction->runWithParams()
#9 C:\xampp\htdocs\topicos\framework\web\filters\CFilterChain.php(133): ArticuloController->runAction()
#10 C:\xampp\htdocs\topicos\framework\web\filters\CFilter.php(40): CFilterChain->run()
#11 C:\xampp\htdocs\topicos\framework\web\CController.php(1145): CAccessControlFilter->filter()
#12 C:\xampp\htdocs\topicos\framework\web\filters\CInlineFilter.php(58): ArticuloController->filterAccessControl()
#13 C:\xampp\htdocs\topicos\framework\web\filters\CFilterChain.php(130): CInlineFilter->filter()
#14 C:\xampp\htdocs\topicos\framework\web\CController.php(291): CFilterChain->run()
#15 C:\xampp\htdocs\topicos\framework\web\CController.php(265): ArticuloController->runActionWithFilters()
#16 C:\xampp\htdocs\topicos\framework\web\CWebApplication.php(282): ArticuloController->run()
#17 C:\xampp\htdocs\topicos\framework\web\CWebApplication.php(141): CWebApplication->runController()
#18 C:\xampp\htdocs\topicos\framework\base\CApplication.php(184): CWebApplication->processRequest()
#19 C:\xampp\htdocs\topicos\06030450\revista\index-test.php(15): CWebApplication->run()
REQUEST_URI=/topicos/06030450/revista/index-test.php?r=articulo/create
2015/02/21 00:58:23 [error] [php] Undefined variable: modelStatusa (C:\xampp\htdocs\topicos\06030450\revista\protected\views\articulo\_form.php:68)
Stack trace:
#0 C:\xampp\htdocs\topicos\framework\web\CController.php(869): ArticuloController->renderFile()
#1 C:\xampp\htdocs\topicos\06030450\revista\protected\views\articulo\create.php(19): ArticuloController->renderPartial()
#2 C:\xampp\htdocs\topicos\framework\web\CBaseController.php(126): require()
#3 C:\xampp\htdocs\topicos\framework\web\CBaseController.php(95): ArticuloController->renderInternal()
#4 C:\xampp\htdocs\topicos\framework\web\CController.php(869): ArticuloController->renderFile()
#5 C:\xampp\htdocs\topicos\framework\web\CController.php(782): ArticuloController->renderPartial()
#6 C:\xampp\htdocs\topicos\06030450\revista\protected\controllers\ArticuloController.php(81): ArticuloController->render()
#7 C:\xampp\htdocs\topicos\framework\web\actions\CInlineAction.php(49): ArticuloController->actionCreate()
#8 C:\xampp\htdocs\topicos\framework\web\CController.php(308): CInlineAction->runWithParams()
#9 C:\xampp\htdocs\topicos\framework\web\filters\CFilterChain.php(133): ArticuloController->runAction()
#10 C:\xampp\htdocs\topicos\framework\web\filters\CFilter.php(40): CFilterChain->run()
#11 C:\xampp\htdocs\topicos\framework\web\CController.php(1145): CAccessControlFilter->filter()
#12 C:\xampp\htdocs\topicos\framework\web\filters\CInlineFilter.php(58): ArticuloController->filterAccessControl()
#13 C:\xampp\htdocs\topicos\framework\web\filters\CFilterChain.php(130): CInlineFilter->filter()
#14 C:\xampp\htdocs\topicos\framework\web\CController.php(291): CFilterChain->run()
#15 C:\xampp\htdocs\topicos\framework\web\CController.php(265): ArticuloController->runActionWithFilters()
#16 C:\xampp\htdocs\topicos\framework\web\CWebApplication.php(282): ArticuloController->run()
#17 C:\xampp\htdocs\topicos\framework\web\CWebApplication.php(141): CWebApplication->runController()
#18 C:\xampp\htdocs\topicos\framework\base\CApplication.php(184): CWebApplication->processRequest()
#19 C:\xampp\htdocs\topicos\06030450\revista\index-test.php(15): CWebApplication->run()
REQUEST_URI=/topicos/06030450/revista/index-test.php?r=articulo/create
2015/02/28 00:17:34 [error] [exception.CHttpException.404] exception 'CHttpException' with message 'The system is unable to find the requested action "agregar".' in C:\xampp\htdocs\topicos\framework\web\CController.php:483
Stack trace:
#0 C:\xampp\htdocs\topicos\framework\web\CController.php(270): CController->missingAction('agregar')
#1 C:\xampp\htdocs\topicos\framework\web\CWebApplication.php(282): CController->run('agregar')
#2 C:\xampp\htdocs\topicos\framework\web\CWebApplication.php(141): CWebApplication->runController('articulo/agrega...')
#3 C:\xampp\htdocs\topicos\framework\base\CApplication.php(184): CWebApplication->processRequest()
#4 C:\xampp\htdocs\topicos\06030450\revista\index.php(13): CApplication->run()
#5 {main}
REQUEST_URI=/topicos/06030450/revista/?r=articulo/agregar
HTTP_REFERER=http://localhost/topicos/06030450/revista/
---
2015/02/28 00:17:37 [error] [exception.CHttpException.404] exception 'CHttpException' with message 'The system is unable to find the requested action "agregar".' in C:\xampp\htdocs\topicos\framework\web\CController.php:483
Stack trace:
#0 C:\xampp\htdocs\topicos\framework\web\CController.php(270): CController->missingAction('agregar')
#1 C:\xampp\htdocs\topicos\framework\web\CWebApplication.php(282): CController->run('agregar')
#2 C:\xampp\htdocs\topicos\framework\web\CWebApplication.php(141): CWebApplication->runController('articulo/agrega...')
#3 C:\xampp\htdocs\topicos\framework\base\CApplication.php(184): CWebApplication->processRequest()
#4 C:\xampp\htdocs\topicos\06030450\revista\index.php(13): CApplication->run()
#5 {main}
REQUEST_URI=/topicos/06030450/revista/index.php?r=articulo/agregar
HTTP_REFERER=http://localhost/topicos/06030450/revista/index.php?r=site/login
---
2015/02/28 00:28:05 [error] [exception.CHttpException.404] exception 'CHttpException' with message 'The system is unable to find the requested action "agregar".' in C:\xampp\htdocs\topicos\framework\web\CController.php:483
Stack trace:
#0 C:\xampp\htdocs\topicos\framework\web\CController.php(270): CController->missingAction('agregar')
#1 C:\xampp\htdocs\topicos\framework\web\CWebApplication.php(282): CController->run('agregar')
#2 C:\xampp\htdocs\topicos\framework\web\CWebApplication.php(141): CWebApplication->runController('articulo/agrega...')
#3 C:\xampp\htdocs\topicos\framework\base\CApplication.php(184): CWebApplication->processRequest()
#4 C:\xampp\htdocs\topicos\06030450\revista\index.php(13): CApplication->run()
#5 {main}
REQUEST_URI=/topicos/06030450/revista/?r=articulo/agregar
HTTP_REFERER=http://localhost/topicos/06030450/revista/
---
2015/02/28 00:28:21 [error] [exception.CDbException] exception 'CDbException' with message 'CDbConnection failed to open the DB connection: SQLSTATE[HY000] [1045] Access denied for user 'revista'@'localhost' (using password: YES)' in C:\xampp\htdocs\topicos\framework\db\CDbConnection.php:399
Stack trace:
#0 C:\xampp\htdocs\topicos\framework\db\CDbConnection.php(347): CDbConnection->open()
#1 C:\xampp\htdocs\topicos\framework\db\CDbConnection.php(325): CDbConnection->setActive(true)
#2 C:\xampp\htdocs\topicos\framework\base\CModule.php(394): CDbConnection->init()
#3 C:\xampp\htdocs\topicos\framework\base\CApplication.php(458): CModule->getComponent('db')
#4 C:\xampp\htdocs\topicos\framework\db\ar\CActiveRecord.php(637): CApplication->getDb()
#5 C:\xampp\htdocs\topicos\framework\db\ar\CActiveRecord.php(2384): CActiveRecord->getDbConnection()
#6 C:\xampp\htdocs\topicos\framework\db\ar\CActiveRecord.php(411): CActiveRecordMetaData->__construct(Object(Articulo))
#7 C:\xampp\htdocs\topicos\framework\db\ar\CActiveRecord.php(79): CActiveRecord->getMetaData()
#8 C:\xampp\htdocs\topicos\06030450\revista\protected\controllers\ArticuloController.php(65): CActiveRecord->__construct()
#9 C:\xampp\htdocs\topicos\framework\web\actions\CInlineAction.php(49): ArticuloController->actionCreate()
#10 C:\xampp\htdocs\topicos\framework\web\CController.php(308): CInlineAction->runWithParams(Array)
#11 C:\xampp\htdocs\topicos\framework\web\filters\CFilterChain.php(133): CController->runAction(Object(CInlineAction))
#12 C:\xampp\htdocs\topicos\framework\web\filters\CFilter.php(40): CFilterChain->run()
#13 C:\xampp\htdocs\topicos\framework\web\CController.php(1145): CFilter->filter(Object(CFilterChain))
#14 C:\xampp\htdocs\topicos\framework\web\filters\CInlineFilter.php(58): CController->filterAccessControl(Object(CFilterChain))
#15 C:\xampp\htdocs\topicos\framework\web\filters\CFilterChain.php(130): CInlineFilter->filter(Object(CFilterChain))
#16 C:\xampp\htdocs\topicos\framework\web\CController.php(291): CFilterChain->run()
#17 C:\xampp\htdocs\topicos\framework\web\CController.php(265): CController->runActionWithFilters(Object(CInlineAction), Array)
#18 C:\xampp\htdocs\topicos\framework\web\CWebApplication.php(282): CController->run('create')
#19 C:\xampp\htdocs\topicos\framework\web\CWebApplication.php(141): CWebApplication->runController('articulo/create')
#20 C:\xampp\htdocs\topicos\framework\base\CApplication.php(184): CWebApplication->processRequest()
#21 C:\xampp\htdocs\topicos\06030450\revista\index.php(13): CApplication->run()
#22 {main}
REQUEST_URI=/topicos/06030450/revista/?r=articulo/create
HTTP_REFERER=http://localhost/topicos/06030450/revista/index.php?r=site/login
---
2015/02/28 00:31:01 [error] [exception.CDbException] exception 'CDbException' with message 'CDbConnection failed to open the DB connection: SQLSTATE[HY000] [1044] Access denied for user 'revista'@'localhost' to database 'revista'' in C:\xampp\htdocs\topicos\framework\db\CDbConnection.php:399
Stack trace:
#0 C:\xampp\htdocs\topicos\framework\db\CDbConnection.php(347): CDbConnection->open()
#1 C:\xampp\htdocs\topicos\framework\db\CDbConnection.php(325): CDbConnection->setActive(true)
#2 C:\xampp\htdocs\topicos\framework\base\CModule.php(394): CDbConnection->init()
#3 C:\xampp\htdocs\topicos\framework\base\CApplication.php(458): CModule->getComponent('db')
#4 C:\xampp\htdocs\topicos\framework\db\ar\CActiveRecord.php(637): CApplication->getDb()
#5 C:\xampp\htdocs\topicos\framework\db\ar\CActiveRecord.php(2384): CActiveRecord->getDbConnection()
#6 C:\xampp\htdocs\topicos\framework\db\ar\CActiveRecord.php(411): CActiveRecordMetaData->__construct(Object(Articulo))
#7 C:\xampp\htdocs\topicos\framework\db\ar\CActiveRecord.php(79): CActiveRecord->getMetaData()
#8 C:\xampp\htdocs\topicos\06030450\revista\protected\controllers\ArticuloController.php(65): CActiveRecord->__construct()
#9 C:\xampp\htdocs\topicos\framework\web\actions\CInlineAction.php(49): ArticuloController->actionCreate()
#10 C:\xampp\htdocs\topicos\framework\web\CController.php(308): CInlineAction->runWithParams(Array)
#11 C:\xampp\htdocs\topicos\framework\web\filters\CFilterChain.php(133): CController->runAction(Object(CInlineAction))
#12 C:\xampp\htdocs\topicos\framework\web\filters\CFilter.php(40): CFilterChain->run()
#13 C:\xampp\htdocs\topicos\framework\web\CController.php(1145): CFilter->filter(Object(CFilterChain))
#14 C:\xampp\htdocs\topicos\framework\web\filters\CInlineFilter.php(58): CController->filterAccessControl(Object(CFilterChain))
#15 C:\xampp\htdocs\topicos\framework\web\filters\CFilterChain.php(130): CInlineFilter->filter(Object(CFilterChain))
#16 C:\xampp\htdocs\topicos\framework\web\CController.php(291): CFilterChain->run()
#17 C:\xampp\htdocs\topicos\framework\web\CController.php(265): CController->runActionWithFilters(Object(CInlineAction), Array)
#18 C:\xampp\htdocs\topicos\framework\web\CWebApplication.php(282): CController->run('create')
#19 C:\xampp\htdocs\topicos\framework\web\CWebApplication.php(141): CWebApplication->runController('articulo/create')
#20 C:\xampp\htdocs\topicos\framework\base\CApplication.php(184): CWebApplication->processRequest()
#21 C:\xampp\htdocs\topicos\06030450\revista\index.php(13): CApplication->run()
#22 {main}
REQUEST_URI=/topicos/06030450/revista/?r=articulo/create
HTTP_REFERER=http://localhost/topicos/06030450/revista/index.php?r=site/login
---
2015/02/28 00:31:02 [error] [exception.CDbException] exception 'CDbException' with message 'CDbConnection failed to open the DB connection: SQLSTATE[HY000] [1044] Access denied for user 'revista'@'localhost' to database 'revista'' in C:\xampp\htdocs\topicos\framework\db\CDbConnection.php:399
Stack trace:
#0 C:\xampp\htdocs\topicos\framework\db\CDbConnection.php(347): CDbConnection->open()
#1 C:\xampp\htdocs\topicos\framework\db\CDbConnection.php(325): CDbConnection->setActive(true)
#2 C:\xampp\htdocs\topicos\framework\base\CModule.php(394): CDbConnection->init()
#3 C:\xampp\htdocs\topicos\framework\base\CApplication.php(458): CModule->getComponent('db')
#4 C:\xampp\htdocs\topicos\framework\db\ar\CActiveRecord.php(637): CApplication->getDb()
#5 C:\xampp\htdocs\topicos\framework\db\ar\CActiveRecord.php(2384): CActiveRecord->getDbConnection()
#6 C:\xampp\htdocs\topicos\framework\db\ar\CActiveRecord.php(411): CActiveRecordMetaData->__construct(Object(Articulo))
#7 C:\xampp\htdocs\topicos\framework\db\ar\CActiveRecord.php(79): CActiveRecord->getMetaData()
#8 C:\xampp\htdocs\topicos\06030450\revista\protected\controllers\ArticuloController.php(65): CActiveRecord->__construct()
#9 C:\xampp\htdocs\topicos\framework\web\actions\CInlineAction.php(49): ArticuloController->actionCreate()
#10 C:\xampp\htdocs\topicos\framework\web\CController.php(308): CInlineAction->runWithParams(Array)
#11 C:\xampp\htdocs\topicos\framework\web\filters\CFilterChain.php(133): CController->runAction(Object(CInlineAction))
#12 C:\xampp\htdocs\topicos\framework\web\filters\CFilter.php(40): CFilterChain->run()
#13 C:\xampp\htdocs\topicos\framework\web\CController.php(1145): CFilter->filter(Object(CFilterChain))
#14 C:\xampp\htdocs\topicos\framework\web\filters\CInlineFilter.php(58): CController->filterAccessControl(Object(CFilterChain))
#15 C:\xampp\htdocs\topicos\framework\web\filters\CFilterChain.php(130): CInlineFilter->filter(Object(CFilterChain))
#16 C:\xampp\htdocs\topicos\framework\web\CController.php(291): CFilterChain->run()
#17 C:\xampp\htdocs\topicos\framework\web\CController.php(265): CController->runActionWithFilters(Object(CInlineAction), Array)
#18 C:\xampp\htdocs\topicos\framework\web\CWebApplication.php(282): CController->run('create')
#19 C:\xampp\htdocs\topicos\framework\web\CWebApplication.php(141): CWebApplication->runController('articulo/create')
#20 C:\xampp\htdocs\topicos\framework\base\CApplication.php(184): CWebApplication->processRequest()
#21 C:\xampp\htdocs\topicos\06030450\revista\index.php(13): CApplication->run()
#22 {main}
REQUEST_URI=/topicos/06030450/revista/?r=articulo/create
HTTP_REFERER=http://localhost/topicos/06030450/revista/index.php?r=site/login
---
2015/02/28 00:40:49 [error] [exception.CHttpException.404] exception 'CHttpException' with message 'The system is unable to find the requested action "agregar".' in C:\xampp\htdocs\topicos\framework\web\CController.php:483
Stack trace:
#0 C:\xampp\htdocs\topicos\framework\web\CController.php(270): CController->missingAction('agregar')
#1 C:\xampp\htdocs\topicos\framework\web\CWebApplication.php(282): CController->run('agregar')
#2 C:\xampp\htdocs\topicos\framework\web\CWebApplication.php(141): CWebApplication->runController('articulo/agrega...')
#3 C:\xampp\htdocs\topicos\framework\base\CApplication.php(184): CWebApplication->processRequest()
#4 C:\xampp\htdocs\topicos\06030450\revista\index.php(13): CApplication->run()
#5 {main}
REQUEST_URI=/topicos/06030450/revista/?r=articulo/agregar
HTTP_REFERER=http://localhost/topicos/06030450/revista/?r=articulo/create
---
2015/02/28 00:52:26 [error] [exception.CException] exception 'CException' with message 'Alias "zii.widget.jui.CJuiDatePicker" is invalid. Make sure it points to an existing PHP file and the file is readable.' in C:\xampp\htdocs\topicos\framework\YiiBase.php:323
Stack trace:
#0 C:\xampp\htdocs\topicos\framework\web\CWidgetFactory.php(146): YiiBase::import('zii.widget.jui....', true)
#1 C:\xampp\htdocs\topicos\framework\web\CBaseController.php(146): CWidgetFactory->createWidget(Object(RevistaController), 'zii.widget.jui....', Array)
#2 C:\xampp\htdocs\topicos\framework\web\CBaseController.php(168): CBaseController->createWidget('zii.widget.jui....', Array)
#3 C:\xampp\htdocs\topicos\06030450\revista\protected\views\revista\_form.php(46): CBaseController->widget('zii.widget.jui....', Array, true)
#4 C:\xampp\htdocs\topicos\framework\web\CBaseController.php(126): require('C:\\xampp\\htdocs...')
#5 C:\xampp\htdocs\topicos\framework\web\CBaseController.php(95): CBaseController->renderInternal('C:\\xampp\\htdocs...', Array, true)
#6 C:\xampp\htdocs\topicos\framework\web\CController.php(869): CBaseController->renderFile('C:\\xampp\\htdocs...', Array, true)
#7 C:\xampp\htdocs\topicos\06030450\revista\protected\views\revista\create.php(18): CController->renderPartial('_form', Array)
#8 C:\xampp\htdocs\topicos\framework\web\CBaseController.php(126): require('C:\\xampp\\htdocs...')
#9 C:\xampp\htdocs\topicos\framework\web\CBaseController.php(95): CBaseController->renderInternal('C:\\xampp\\htdocs...', Array, true)
#10 C:\xampp\htdocs\topicos\framework\web\CController.php(869): CBaseController->renderFile('C:\\xampp\\htdocs...', Array, true)
#11 C:\xampp\htdocs\topicos\framework\web\CController.php(782): CController->renderPartial('create', Array, true)
#12 C:\xampp\htdocs\topicos\06030450\revista\protected\controllers\RevistaController.php(79): CController->render('create', Array)
#13 C:\xampp\htdocs\topicos\framework\web\actions\CInlineAction.php(49): RevistaController->actionCreate()
#14 C:\xampp\htdocs\topicos\framework\web\CController.php(308): CInlineAction->runWithParams(Array)
#15 C:\xampp\htdocs\topicos\framework\web\filters\CFilterChain.php(133): CController->runAction(Object(CInlineAction))
#16 C:\xampp\htdocs\topicos\framework\web\filters\CFilter.php(40): CFilterChain->run()
#17 C:\xampp\htdocs\topicos\framework\web\CController.php(1145): CFilter->filter(Object(CFilterChain))
#18 C:\xampp\htdocs\topicos\framework\web\filters\CInlineFilter.php(58): CController->filterAccessControl(Object(CFilterChain))
#19 C:\xampp\htdocs\topicos\framework\web\filters\CFilterChain.php(130): CInlineFilter->filter(Object(CFilterChain))
#20 C:\xampp\htdocs\topicos\framework\web\CController.php(291): CFilterChain->run()
#21 C:\xampp\htdocs\topicos\framework\web\CController.php(265): CController->runActionWithFilters(Object(CInlineAction), Array)
#22 C:\xampp\htdocs\topicos\framework\web\CWebApplication.php(282): CController->run('create')
#23 C:\xampp\htdocs\topicos\framework\web\CWebApplication.php(141): CWebApplication->runController('revista/create')
#24 C:\xampp\htdocs\topicos\framework\base\CApplication.php(184): CWebApplication->processRequest()
#25 C:\xampp\htdocs\topicos\06030450\revista\index.php(13): CApplication->run()
#26 {main}
REQUEST_URI=/topicos/06030450/revista/index.php?r=revista/create
HTTP_REFERER=http://localhost/topicos/06030450/revista/?r=revista/admin
---
2015/02/28 01:19:38 [error] [exception.CHttpException.404] exception 'CHttpException' with message 'The system is unable to find the requested action "agregar".' in C:\xampp\htdocs\topicos\framework\web\CController.php:483
Stack trace:
#0 C:\xampp\htdocs\topicos\framework\web\CController.php(270): CController->missingAction('agregar')
#1 C:\xampp\htdocs\topicos\framework\web\CWebApplication.php(282): CController->run('agregar')
#2 C:\xampp\htdocs\topicos\framework\web\CWebApplication.php(141): CWebApplication->runController('articulo/agrega...')
#3 C:\xampp\htdocs\topicos\framework\base\CApplication.php(184): CWebApplication->processRequest()
#4 C:\xampp\htdocs\topicos\06030450\revista\index.php(13): CApplication->run()
#5 {main}
REQUEST_URI=/topicos/06030450/revista/index.php?r=articulo/agregar
HTTP_REFERER=http://localhost/topicos/06030450/revista/index.php?r=revista/create
---
2015/02/28 01:29:05 [error] [php] require(): Filename cannot be empty (C:\xampp\htdocs\topicos\framework\web\CBaseController.php:130)
Stack trace:
#0 C:\xampp\htdocs\topicos\framework\zii\widgets\CListView.php(291): SiteController->renderFile()
#1 C:\xampp\htdocs\topicos\framework\zii\widgets\CBaseListView.php(181): CListView->renderItems()
#2 unknown(0): CListView->renderSection()
#3 C:\xampp\htdocs\topicos\framework\zii\widgets\CBaseListView.php(164): preg_replace_callback()
#4 C:\xampp\htdocs\topicos\framework\zii\widgets\CBaseListView.php(149): CListView->renderContent()
#5 C:\xampp\htdocs\topicos\framework\web\CBaseController.php(181): CListView->run()
#6 C:\xampp\htdocs\topicos\06030450\revista\protected\views\site\index.php(9): SiteController->widget()
#7 C:\xampp\htdocs\topicos\framework\web\CBaseController.php(126): require()
#8 C:\xampp\htdocs\topicos\framework\web\CBaseController.php(95): SiteController->renderInternal()
#9 C:\xampp\htdocs\topicos\framework\web\CController.php(869): SiteController->renderFile()
#10 C:\xampp\htdocs\topicos\framework\web\CController.php(782): SiteController->renderPartial()
#11 C:\xampp\htdocs\topicos\06030450\revista\protected\controllers\SiteController.php(39): SiteController->render()
#12 C:\xampp\htdocs\topicos\framework\web\actions\CInlineAction.php(49): SiteController->actionIndex()
#13 C:\xampp\htdocs\topicos\framework\web\CController.php(308): CInlineAction->runWithParams()
#14 C:\xampp\htdocs\topicos\framework\web\CController.php(286): SiteController->runAction()
#15 C:\xampp\htdocs\topicos\framework\web\CController.php(265): SiteController->runActionWithFilters()
#16 C:\xampp\htdocs\topicos\framework\web\CWebApplication.php(282): SiteController->run()
#17 C:\xampp\htdocs\topicos\framework\web\CWebApplication.php(141): CWebApplication->runController()
#18 C:\xampp\htdocs\topicos\framework\base\CApplication.php(184): CWebApplication->processRequest()
#19 C:\xampp\htdocs\topicos\06030450\revista\index.php(13): CWebApplication->run()
REQUEST_URI=/topicos/06030450/revista/index.php?r=site/index
in C:\xampp\htdocs\topicos\06030450\revista\protected\views\site\index.php (9)
in C:\xampp\htdocs\topicos\06030450\revista\protected\controllers\SiteController.php (39)
in C:\xampp\htdocs\topicos\06030450\revista\index.php (13)
2015/02/28 01:33:47 [error] [exception.CHttpException.404] exception 'CHttpException' with message 'The system is unable to find the requested action "agregar".' in C:\xampp\htdocs\topicos\framework\web\CController.php:483
Stack trace:
#0 C:\xampp\htdocs\topicos\framework\web\CController.php(270): CController->missingAction('agregar')
#1 C:\xampp\htdocs\topicos\framework\web\CWebApplication.php(282): CController->run('agregar')
#2 C:\xampp\htdocs\topicos\framework\web\CWebApplication.php(141): CWebApplication->runController('articulo/agrega...')
#3 C:\xampp\htdocs\topicos\framework\base\CApplication.php(184): CWebApplication->processRequest()
#4 C:\xampp\htdocs\topicos\06030450\revista\index.php(13): CApplication->run()
#5 {main}
REQUEST_URI=/topicos/06030450/revista/index.php?r=articulo/agregar
HTTP_REFERER=http://localhost/topicos/06030450/revista/index.php?r=site/index
---
2015/03/01 00:11:26 [error] [exception.CDbException] exception 'CDbException' with message 'CDbConnection failed to open the DB connection: SQLSTATE[HY000] [1045] Access denied for user 'revista'@'localhost' (using password: YES)' in C:\xampp\htdocs\topicosweb\framework\db\CDbConnection.php:399
Stack trace:
#0 C:\xampp\htdocs\topicosweb\framework\db\CDbConnection.php(347): CDbConnection->open()
#1 C:\xampp\htdocs\topicosweb\framework\db\CDbConnection.php(325): CDbConnection->setActive(true)
#2 C:\xampp\htdocs\topicosweb\framework\base\CModule.php(394): CDbConnection->init()
#3 C:\xampp\htdocs\topicosweb\framework\base\CApplication.php(458): CModule->getComponent('db')
#4 C:\xampp\htdocs\topicosweb\framework\db\ar\CActiveRecord.php(637): CApplication->getDb()
#5 C:\xampp\htdocs\topicosweb\framework\db\ar\CActiveRecord.php(670): CActiveRecord->getDbConnection()
#6 C:\xampp\htdocs\topicosweb\framework\db\ar\CActiveRecord.php(1601): CActiveRecord->getCommandBuilder()
#7 C:\xampp\htdocs\topicosweb\framework\web\CActiveDataProvider.php(228): CActiveRecord->count(Object(CDbCriteria))
#8 C:\xampp\htdocs\topicosweb\framework\web\CDataProvider.php(224): CActiveDataProvider->calculateTotalItemCount()
#9 C:\xampp\htdocs\topicosweb\framework\web\CActiveDataProvider.php(178): CDataProvider->getTotalItemCount()
#10 C:\xampp\htdocs\topicosweb\framework\web\CDataProvider.php(168): CActiveDataProvider->fetchData()
#11 C:\xampp\htdocs\topicosweb\framework\zii\widgets\CBaseListView.php(125): CDataProvider->getData()
#12 C:\xampp\htdocs\topicosweb\framework\zii\widgets\CListView.php(211): CBaseListView->init()
#13 C:\xampp\htdocs\topicosweb\framework\web\CBaseController.php(147): CListView->init()
#14 C:\xampp\htdocs\topicosweb\framework\web\CBaseController.php(180): CBaseController->createWidget('zii.widgets.CLi...', Array)
#15 C:\xampp\htdocs\topicosweb\06030450\revista\protected\views\site\index.php(8): CBaseController->widget('zii.widgets.CLi...', Array)
#16 C:\xampp\htdocs\topicosweb\framework\web\CBaseController.php(126): require('C:\\xampp\\htdocs...')
#17 C:\xampp\htdocs\topicosweb\framework\web\CBaseController.php(95): CBaseController->renderInternal('C:\\xampp\\htdocs...', Array, true)
#18 C:\xampp\htdocs\topicosweb\framework\web\CController.php(869): CBaseController->renderFile('C:\\xampp\\htdocs...', Array, true)
#19 C:\xampp\htdocs\topicosweb\framework\web\CController.php(782): CController->renderPartial('index', Array, true)
#20 C:\xampp\htdocs\topicosweb\06030450\revista\protected\controllers\SiteController.php(39): CController->render('index', Array)
#21 C:\xampp\htdocs\topicosweb\framework\web\actions\CInlineAction.php(49): SiteController->actionIndex()
#22 C:\xampp\htdocs\topicosweb\framework\web\CController.php(308): CInlineAction->runWithParams(Array)
#23 C:\xampp\htdocs\topicosweb\framework\web\CController.php(286): CController->runAction(Object(CInlineAction))
#24 C:\xampp\htdocs\topicosweb\framework\web\CController.php(265): CController->runActionWithFilters(Object(CInlineAction), Array)
#25 C:\xampp\htdocs\topicosweb\framework\web\CWebApplication.php(282): CController->run('')
#26 C:\xampp\htdocs\topicosweb\framework\web\CWebApplication.php(141): CWebApplication->runController('')
#27 C:\xampp\htdocs\topicosweb\framework\base\CApplication.php(184): CWebApplication->processRequest()
#28 C:\xampp\htdocs\topicosweb\06030450\revista\index.php(13): CApplication->run()
#29 {main}
REQUEST_URI=/topicosweb/06030450/revista/
---
2015/03/04 07:44:43 [error] [exception.CDbException] exception 'CDbException' with message 'CDbConnection failed to open the DB connection: SQLSTATE[HY000] [1045] Access denied for user 'revista'@'localhost' (using password: YES)' in C:\xampp\htdocs\topicosweb\framework\db\CDbConnection.php:399
Stack trace:
#0 C:\xampp\htdocs\topicosweb\framework\db\CDbConnection.php(347): CDbConnection->open()
#1 C:\xampp\htdocs\topicosweb\framework\db\CDbConnection.php(325): CDbConnection->setActive(true)
#2 C:\xampp\htdocs\topicosweb\framework\base\CModule.php(394): CDbConnection->init()
#3 C:\xampp\htdocs\topicosweb\framework\base\CApplication.php(458): CModule->getComponent('db')
#4 C:\xampp\htdocs\topicosweb\framework\db\ar\CActiveRecord.php(637): CApplication->getDb()
#5 C:\xampp\htdocs\topicosweb\framework\db\ar\CActiveRecord.php(670): CActiveRecord->getDbConnection()
#6 C:\xampp\htdocs\topicosweb\framework\db\ar\CActiveRecord.php(1601): CActiveRecord->getCommandBuilder()
#7 C:\xampp\htdocs\topicosweb\framework\web\CActiveDataProvider.php(228): CActiveRecord->count(Object(CDbCriteria))
#8 C:\xampp\htdocs\topicosweb\framework\web\CDataProvider.php(224): CActiveDataProvider->calculateTotalItemCount()
#9 C:\xampp\htdocs\topicosweb\framework\web\CActiveDataProvider.php(178): CDataProvider->getTotalItemCount()
#10 C:\xampp\htdocs\topicosweb\framework\web\CDataProvider.php(168): CActiveDataProvider->fetchData()
#11 C:\xampp\htdocs\topicosweb\framework\zii\widgets\CBaseListView.php(125): CDataProvider->getData()
#12 C:\xampp\htdocs\topicosweb\framework\zii\widgets\CListView.php(211): CBaseListView->init()
#13 C:\xampp\htdocs\topicosweb\framework\web\CBaseController.php(147): CListView->init()
#14 C:\xampp\htdocs\topicosweb\framework\web\CBaseController.php(180): CBaseController->createWidget('zii.widgets.CLi...', Array)
#15 C:\xampp\htdocs\topicosweb\06030450\revista\protected\views\site\index.php(8): CBaseController->widget('zii.widgets.CLi...', Array)
#16 C:\xampp\htdocs\topicosweb\framework\web\CBaseController.php(126): require('C:\\xampp\\htdocs...')
#17 C:\xampp\htdocs\topicosweb\framework\web\CBaseController.php(95): CBaseController->renderInternal('C:\\xampp\\htdocs...', Array, true)
#18 C:\xampp\htdocs\topicosweb\framework\web\CController.php(869): CBaseController->renderFile('C:\\xampp\\htdocs...', Array, true)
#19 C:\xampp\htdocs\topicosweb\framework\web\CController.php(782): CController->renderPartial('index', Array, true)
#20 C:\xampp\htdocs\topicosweb\06030450\revista\protected\controllers\SiteController.php(39): CController->render('index', Array)
#21 C:\xampp\htdocs\topicosweb\framework\web\actions\CInlineAction.php(49): SiteController->actionIndex()
#22 C:\xampp\htdocs\topicosweb\framework\web\CController.php(308): CInlineAction->runWithParams(Array)
#23 C:\xampp\htdocs\topicosweb\framework\web\CController.php(286): CController->runAction(Object(CInlineAction))
#24 C:\xampp\htdocs\topicosweb\framework\web\CController.php(265): CController->runActionWithFilters(Object(CInlineAction), Array)
#25 C:\xampp\htdocs\topicosweb\framework\web\CWebApplication.php(282): CController->run('')
#26 C:\xampp\htdocs\topicosweb\framework\web\CWebApplication.php(141): CWebApplication->runController('')
#27 C:\xampp\htdocs\topicosweb\framework\base\CApplication.php(184): CWebApplication->processRequest()
#28 C:\xampp\htdocs\topicosweb\06030450\revista\index.php(13): CApplication->run()
#29 {main}
REQUEST_URI=/topicosweb/06030450/revista/
HTTP_REFERER=http://localhost:8080/topicosweb/06030450/
---
2015/03/04 07:44:48 [error] [exception.CDbException] exception 'CDbException' with message 'CDbConnection failed to open the DB connection: SQLSTATE[HY000] [1045] Access denied for user 'revista'@'localhost' (using password: YES)' in C:\xampp\htdocs\topicosweb\framework\db\CDbConnection.php:399
Stack trace:
#0 C:\xampp\htdocs\topicosweb\framework\db\CDbConnection.php(347): CDbConnection->open()
#1 C:\xampp\htdocs\topicosweb\framework\db\CDbConnection.php(325): CDbConnection->setActive(true)
#2 C:\xampp\htdocs\topicosweb\framework\base\CModule.php(394): CDbConnection->init()
#3 C:\xampp\htdocs\topicosweb\framework\base\CApplication.php(458): CModule->getComponent('db')
#4 C:\xampp\htdocs\topicosweb\framework\db\ar\CActiveRecord.php(637): CApplication->getDb()
#5 C:\xampp\htdocs\topicosweb\framework\db\ar\CActiveRecord.php(670): CActiveRecord->getDbConnection()
#6 C:\xampp\htdocs\topicosweb\framework\db\ar\CActiveRecord.php(1601): CActiveRecord->getCommandBuilder()
#7 C:\xampp\htdocs\topicosweb\framework\web\CActiveDataProvider.php(228): CActiveRecord->count(Object(CDbCriteria))
#8 C:\xampp\htdocs\topicosweb\framework\web\CDataProvider.php(224): CActiveDataProvider->calculateTotalItemCount()
#9 C:\xampp\htdocs\topicosweb\framework\web\CActiveDataProvider.php(178): CDataProvider->getTotalItemCount()
#10 C:\xampp\htdocs\topicosweb\framework\web\CDataProvider.php(168): CActiveDataProvider->fetchData()
#11 C:\xampp\htdocs\topicosweb\framework\zii\widgets\CBaseListView.php(125): CDataProvider->getData()
#12 C:\xampp\htdocs\topicosweb\framework\zii\widgets\CListView.php(211): CBaseListView->init()
#13 C:\xampp\htdocs\topicosweb\framework\web\CBaseController.php(147): CListView->init()
#14 C:\xampp\htdocs\topicosweb\framework\web\CBaseController.php(180): CBaseController->createWidget('zii.widgets.CLi...', Array)
#15 C:\xampp\htdocs\topicosweb\06030450\revista\protected\views\site\index.php(8): CBaseController->widget('zii.widgets.CLi...', Array)
#16 C:\xampp\htdocs\topicosweb\framework\web\CBaseController.php(126): require('C:\\xampp\\htdocs...')
#17 C:\xampp\htdocs\topicosweb\framework\web\CBaseController.php(95): CBaseController->renderInternal('C:\\xampp\\htdocs...', Array, true)
#18 C:\xampp\htdocs\topicosweb\framework\web\CController.php(869): CBaseController->renderFile('C:\\xampp\\htdocs...', Array, true)
#19 C:\xampp\htdocs\topicosweb\framework\web\CController.php(782): CController->renderPartial('index', Array, true)
#20 C:\xampp\htdocs\topicosweb\06030450\revista\protected\controllers\SiteController.php(39): CController->render('index', Array)
#21 C:\xampp\htdocs\topicosweb\framework\web\actions\CInlineAction.php(49): SiteController->actionIndex()
#22 C:\xampp\htdocs\topicosweb\framework\web\CController.php(308): CInlineAction->runWithParams(Array)
#23 C:\xampp\htdocs\topicosweb\framework\web\CController.php(286): CController->runAction(Object(CInlineAction))
#24 C:\xampp\htdocs\topicosweb\framework\web\CController.php(265): CController->runActionWithFilters(Object(CInlineAction), Array)
#25 C:\xampp\htdocs\topicosweb\framework\web\CWebApplication.php(282): CController->run('')
#26 C:\xampp\htdocs\topicosweb\framework\web\CWebApplication.php(141): CWebApplication->runController('')
#27 C:\xampp\htdocs\topicosweb\framework\base\CApplication.php(184): CWebApplication->processRequest()
#28 C:\xampp\htdocs\topicosweb\06030450\revista\index.php(13): CApplication->run()
#29 {main}
REQUEST_URI=/topicosweb/06030450/revista/
HTTP_REFERER=http://localhost:8080/topicosweb/06030450/
---
2015/03/04 07:48:41 [error] [exception.CException] exception 'CException' with message 'CAssetManager.basePath "C:\xampp\htdocs\topicosweb\06030450\revista\assets" is invalid. Please make sure the directory exists and is writable by the Web server process.' in C:\xampp\htdocs\topicosweb\framework\web\CAssetManager.php:138
Stack trace:
#0 C:\xampp\htdocs\topicosweb\framework\web\CAssetManager.php(123): CAssetManager->setBasePath('C:\\xampp\\htdocs...')
#1 C:\xampp\htdocs\topicosweb\framework\web\CAssetManager.php(217): CAssetManager->getBasePath()
#2 C:\xampp\htdocs\topicosweb\framework\gii\GiiModule.php(143): CAssetManager->publish('C:\\xampp\\htdocs...')
#3 C:\xampp\htdocs\topicosweb\framework\base\CComponent.php(111): GiiModule->getAssetsUrl()
#4 C:\xampp\htdocs\topicosweb\framework\base\CModule.php(105): CComponent->__get('assetsUrl')
#5 C:\xampp\htdocs\topicosweb\framework\gii\views\layouts\main.php(5): CModule->__get('assetsUrl')
#6 C:\xampp\htdocs\topicosweb\framework\web\CBaseController.php(126): require('C:\\xampp\\htdocs...')
#7 C:\xampp\htdocs\topicosweb\framework\web\CBaseController.php(95): CBaseController->renderInternal('C:\\xampp\\htdocs...', Array, true)
#8 C:\xampp\htdocs\topicosweb\framework\web\widgets\CContentDecorator.php(76): CBaseController->renderFile('C:\\xampp\\htdocs...', Array, true)
#9 C:\xampp\htdocs\topicosweb\framework\web\widgets\CContentDecorator.php(54): CContentDecorator->decorate('<div class="con...')
#10 C:\xampp\htdocs\topicosweb\framework\web\widgets\COutputProcessor.php(44): CContentDecorator->processOutput('<div class="con...')
#11 C:\xampp\htdocs\topicosweb\framework\web\CBaseController.php(214): COutputProcessor->run()
#12 C:\xampp\htdocs\topicosweb\framework\web\CBaseController.php(308): CBaseController->endWidget('CContentDecorat...')
#13 C:\xampp\htdocs\topicosweb\framework\gii\views\layouts\column1.php(7): CBaseController->endContent()
#14 C:\xampp\htdocs\topicosweb\framework\web\CBaseController.php(126): require('C:\\xampp\\htdocs...')
#15 C:\xampp\htdocs\topicosweb\framework\web\CBaseController.php(95): CBaseController->renderInternal('C:\\xampp\\htdocs...', Array, true)
#16 C:\xampp\htdocs\topicosweb\framework\web\CController.php(784): CBaseController->renderFile('C:\\xampp\\htdocs...', Array, true)
#17 C:\xampp\htdocs\topicosweb\framework\gii\controllers\DefaultController.php(17): CController->render('index')
#18 C:\xampp\htdocs\topicosweb\framework\web\actions\CInlineAction.php(49): DefaultController->actionIndex()
#19 C:\xampp\htdocs\topicosweb\framework\web\CController.php(308): CInlineAction->runWithParams(Array)
#20 C:\xampp\htdocs\topicosweb\framework\web\CController.php(286): CController->runAction(Object(CInlineAction))
#21 C:\xampp\htdocs\topicosweb\framework\web\CController.php(265): CController->runActionWithFilters(Object(CInlineAction), Array)
#22 C:\xampp\htdocs\topicosweb\framework\web\CWebApplication.php(282): CController->run('')
#23 C:\xampp\htdocs\topicosweb\framework\web\CWebApplication.php(141): CWebApplication->runController('gii')
#24 C:\xampp\htdocs\topicosweb\framework\base\CApplication.php(184): CWebApplication->processRequest()
#25 C:\xampp\htdocs\topicosweb\06030450\revista\index.php(13): CApplication->run()
#26 {main}
REQUEST_URI=/topicosweb/06030450/revista/index.php?r=gii
---
2015/03/05 00:51:08 [error] [exception.CHttpException.404] exception 'CHttpException' with message 'The system is unable to find the requested action "agregar".' in C:\xampp\htdocs\topicosweb\framework\web\CController.php:483
Stack trace:
#0 C:\xampp\htdocs\topicosweb\framework\web\CController.php(270): CController->missingAction('agregar')
#1 C:\xampp\htdocs\topicosweb\framework\web\CWebApplication.php(282): CController->run('agregar')
#2 C:\xampp\htdocs\topicosweb\framework\web\CWebApplication.php(141): CWebApplication->runController('articulo/agrega...')
#3 C:\xampp\htdocs\topicosweb\framework\base\CApplication.php(184): CWebApplication->processRequest()
#4 C:\xampp\htdocs\topicosweb\06030450\revista\index.php(13): CApplication->run()
#5 {main}
REQUEST_URI=/topicosweb/06030450/revista/?r=articulo/agregar
HTTP_REFERER=http://localhost/topicosweb/06030450/revista/
---
2015/03/05 00:58:09 [error] [exception.CHttpException.404] exception 'CHttpException' with message 'The system is unable to find the requested action "agregar".' in C:\xampp\htdocs\topicosweb\framework\web\CController.php:483
Stack trace:
#0 C:\xampp\htdocs\topicosweb\framework\web\CController.php(270): CController->missingAction('agregar')
#1 C:\xampp\htdocs\topicosweb\framework\web\CWebApplication.php(282): CController->run('agregar')
#2 C:\xampp\htdocs\topicosweb\framework\web\CWebApplication.php(141): CWebApplication->runController('articulo/agrega...')
#3 C:\xampp\htdocs\topicosweb\framework\base\CApplication.php(184): CWebApplication->processRequest()
#4 C:\xampp\htdocs\topicosweb\06030450\revista\index.php(13): CApplication->run()
#5 {main}
REQUEST_URI=/topicosweb/06030450/revista/index.php?r=articulo/agregar
HTTP_REFERER=http://localhost/topicosweb/06030450/revista/index.php?r=site/index
---
2015/03/05 00:58:14 [error] [exception.CHttpException.404] exception 'CHttpException' with message 'The system is unable to find the requested action "agregar".' in C:\xampp\htdocs\topicosweb\framework\web\CController.php:483
Stack trace:
#0 C:\xampp\htdocs\topicosweb\framework\web\CController.php(270): CController->missingAction('agregar')
#1 C:\xampp\htdocs\topicosweb\framework\web\CWebApplication.php(282): CController->run('agregar')
#2 C:\xampp\htdocs\topicosweb\framework\web\CWebApplication.php(141): CWebApplication->runController('articulo/agrega...')
#3 C:\xampp\htdocs\topicosweb\framework\base\CApplication.php(184): CWebApplication->processRequest()
#4 C:\xampp\htdocs\topicosweb\06030450\revista\index.php(13): CApplication->run()
#5 {main}
REQUEST_URI=/topicosweb/06030450/revista/index.php?r=articulo/agregar
HTTP_REFERER=http://localhost/topicosweb/06030450/revista/index.php?r=site/index
---
2015/03/05 01:01:24 [error] [exception.CHttpException.404] exception 'CHttpException' with message 'The system is unable to find the requested action "agregar".' in C:\xampp\htdocs\topicosweb\framework\web\CController.php:483
Stack trace:
#0 C:\xampp\htdocs\topicosweb\framework\web\CController.php(270): CController->missingAction('agregar')
#1 C:\xampp\htdocs\topicosweb\framework\web\CWebApplication.php(282): CController->run('agregar')
#2 C:\xampp\htdocs\topicosweb\framework\web\CWebApplication.php(141): CWebApplication->runController('articulo/agrega...')
#3 C:\xampp\htdocs\topicosweb\framework\base\CApplication.php(184): CWebApplication->processRequest()
#4 C:\xampp\htdocs\topicosweb\06030450\revista\index.php(13): CApplication->run()
#5 {main}
REQUEST_URI=/topicosweb/06030450/revista/index.php?r=articulo/agregar
HTTP_REFERER=http://localhost/topicosweb/06030450/revista/index.php?r=site/index
---
2015/03/05 01:01:27 [error] [exception.CHttpException.404] exception 'CHttpException' with message 'The system is unable to find the requested action "agregar".' in C:\xampp\htdocs\topicosweb\framework\web\CController.php:483
Stack trace:
#0 C:\xampp\htdocs\topicosweb\framework\web\CController.php(270): CController->missingAction('agregar')
#1 C:\xampp\htdocs\topicosweb\framework\web\CWebApplication.php(282): CController->run('agregar')
#2 C:\xampp\htdocs\topicosweb\framework\web\CWebApplication.php(141): CWebApplication->runController('articulo/agrega...')
#3 C:\xampp\htdocs\topicosweb\framework\base\CApplication.php(184): CWebApplication->processRequest()
#4 C:\xampp\htdocs\topicosweb\06030450\revista\index.php(13): CApplication->run()
#5 {main}
REQUEST_URI=/topicosweb/06030450/revista/index.php?r=articulo/agregar
HTTP_REFERER=http://localhost/topicosweb/06030450/revista/index.php?r=site/login
---
2015/03/05 01:01:29 [error] [exception.CHttpException.404] exception 'CHttpException' with message 'The system is unable to find the requested action "agregar".' in C:\xampp\htdocs\topicosweb\framework\web\CController.php:483
Stack trace:
#0 C:\xampp\htdocs\topicosweb\framework\web\CController.php(270): CController->missingAction('agregar')
#1 C:\xampp\htdocs\topicosweb\framework\web\CWebApplication.php(282): CController->run('agregar')
#2 C:\xampp\htdocs\topicosweb\framework\web\CWebApplication.php(141): CWebApplication->runController('articulo/agrega...')
#3 C:\xampp\htdocs\topicosweb\framework\base\CApplication.php(184): CWebApplication->processRequest()
#4 C:\xampp\htdocs\topicosweb\06030450\revista\index.php(13): CApplication->run()
#5 {main}
REQUEST_URI=/topicosweb/06030450/revista/index.php?r=articulo/agregar
HTTP_REFERER=http://localhost/topicosweb/06030450/revista/index.php?r=site/index
---
2015/03/05 01:01:35 [error] [exception.CHttpException.404] exception 'CHttpException' with message 'The system is unable to find the requested action "agregar".' in C:\xampp\htdocs\topicosweb\framework\web\CController.php:483
Stack trace:
#0 C:\xampp\htdocs\topicosweb\framework\web\CController.php(270): CController->missingAction('agregar')
#1 C:\xampp\htdocs\topicosweb\framework\web\CWebApplication.php(282): CController->run('agregar')
#2 C:\xampp\htdocs\topicosweb\framework\web\CWebApplication.php(141): CWebApplication->runController('articulo/agrega...')
#3 C:\xampp\htdocs\topicosweb\framework\base\CApplication.php(184): CWebApplication->processRequest()
#4 C:\xampp\htdocs\topicosweb\06030450\revista\index.php(13): CApplication->run()
#5 {main}
REQUEST_URI=/topicosweb/06030450/revista/index.php?r=articulo/agregar
HTTP_REFERER=http://localhost/topicosweb/06030450/revista/index.php?r=site/index
---
2015/03/05 01:13:07 [error] [exception.CHttpException.404] exception 'CHttpException' with message 'The system is unable to find the requested action "agregar".' in C:\xampp\htdocs\topicosweb\framework\web\CController.php:483
Stack trace:
#0 C:\xampp\htdocs\topicosweb\framework\web\CController.php(270): CController->missingAction('agregar')
#1 C:\xampp\htdocs\topicosweb\framework\web\CWebApplication.php(282): CController->run('agregar')
#2 C:\xampp\htdocs\topicosweb\framework\web\CWebApplication.php(141): CWebApplication->runController('articulo/agrega...')
#3 C:\xampp\htdocs\topicosweb\framework\base\CApplication.php(184): CWebApplication->processRequest()
#4 C:\xampp\htdocs\topicosweb\06030450\revista\index.php(13): CApplication->run()
#5 {main}
REQUEST_URI=/topicosweb/06030450/revista/?r=articulo/agregar
HTTP_REFERER=http://localhost/topicosweb/06030450/revista/
---
2015/03/05 01:18:14 [error] [exception.CHttpException.403] exception 'CHttpException' with message 'You are not authorized to perform this action.' in C:\xampp\htdocs\topicosweb\framework\web\auth\CAccessControlFilter.php:182
Stack trace:
#0 C:\xampp\htdocs\topicosweb\framework\web\auth\CAccessControlFilter.php(145): CAccessControlFilter->accessDenied(Object(CWebUser), 'You are not aut...')
#1 C:\xampp\htdocs\topicosweb\framework\web\filters\CFilter.php(38): CAccessControlFilter->preFilter(Object(CFilterChain))
#2 C:\xampp\htdocs\topicosweb\framework\web\CController.php(1145): CFilter->filter(Object(CFilterChain))
#3 C:\xampp\htdocs\topicosweb\framework\web\filters\CInlineFilter.php(58): CController->filterAccessControl(Object(CFilterChain))
#4 C:\xampp\htdocs\topicosweb\framework\web\filters\CFilterChain.php(130): CInlineFilter->filter(Object(CFilterChain))
#5 C:\xampp\htdocs\topicosweb\framework\web\CController.php(291): CFilterChain->run()
#6 C:\xampp\htdocs\topicosweb\framework\web\CController.php(265): CController->runActionWithFilters(Object(CInlineAction), Array)
#7 C:\xampp\htdocs\topicosweb\framework\web\CWebApplication.php(282): CController->run('admin')
#8 C:\xampp\htdocs\topicosweb\framework\web\CWebApplication.php(141): CWebApplication->runController('revista/admin')
#9 C:\xampp\htdocs\topicosweb\framework\base\CApplication.php(184): CWebApplication->processRequest()
#10 C:\xampp\htdocs\topicosweb\12030319\revista\index.php(13): CApplication->run()
#11 {main}
REQUEST_URI=/topicosweb/12030319/revista/?r=revista/admin
HTTP_REFERER=http://localhost/topicosweb/12030319/revista/
---
2015/03/05 01:29:32 [error] [exception.CHttpException.403] exception 'CHttpException' with message 'You are not authorized to perform this action.' in C:\xampp\htdocs\topicosweb\framework\web\auth\CAccessControlFilter.php:182
Stack trace:
#0 C:\xampp\htdocs\topicosweb\framework\web\auth\CAccessControlFilter.php(145): CAccessControlFilter->accessDenied(Object(CWebUser), 'You are not aut...')
#1 C:\xampp\htdocs\topicosweb\framework\web\filters\CFilter.php(38): CAccessControlFilter->preFilter(Object(CFilterChain))
#2 C:\xampp\htdocs\topicosweb\framework\web\CController.php(1145): CFilter->filter(Object(CFilterChain))
#3 C:\xampp\htdocs\topicosweb\framework\web\filters\CInlineFilter.php(58): CController->filterAccessControl(Object(CFilterChain))
#4 C:\xampp\htdocs\topicosweb\framework\web\filters\CFilterChain.php(130): CInlineFilter->filter(Object(CFilterChain))
#5 C:\xampp\htdocs\topicosweb\framework\web\CController.php(291): CFilterChain->run()
#6 C:\xampp\htdocs\topicosweb\framework\web\CController.php(265): CController->runActionWithFilters(Object(CInlineAction), Array)
#7 C:\xampp\htdocs\topicosweb\framework\web\CWebApplication.php(282): CController->run('admin')
#8 C:\xampp\htdocs\topicosweb\framework\web\CWebApplication.php(141): CWebApplication->runController('revista/admin')
#9 C:\xampp\htdocs\topicosweb\framework\base\CApplication.php(184): CWebApplication->processRequest()
#10 C:\xampp\htdocs\topicosweb\12030319\revista\index.php(13): CApplication->run()
#11 {main}
REQUEST_URI=/topicosweb/12030319/revista/?r=revista/admin
HTTP_REFERER=http://localhost/topicosweb/12030319/revista/
---
2015/03/05 01:29:44 [error] [exception.CHttpException.404] exception 'CHttpException' with message 'The system is unable to find the requested action "agregar".' in C:\xampp\htdocs\topicosweb\framework\web\CController.php:483
Stack trace:
#0 C:\xampp\htdocs\topicosweb\framework\web\CController.php(270): CController->missingAction('agregar')
#1 C:\xampp\htdocs\topicosweb\framework\web\CWebApplication.php(282): CController->run('agregar')
#2 C:\xampp\htdocs\topicosweb\framework\web\CWebApplication.php(141): CWebApplication->runController('articulo/agrega...')
#3 C:\xampp\htdocs\topicosweb\framework\base\CApplication.php(184): CWebApplication->processRequest()
#4 C:\xampp\htdocs\topicosweb\12030319\revista\index.php(13): CApplication->run()
#5 {main}
REQUEST_URI=/topicosweb/12030319/revista/index.php?r=articulo/agregar
HTTP_REFERER=http://localhost/topicosweb/12030319/revista/index.php?r=site/index
---
2015/03/05 01:32:17 [error] [exception.CHttpException.404] exception 'CHttpException' with message 'The system is unable to find the requested action "agregar".' in C:\xampp\htdocs\topicosweb\framework\web\CController.php:483
Stack trace:
#0 C:\xampp\htdocs\topicosweb\framework\web\CController.php(270): CController->missingAction('agregar')
#1 C:\xampp\htdocs\topicosweb\framework\web\CWebApplication.php(282): CController->run('agregar')
#2 C:\xampp\htdocs\topicosweb\framework\web\CWebApplication.php(141): CWebApplication->runController('articulo/agrega...')
#3 C:\xampp\htdocs\topicosweb\framework\base\CApplication.php(184): CWebApplication->processRequest()
#4 C:\xampp\htdocs\topicosweb\12030319\revista\index.php(13): CApplication->run()
#5 {main}
REQUEST_URI=/topicosweb/12030319/revista/index.php?r=articulo/agregar
HTTP_REFERER=http://localhost/topicosweb/12030319/revista/index.php?r=site/login
---
2015/03/05 01:34:32 [error] [php] include(Users.php): failed to open stream: No such file or directory (C:\xampp\htdocs\topicosweb\framework\YiiBase.php:432)
Stack trace:
#0 C:\xampp\htdocs\topicosweb\12030319\revista\protected\components\UserIdentity.php(20): spl_autoload_call()
#1 C:\xampp\htdocs\topicosweb\12030319\revista\protected\models\LoginForm.php(52): UserIdentity->authenticate()
#2 C:\xampp\htdocs\topicosweb\framework\validators\CInlineValidator.php(42): LoginForm->authenticate()
#3 C:\xampp\htdocs\topicosweb\framework\validators\CValidator.php(201): CInlineValidator->validateAttribute()
#4 C:\xampp\htdocs\topicosweb\framework\base\CModel.php(159): CInlineValidator->validate()
#5 C:\xampp\htdocs\topicosweb\12030319\revista\protected\controllers\SiteController.php(101): LoginForm->validate()
#6 C:\xampp\htdocs\topicosweb\framework\web\actions\CInlineAction.php(49): SiteController->actionLogin()
#7 C:\xampp\htdocs\topicosweb\framework\web\CController.php(308): CInlineAction->runWithParams()
#8 C:\xampp\htdocs\topicosweb\framework\web\CController.php(286): SiteController->runAction()
#9 C:\xampp\htdocs\topicosweb\framework\web\CController.php(265): SiteController->runActionWithFilters()
#10 C:\xampp\htdocs\topicosweb\framework\web\CWebApplication.php(282): SiteController->run()
#11 C:\xampp\htdocs\topicosweb\framework\web\CWebApplication.php(141): CWebApplication->runController()
#12 C:\xampp\htdocs\topicosweb\framework\base\CApplication.php(184): CWebApplication->processRequest()
#13 C:\xampp\htdocs\topicosweb\12030319\revista\index.php(13): CWebApplication->run()
REQUEST_URI=/topicosweb/12030319/revista/index.php?r=site/login
in C:\xampp\htdocs\topicosweb\12030319\revista\protected\components\UserIdentity.php (20)
in C:\xampp\htdocs\topicosweb\12030319\revista\protected\models\LoginForm.php (52)
in C:\xampp\htdocs\topicosweb\12030319\revista\protected\controllers\SiteController.php (101)
2015/03/05 01:34:41 [error] [php] include(Users.php): failed to open stream: No such file or directory (C:\xampp\htdocs\topicosweb\framework\YiiBase.php:432)
Stack trace:
#0 C:\xampp\htdocs\topicosweb\12030319\revista\protected\components\UserIdentity.php(20): spl_autoload_call()
#1 C:\xampp\htdocs\topicosweb\12030319\revista\protected\models\LoginForm.php(52): UserIdentity->authenticate()
#2 C:\xampp\htdocs\topicosweb\framework\validators\CInlineValidator.php(42): LoginForm->authenticate()
#3 C:\xampp\htdocs\topicosweb\framework\validators\CValidator.php(201): CInlineValidator->validateAttribute()
#4 C:\xampp\htdocs\topicosweb\framework\base\CModel.php(159): CInlineValidator->validate()
#5 C:\xampp\htdocs\topicosweb\12030319\revista\protected\controllers\SiteController.php(101): LoginForm->validate()
#6 C:\xampp\htdocs\topicosweb\framework\web\actions\CInlineAction.php(49): SiteController->actionLogin()
#7 C:\xampp\htdocs\topicosweb\framework\web\CController.php(308): CInlineAction->runWithParams()
#8 C:\xampp\htdocs\topicosweb\framework\web\CController.php(286): SiteController->runAction()
#9 C:\xampp\htdocs\topicosweb\framework\web\CController.php(265): SiteController->runActionWithFilters()
#10 C:\xampp\htdocs\topicosweb\framework\web\CWebApplication.php(282): SiteController->run()
#11 C:\xampp\htdocs\topicosweb\framework\web\CWebApplication.php(141): CWebApplication->runController()
#12 C:\xampp\htdocs\topicosweb\framework\base\CApplication.php(184): CWebApplication->processRequest()
#13 C:\xampp\htdocs\topicosweb\12030319\revista\index.php(13): CWebApplication->run()
REQUEST_URI=/topicosweb/12030319/revista/index.php?r=site/login
in C:\xampp\htdocs\topicosweb\12030319\revista\protected\components\UserIdentity.php (20)
in C:\xampp\htdocs\topicosweb\12030319\revista\protected\models\LoginForm.php (52)
in C:\xampp\htdocs\topicosweb\12030319\revista\protected\controllers\SiteController.php (101)
2015/03/05 01:34:56 [error] [php] include(Users.php): failed to open stream: No such file or directory (C:\xampp\htdocs\topicosweb\framework\YiiBase.php:432)
Stack trace:
#0 C:\xampp\htdocs\topicosweb\12030319\revista\protected\components\UserIdentity.php(20): spl_autoload_call()
#1 C:\xampp\htdocs\topicosweb\12030319\revista\protected\models\LoginForm.php(52): UserIdentity->authenticate()
#2 C:\xampp\htdocs\topicosweb\framework\validators\CInlineValidator.php(42): LoginForm->authenticate()
#3 C:\xampp\htdocs\topicosweb\framework\validators\CValidator.php(201): CInlineValidator->validateAttribute()
#4 C:\xampp\htdocs\topicosweb\framework\base\CModel.php(159): CInlineValidator->validate()
#5 C:\xampp\htdocs\topicosweb\12030319\revista\protected\controllers\SiteController.php(101): LoginForm->validate()
#6 C:\xampp\htdocs\topicosweb\framework\web\actions\CInlineAction.php(49): SiteController->actionLogin()
#7 C:\xampp\htdocs\topicosweb\framework\web\CController.php(308): CInlineAction->runWithParams()
#8 C:\xampp\htdocs\topicosweb\framework\web\CController.php(286): SiteController->runAction()
#9 C:\xampp\htdocs\topicosweb\framework\web\CController.php(265): SiteController->runActionWithFilters()
#10 C:\xampp\htdocs\topicosweb\framework\web\CWebApplication.php(282): SiteController->run()
#11 C:\xampp\htdocs\topicosweb\framework\web\CWebApplication.php(141): CWebApplication->runController()
#12 C:\xampp\htdocs\topicosweb\framework\base\CApplication.php(184): CWebApplication->processRequest()
#13 C:\xampp\htdocs\topicosweb\12030319\revista\index.php(13): CWebApplication->run()
REQUEST_URI=/topicosweb/12030319/revista/index.php?r=site/login
in C:\xampp\htdocs\topicosweb\12030319\revista\protected\components\UserIdentity.php (20)
in C:\xampp\htdocs\topicosweb\12030319\revista\protected\models\LoginForm.php (52)
in C:\xampp\htdocs\topicosweb\12030319\revista\protected\controllers\SiteController.php (101)
2015/03/05 01:35:57 [error] [php] include(Users.php): failed to open stream: No such file or directory (C:\xampp\htdocs\topicosweb\framework\YiiBase.php:432)
Stack trace:
#0 C:\xampp\htdocs\topicosweb\12030319\revista\protected\components\UserIdentity.php(20): spl_autoload_call()
#1 C:\xampp\htdocs\topicosweb\12030319\revista\protected\models\LoginForm.php(52): UserIdentity->authenticate()
#2 C:\xampp\htdocs\topicosweb\framework\validators\CInlineValidator.php(42): LoginForm->authenticate()
#3 C:\xampp\htdocs\topicosweb\framework\validators\CValidator.php(201): CInlineValidator->validateAttribute()
#4 C:\xampp\htdocs\topicosweb\framework\base\CModel.php(159): CInlineValidator->validate()
#5 C:\xampp\htdocs\topicosweb\12030319\revista\protected\controllers\SiteController.php(101): LoginForm->validate()
#6 C:\xampp\htdocs\topicosweb\framework\web\actions\CInlineAction.php(49): SiteController->actionLogin()
#7 C:\xampp\htdocs\topicosweb\framework\web\CController.php(308): CInlineAction->runWithParams()
#8 C:\xampp\htdocs\topicosweb\framework\web\CController.php(286): SiteController->runAction()
#9 C:\xampp\htdocs\topicosweb\framework\web\CController.php(265): SiteController->runActionWithFilters()
#10 C:\xampp\htdocs\topicosweb\framework\web\CWebApplication.php(282): SiteController->run()
#11 C:\xampp\htdocs\topicosweb\framework\web\CWebApplication.php(141): CWebApplication->runController()
#12 C:\xampp\htdocs\topicosweb\framework\base\CApplication.php(184): CWebApplication->processRequest()
#13 C:\xampp\htdocs\topicosweb\12030319\revista\index.php(13): CWebApplication->run()
REQUEST_URI=/topicosweb/12030319/revista/index.php?r=site/login
in C:\xampp\htdocs\topicosweb\12030319\revista\protected\components\UserIdentity.php (20)
in C:\xampp\htdocs\topicosweb\12030319\revista\protected\models\LoginForm.php (52)
in C:\xampp\htdocs\topicosweb\12030319\revista\protected\controllers\SiteController.php (101)
2015/03/05 01:36:11 [error] [php] include(Users.php): failed to open stream: No such file or directory (C:\xampp\htdocs\topicosweb\framework\YiiBase.php:432)
Stack trace:
#0 C:\xampp\htdocs\topicosweb\12030319\revista\protected\components\UserIdentity.php(20): spl_autoload_call()
#1 C:\xampp\htdocs\topicosweb\12030319\revista\protected\models\LoginForm.php(52): UserIdentity->authenticate()
#2 C:\xampp\htdocs\topicosweb\framework\validators\CInlineValidator.php(42): LoginForm->authenticate()
#3 C:\xampp\htdocs\topicosweb\framework\validators\CValidator.php(201): CInlineValidator->validateAttribute()
#4 C:\xampp\htdocs\topicosweb\framework\base\CModel.php(159): CInlineValidator->validate()
#5 C:\xampp\htdocs\topicosweb\12030319\revista\protected\controllers\SiteController.php(101): LoginForm->validate()
#6 C:\xampp\htdocs\topicosweb\framework\web\actions\CInlineAction.php(49): SiteController->actionLogin()
#7 C:\xampp\htdocs\topicosweb\framework\web\CController.php(308): CInlineAction->runWithParams()
#8 C:\xampp\htdocs\topicosweb\framework\web\CController.php(286): SiteController->runAction()
#9 C:\xampp\htdocs\topicosweb\framework\web\CController.php(265): SiteController->runActionWithFilters()
#10 C:\xampp\htdocs\topicosweb\framework\web\CWebApplication.php(282): SiteController->run()
#11 C:\xampp\htdocs\topicosweb\framework\web\CWebApplication.php(141): CWebApplication->runController()
#12 C:\xampp\htdocs\topicosweb\framework\base\CApplication.php(184): CWebApplication->processRequest()
#13 C:\xampp\htdocs\topicosweb\12030319\revista\index.php(13): CWebApplication->run()
REQUEST_URI=/topicosweb/12030319/revista/?r=site/login
in C:\xampp\htdocs\topicosweb\12030319\revista\protected\components\UserIdentity.php (20)
in C:\xampp\htdocs\topicosweb\12030319\revista\protected\models\LoginForm.php (52)
in C:\xampp\htdocs\topicosweb\12030319\revista\protected\controllers\SiteController.php (101)
2015/03/05 01:36:27 [error] [php] include(Users.php): failed to open stream: No such file or directory (C:\xampp\htdocs\topicosweb\framework\YiiBase.php:432)
Stack trace:
#0 C:\xampp\htdocs\topicosweb\12030319\revista\protected\components\UserIdentity.php(20): spl_autoload_call()
#1 C:\xampp\htdocs\topicosweb\12030319\revista\protected\models\LoginForm.php(52): UserIdentity->authenticate()
#2 C:\xampp\htdocs\topicosweb\framework\validators\CInlineValidator.php(42): LoginForm->authenticate()
#3 C:\xampp\htdocs\topicosweb\framework\validators\CValidator.php(201): CInlineValidator->validateAttribute()
#4 C:\xampp\htdocs\topicosweb\framework\base\CModel.php(159): CInlineValidator->validate()
#5 C:\xampp\htdocs\topicosweb\12030319\revista\protected\controllers\SiteController.php(101): LoginForm->validate()
#6 C:\xampp\htdocs\topicosweb\framework\web\actions\CInlineAction.php(49): SiteController->actionLogin()
#7 C:\xampp\htdocs\topicosweb\framework\web\CController.php(308): CInlineAction->runWithParams()
#8 C:\xampp\htdocs\topicosweb\framework\web\CController.php(286): SiteController->runAction()
#9 C:\xampp\htdocs\topicosweb\framework\web\CController.php(265): SiteController->runActionWithFilters()
#10 C:\xampp\htdocs\topicosweb\framework\web\CWebApplication.php(282): SiteController->run()
#11 C:\xampp\htdocs\topicosweb\framework\web\CWebApplication.php(141): CWebApplication->runController()
#12 C:\xampp\htdocs\topicosweb\framework\base\CApplication.php(184): CWebApplication->processRequest()
#13 C:\xampp\htdocs\topicosweb\12030319\revista\index.php(13): CWebApplication->run()
REQUEST_URI=/topicosweb/12030319/revista/index.php?r=site/login
in C:\xampp\htdocs\topicosweb\12030319\revista\protected\components\UserIdentity.php (20)
in C:\xampp\htdocs\topicosweb\12030319\revista\protected\models\LoginForm.php (52)
in C:\xampp\htdocs\topicosweb\12030319\revista\protected\controllers\SiteController.php (101)
2015/03/05 01:41:57 [error] [php] include(Users.php): failed to open stream: No such file or directory (C:\xampp\htdocs\topicosweb\framework\YiiBase.php:432)
Stack trace:
#0 C:\xampp\htdocs\topicosweb\12030319\revista\protected\components\UserIdentity.php(20): spl_autoload_call()
#1 C:\xampp\htdocs\topicosweb\12030319\revista\protected\models\LoginForm.php(52): UserIdentity->authenticate()
#2 C:\xampp\htdocs\topicosweb\framework\validators\CInlineValidator.php(42): LoginForm->authenticate()
#3 C:\xampp\htdocs\topicosweb\framework\validators\CValidator.php(201): CInlineValidator->validateAttribute()
#4 C:\xampp\htdocs\topicosweb\framework\base\CModel.php(159): CInlineValidator->validate()
#5 C:\xampp\htdocs\topicosweb\12030319\revista\protected\controllers\SiteController.php(101): LoginForm->validate()
#6 C:\xampp\htdocs\topicosweb\framework\web\actions\CInlineAction.php(49): SiteController->actionLogin()
#7 C:\xampp\htdocs\topicosweb\framework\web\CController.php(308): CInlineAction->runWithParams()
#8 C:\xampp\htdocs\topicosweb\framework\web\CController.php(286): SiteController->runAction()
#9 C:\xampp\htdocs\topicosweb\framework\web\CController.php(265): SiteController->runActionWithFilters()
#10 C:\xampp\htdocs\topicosweb\framework\web\CWebApplication.php(282): SiteController->run()
#11 C:\xampp\htdocs\topicosweb\framework\web\CWebApplication.php(141): CWebApplication->runController()
#12 C:\xampp\htdocs\topicosweb\framework\base\CApplication.php(184): CWebApplication->processRequest()
#13 C:\xampp\htdocs\topicosweb\12030319\revista\index.php(13): CWebApplication->run()
REQUEST_URI=/topicosweb/12030319/revista/?r=site/login
in C:\xampp\htdocs\topicosweb\12030319\revista\protected\components\UserIdentity.php (20)
in C:\xampp\htdocs\topicosweb\12030319\revista\protected\models\LoginForm.php (52)
in C:\xampp\htdocs\topicosweb\12030319\revista\protected\controllers\SiteController.php (101)
2015/03/05 01:42:06 [error] [php] include(Users.php): failed to open stream: No such file or directory (C:\xampp\htdocs\topicosweb\framework\YiiBase.php:432)
Stack trace:
#0 C:\xampp\htdocs\topicosweb\12030319\revista\protected\components\UserIdentity.php(20): spl_autoload_call()
#1 C:\xampp\htdocs\topicosweb\12030319\revista\protected\models\LoginForm.php(52): UserIdentity->authenticate()
#2 C:\xampp\htdocs\topicosweb\framework\validators\CInlineValidator.php(42): LoginForm->authenticate()
#3 C:\xampp\htdocs\topicosweb\framework\validators\CValidator.php(201): CInlineValidator->validateAttribute()
#4 C:\xampp\htdocs\topicosweb\framework\base\CModel.php(159): CInlineValidator->validate()
#5 C:\xampp\htdocs\topicosweb\12030319\revista\protected\controllers\SiteController.php(101): LoginForm->validate()
#6 C:\xampp\htdocs\topicosweb\framework\web\actions\CInlineAction.php(49): SiteController->actionLogin()
#7 C:\xampp\htdocs\topicosweb\framework\web\CController.php(308): CInlineAction->runWithParams()
#8 C:\xampp\htdocs\topicosweb\framework\web\CController.php(286): SiteController->runAction()
#9 C:\xampp\htdocs\topicosweb\framework\web\CController.php(265): SiteController->runActionWithFilters()
#10 C:\xampp\htdocs\topicosweb\framework\web\CWebApplication.php(282): SiteController->run()
#11 C:\xampp\htdocs\topicosweb\framework\web\CWebApplication.php(141): CWebApplication->runController()
#12 C:\xampp\htdocs\topicosweb\framework\base\CApplication.php(184): CWebApplication->processRequest()
#13 C:\xampp\htdocs\topicosweb\12030319\revista\index.php(13): CWebApplication->run()
REQUEST_URI=/topicosweb/12030319/revista/index.php?r=site/login
in C:\xampp\htdocs\topicosweb\12030319\revista\protected\components\UserIdentity.php (20)
in C:\xampp\htdocs\topicosweb\12030319\revista\protected\models\LoginForm.php (52)
in C:\xampp\htdocs\topicosweb\12030319\revista\protected\controllers\SiteController.php (101)
2015/03/05 01:42:11 [error] [exception.CHttpException.404] exception 'CHttpException' with message 'The system is unable to find the requested action "agregar".' in C:\xampp\htdocs\topicosweb\framework\web\CController.php:483
Stack trace:
#0 C:\xampp\htdocs\topicosweb\framework\web\CController.php(270): CController->missingAction('agregar')
#1 C:\xampp\htdocs\topicosweb\framework\web\CWebApplication.php(282): CController->run('agregar')
#2 C:\xampp\htdocs\topicosweb\framework\web\CWebApplication.php(141): CWebApplication->runController('articulo/agrega...')
#3 C:\xampp\htdocs\topicosweb\framework\base\CApplication.php(184): CWebApplication->processRequest()
#4 C:\xampp\htdocs\topicosweb\12030319\revista\index.php(13): CApplication->run()
#5 {main}
REQUEST_URI=/topicosweb/12030319/revista/index.php?r=articulo/agregar
HTTP_REFERER=http://localhost/topicosweb/12030319/revista/index.php?r=site/login
---
2015/03/05 01:47:53 [error] [php] include(Users.php): failed to open stream: No such file or directory (C:\xampp\htdocs\topicosweb\framework\YiiBase.php:432)
Stack trace:
#0 C:\xampp\htdocs\topicosweb\12030319\revista\protected\components\UserIdentity.php(20): spl_autoload_call()
#1 C:\xampp\htdocs\topicosweb\12030319\revista\protected\models\LoginForm.php(52): UserIdentity->authenticate()
#2 C:\xampp\htdocs\topicosweb\framework\validators\CInlineValidator.php(42): LoginForm->authenticate()
#3 C:\xampp\htdocs\topicosweb\framework\validators\CValidator.php(201): CInlineValidator->validateAttribute()
#4 C:\xampp\htdocs\topicosweb\framework\base\CModel.php(159): CInlineValidator->validate()
#5 C:\xampp\htdocs\topicosweb\12030319\revista\protected\controllers\SiteController.php(101): LoginForm->validate()
#6 C:\xampp\htdocs\topicosweb\framework\web\actions\CInlineAction.php(49): SiteController->actionLogin()
#7 C:\xampp\htdocs\topicosweb\framework\web\CController.php(308): CInlineAction->runWithParams()
#8 C:\xampp\htdocs\topicosweb\framework\web\CController.php(286): SiteController->runAction()
#9 C:\xampp\htdocs\topicosweb\framework\web\CController.php(265): SiteController->runActionWithFilters()
#10 C:\xampp\htdocs\topicosweb\framework\web\CWebApplication.php(282): SiteController->run()
#11 C:\xampp\htdocs\topicosweb\framework\web\CWebApplication.php(141): CWebApplication->runController()
#12 C:\xampp\htdocs\topicosweb\framework\base\CApplication.php(184): CWebApplication->processRequest()
#13 C:\xampp\htdocs\topicosweb\12030319\revista\index.php(13): CWebApplication->run()
REQUEST_URI=/topicosweb/12030319/revista/?r=site/login
in C:\xampp\htdocs\topicosweb\12030319\revista\protected\components\UserIdentity.php (20)
in C:\xampp\htdocs\topicosweb\12030319\revista\protected\models\LoginForm.php (52)
in C:\xampp\htdocs\topicosweb\12030319\revista\protected\controllers\SiteController.php (101)
2015/03/05 01:48:17 [error] [php] include(Users.php): failed to open stream: No such file or directory (C:\xampp\htdocs\topicosweb\framework\YiiBase.php:432)
Stack trace:
#0 C:\xampp\htdocs\topicosweb\12030319\revista\protected\components\UserIdentity.php(20): spl_autoload_call()
#1 C:\xampp\htdocs\topicosweb\12030319\revista\protected\models\LoginForm.php(52): UserIdentity->authenticate()
#2 C:\xampp\htdocs\topicosweb\framework\validators\CInlineValidator.php(42): LoginForm->authenticate()
#3 C:\xampp\htdocs\topicosweb\framework\validators\CValidator.php(201): CInlineValidator->validateAttribute()
#4 C:\xampp\htdocs\topicosweb\framework\base\CModel.php(159): CInlineValidator->validate()
#5 C:\xampp\htdocs\topicosweb\12030319\revista\protected\controllers\SiteController.php(101): LoginForm->validate()
#6 C:\xampp\htdocs\topicosweb\framework\web\actions\CInlineAction.php(49): SiteController->actionLogin()
#7 C:\xampp\htdocs\topicosweb\framework\web\CController.php(308): CInlineAction->runWithParams()
#8 C:\xampp\htdocs\topicosweb\framework\web\CController.php(286): SiteController->runAction()
#9 C:\xampp\htdocs\topicosweb\framework\web\CController.php(265): SiteController->runActionWithFilters()
#10 C:\xampp\htdocs\topicosweb\framework\web\CWebApplication.php(282): SiteController->run()
#11 C:\xampp\htdocs\topicosweb\framework\web\CWebApplication.php(141): CWebApplication->runController()
#12 C:\xampp\htdocs\topicosweb\framework\base\CApplication.php(184): CWebApplication->processRequest()
#13 C:\xampp\htdocs\topicosweb\12030319\revista\index.php(13): CWebApplication->run()
REQUEST_URI=/topicosweb/12030319/revista/?r=site/login
in C:\xampp\htdocs\topicosweb\12030319\revista\protected\components\UserIdentity.php (20)
in C:\xampp\htdocs\topicosweb\12030319\revista\protected\models\LoginForm.php (52)
in C:\xampp\htdocs\topicosweb\12030319\revista\protected\controllers\SiteController.php (101)
2015/03/05 01:49:41 [error] [exception.CHttpException.403] exception 'CHttpException' with message 'You are not authorized to perform this action.' in C:\xampp\htdocs\topicosweb\framework\web\auth\CAccessControlFilter.php:182
Stack trace:
#0 C:\xampp\htdocs\topicosweb\framework\web\auth\CAccessControlFilter.php(145): CAccessControlFilter->accessDenied(Object(CWebUser), 'You are not aut...')
#1 C:\xampp\htdocs\topicosweb\framework\web\filters\CFilter.php(38): CAccessControlFilter->preFilter(Object(CFilterChain))
#2 C:\xampp\htdocs\topicosweb\framework\web\CController.php(1145): CFilter->filter(Object(CFilterChain))
#3 C:\xampp\htdocs\topicosweb\framework\web\filters\CInlineFilter.php(58): CController->filterAccessControl(Object(CFilterChain))
#4 C:\xampp\htdocs\topicosweb\framework\web\filters\CFilterChain.php(130): CInlineFilter->filter(Object(CFilterChain))
#5 C:\xampp\htdocs\topicosweb\framework\web\CController.php(291): CFilterChain->run()
#6 C:\xampp\htdocs\topicosweb\framework\web\CController.php(265): CController->runActionWithFilters(Object(CInlineAction), Array)
#7 C:\xampp\htdocs\topicosweb\framework\web\CWebApplication.php(282): CController->run('admin')
#8 C:\xampp\htdocs\topicosweb\framework\web\CWebApplication.php(141): CWebApplication->runController('autor/admin')
#9 C:\xampp\htdocs\topicosweb\framework\base\CApplication.php(184): CWebApplication->processRequest()
#10 C:\xampp\htdocs\topicosweb\12030319\revista\index.php(13): CApplication->run()
#11 {main}
REQUEST_URI=/topicosweb/12030319/revista/index.php?r=autor/admin
HTTP_REFERER=http://localhost/topicosweb/12030319/revista/?r=site/login
---
2015/03/05 01:49:59 [error] [exception.CHttpException.404] exception 'CHttpException' with message 'The system is unable to find the requested action "agregar".' in C:\xampp\htdocs\topicosweb\framework\web\CController.php:483
Stack trace:
#0 C:\xampp\htdocs\topicosweb\framework\web\CController.php(270): CController->missingAction('agregar')
#1 C:\xampp\htdocs\topicosweb\framework\web\CWebApplication.php(282): CController->run('agregar')
#2 C:\xampp\htdocs\topicosweb\framework\web\CWebApplication.php(141): CWebApplication->runController('articulo/agrega...')
#3 C:\xampp\htdocs\topicosweb\framework\base\CApplication.php(184): CWebApplication->processRequest()
#4 C:\xampp\htdocs\topicosweb\12030319\revista\index.php(13): CApplication->run()
#5 {main}
REQUEST_URI=/topicosweb/12030319/revista/index.php?r=articulo/agregar
HTTP_REFERER=http://localhost/topicosweb/12030319/revista/index.php?r=autor/admin
---
2015/03/05 01:50:00 [error] [exception.CHttpException.403] exception 'CHttpException' with message 'You are not authorized to perform this action.' in C:\xampp\htdocs\topicosweb\framework\web\auth\CAccessControlFilter.php:182
Stack trace:
#0 C:\xampp\htdocs\topicosweb\framework\web\auth\CAccessControlFilter.php(145): CAccessControlFilter->accessDenied(Object(CWebUser), 'You are not aut...')
#1 C:\xampp\htdocs\topicosweb\framework\web\filters\CFilter.php(38): CAccessControlFilter->preFilter(Object(CFilterChain))
#2 C:\xampp\htdocs\topicosweb\framework\web\CController.php(1145): CFilter->filter(Object(CFilterChain))
#3 C:\xampp\htdocs\topicosweb\framework\web\filters\CInlineFilter.php(58): CController->filterAccessControl(Object(CFilterChain))
#4 C:\xampp\htdocs\topicosweb\framework\web\filters\CFilterChain.php(130): CInlineFilter->filter(Object(CFilterChain))
#5 C:\xampp\htdocs\topicosweb\framework\web\CController.php(291): CFilterChain->run()
#6 C:\xampp\htdocs\topicosweb\framework\web\CController.php(265): CController->runActionWithFilters(Object(CInlineAction), Array)
#7 C:\xampp\htdocs\topicosweb\framework\web\CWebApplication.php(282): CController->run('admin')
#8 C:\xampp\htdocs\topicosweb\framework\web\CWebApplication.php(141): CWebApplication->runController('revista/admin')
#9 C:\xampp\htdocs\topicosweb\framework\base\CApplication.php(184): CWebApplication->processRequest()
#10 C:\xampp\htdocs\topicosweb\12030319\revista\index.php(13): CApplication->run()
#11 {main}
REQUEST_URI=/topicosweb/12030319/revista/index.php?r=revista/admin
HTTP_REFERER=http://localhost/topicosweb/12030319/revista/index.php?r=articulo/agregar
---
