2015/02/12 01:32:52 [error] [exception.CDbException] exception 'CDbException' with message 'CDbConnection failed to open the DB connection: SQLSTATE[HY000] [1044] Access denied for user 'revista'@'localhost' to database 'revista'' in C:\xampp\htdocs\topicos\yii\framework\db\CDbConnection.php:399
Stack trace:
#0 C:\xampp\htdocs\topicos\yii\framework\db\CDbConnection.php(347): CDbConnection->open()
#1 C:\xampp\htdocs\topicos\yii\framework\db\CDbConnection.php(325): CDbConnection->setActive(true)
#2 C:\xampp\htdocs\topicos\yii\framework\base\CModule.php(394): CDbConnection->init()
#3 C:\xampp\htdocs\topicos\yii\framework\base\CModule.php(103): CModule->getComponent('db')
#4 C:\xampp\htdocs\topicos\yii\framework\gii\generators\model\ModelCode.php(60): CModule->__get('db')
#5 C:\xampp\htdocs\topicos\yii\framework\web\CFormModel.php(39): ModelCode->init()
#6 C:\xampp\htdocs\topicos\yii\framework\gii\CCodeGenerator.php(153): CFormModel->__construct()
#7 C:\xampp\htdocs\topicos\yii\framework\gii\CCodeGenerator.php(63): CCodeGenerator->prepare()
#8 C:\xampp\htdocs\topicos\yii\framework\web\actions\CInlineAction.php(49): CCodeGenerator->actionIndex()
#9 C:\xampp\htdocs\topicos\yii\framework\web\CController.php(308): CInlineAction->runWithParams(Array)
#10 C:\xampp\htdocs\topicos\yii\framework\web\CController.php(286): CController->runAction(Object(CInlineAction))
#11 C:\xampp\htdocs\topicos\yii\framework\web\CController.php(265): CController->runActionWithFilters(Object(CInlineAction), Array)
#12 C:\xampp\htdocs\topicos\yii\framework\web\CWebApplication.php(282): CController->run('index')
#13 C:\xampp\htdocs\topicos\yii\framework\web\CWebApplication.php(141): CWebApplication->runController('gii/model/index')
#14 C:\xampp\htdocs\topicos\yii\framework\base\CApplication.php(184): CWebApplication->processRequest()
#15 C:\xampp\htdocs\topicos\yii\revista\index.php(13): CApplication->run()
#16 {main}
REQUEST_URI=/topicos/yii/revista/index.php?r=gii/model/index
HTTP_REFERER=http://localhost/topicos/yii/revista/index.php?r=gii
---
2015/02/12 01:43:51 [error] [system.db.CDbCommand] CDbCommand::execute() failed: SQLSTATE[23000]: Integrity constraint violation: 1452 Cannot add or update a child row: a foreign key constraint fails (`revista`.`articulo`, CONSTRAINT `fk_articulo_indice_articulo_1` FOREIGN KEY (`id_indice_articulo`) REFERENCES `indice_articulo` (`id_indice_articulo`) ON DELETE NO ACTION ON UPDATE NO ACTION). The SQL statement executed was: INSERT INTO `articulo` (`nombre`, `resumen`, `abstrac`, `introduccion`, `metodologia`, `contenido`, `fecha_creacion`, `archivo_pdf`, `id_status`, `conclusiones`, `agradecimientos`, `referencias`, `id_indice_articulo`) VALUES (:yp0, :yp1, :yp2, :yp3, :yp4, :yp5, :yp6, :yp7, :yp8, :yp9, :yp10, :yp11, :yp12).
in C:\xampp\htdocs\topicos\yii\revista\protected\controllers\ArticuloController.php (73)
in C:\xampp\htdocs\topicos\yii\revista\index.php (13)
2015/02/12 01:43:51 [error] [exception.CDbException] exception 'CDbException' with message 'CDbCommand failed to execute the SQL statement: SQLSTATE[23000]: Integrity constraint violation: 1452 Cannot add or update a child row: a foreign key constraint fails (`revista`.`articulo`, CONSTRAINT `fk_articulo_indice_articulo_1` FOREIGN KEY (`id_indice_articulo`) REFERENCES `indice_articulo` (`id_indice_articulo`) ON DELETE NO ACTION ON UPDATE NO ACTION). The SQL statement executed was: INSERT INTO `articulo` (`nombre`, `resumen`, `abstrac`, `introduccion`, `metodologia`, `contenido`, `fecha_creacion`, `archivo_pdf`, `id_status`, `conclusiones`, `agradecimientos`, `referencias`, `id_indice_articulo`) VALUES (:yp0, :yp1, :yp2, :yp3, :yp4, :yp5, :yp6, :yp7, :yp8, :yp9, :yp10, :yp11, :yp12)' in C:\xampp\htdocs\topicos\yii\framework\db\CDbCommand.php:358
Stack trace:
#0 C:\xampp\htdocs\topicos\yii\framework\db\ar\CActiveRecord.php(1080): CDbCommand->execute()
#1 C:\xampp\htdocs\topicos\yii\framework\db\ar\CActiveRecord.php(809): CActiveRecord->insert(NULL)
#2 C:\xampp\htdocs\topicos\yii\revista\protected\controllers\ArticuloController.php(73): CActiveRecord->save()
#3 C:\xampp\htdocs\topicos\yii\framework\web\actions\CInlineAction.php(49): ArticuloController->actionCreate()
#4 C:\xampp\htdocs\topicos\yii\framework\web\CController.php(308): CInlineAction->runWithParams(Array)
#5 C:\xampp\htdocs\topicos\yii\framework\web\filters\CFilterChain.php(133): CController->runAction(Object(CInlineAction))
#6 C:\xampp\htdocs\topicos\yii\framework\web\filters\CFilter.php(40): CFilterChain->run()
#7 C:\xampp\htdocs\topicos\yii\framework\web\CController.php(1145): CFilter->filter(Object(CFilterChain))
#8 C:\xampp\htdocs\topicos\yii\framework\web\filters\CInlineFilter.php(58): CController->filterAccessControl(Object(CFilterChain))
#9 C:\xampp\htdocs\topicos\yii\framework\web\filters\CFilterChain.php(130): CInlineFilter->filter(Object(CFilterChain))
#10 C:\xampp\htdocs\topicos\yii\framework\web\CController.php(291): CFilterChain->run()
#11 C:\xampp\htdocs\topicos\yii\framework\web\CController.php(265): CController->runActionWithFilters(Object(CInlineAction), Array)
#12 C:\xampp\htdocs\topicos\yii\framework\web\CWebApplication.php(282): CController->run('create')
#13 C:\xampp\htdocs\topicos\yii\framework\web\CWebApplication.php(141): CWebApplication->runController('articulo/create')
#14 C:\xampp\htdocs\topicos\yii\framework\base\CApplication.php(184): CWebApplication->processRequest()
#15 C:\xampp\htdocs\topicos\yii\revista\index.php(13): CApplication->run()
#16 {main}
REQUEST_URI=/topicos/yii/revista/index.php?r=articulo/create
HTTP_REFERER=http://localhost/topicos/yii/revista/index.php?r=articulo/create
---
2015/02/14 00:11:32 [error] [exception.CHttpException.404] exception 'CHttpException' with message 'Unable to resolve the request "revista".' in C:\xampp\htdocs\topicos\yii\framework\web\CWebApplication.php:286
Stack trace:
#0 C:\xampp\htdocs\topicos\yii\framework\web\CWebApplication.php(141): CWebApplication->runController('revista')
#1 C:\xampp\htdocs\topicos\yii\framework\base\CApplication.php(184): CWebApplication->processRequest()
#2 C:\xampp\htdocs\topicos\yii\revista\index.php(13): CApplication->run()
#3 {main}
REQUEST_URI=/topicos/yii/revista/index.php?r=revista
---
2015/02/14 00:15:07 [error] [system.db.CDbCommand] CDbCommand::execute() failed: SQLSTATE[23000]: Integrity constraint violation: 1452 Cannot add or update a child row: a foreign key constraint fails (`revista`.`articulo`, CONSTRAINT `fk_articulo_indice_articulo_1` FOREIGN KEY (`id_indice_articulo`) REFERENCES `indice_articulo` (`id_indice_articulo`) ON DELETE NO ACTION ON UPDATE NO ACTION). The SQL statement executed was: INSERT INTO `articulo` (`nombre`, `resumen`, `abstrac`, `introduccion`, `metodologia`, `contenido`, `fecha_creacion`, `archivo_pdf`, `id_status`, `conclusiones`, `agradecimientos`, `referencias`, `id_indice_articulo`) VALUES (:yp0, :yp1, :yp2, :yp3, :yp4, :yp5, :yp6, :yp7, :yp8, :yp9, :yp10, :yp11, :yp12).
in C:\xampp\htdocs\topicos\yii\revista\protected\controllers\ArticuloController.php (73)
in C:\xampp\htdocs\topicos\yii\revista\index.php (13)
2015/02/14 00:15:07 [error] [exception.CDbException] exception 'CDbException' with message 'CDbCommand failed to execute the SQL statement: SQLSTATE[23000]: Integrity constraint violation: 1452 Cannot add or update a child row: a foreign key constraint fails (`revista`.`articulo`, CONSTRAINT `fk_articulo_indice_articulo_1` FOREIGN KEY (`id_indice_articulo`) REFERENCES `indice_articulo` (`id_indice_articulo`) ON DELETE NO ACTION ON UPDATE NO ACTION). The SQL statement executed was: INSERT INTO `articulo` (`nombre`, `resumen`, `abstrac`, `introduccion`, `metodologia`, `contenido`, `fecha_creacion`, `archivo_pdf`, `id_status`, `conclusiones`, `agradecimientos`, `referencias`, `id_indice_articulo`) VALUES (:yp0, :yp1, :yp2, :yp3, :yp4, :yp5, :yp6, :yp7, :yp8, :yp9, :yp10, :yp11, :yp12)' in C:\xampp\htdocs\topicos\yii\framework\db\CDbCommand.php:358
Stack trace:
#0 C:\xampp\htdocs\topicos\yii\framework\db\ar\CActiveRecord.php(1080): CDbCommand->execute()
#1 C:\xampp\htdocs\topicos\yii\framework\db\ar\CActiveRecord.php(809): CActiveRecord->insert(NULL)
#2 C:\xampp\htdocs\topicos\yii\revista\protected\controllers\ArticuloController.php(73): CActiveRecord->save()
#3 C:\xampp\htdocs\topicos\yii\framework\web\actions\CInlineAction.php(49): ArticuloController->actionCreate()
#4 C:\xampp\htdocs\topicos\yii\framework\web\CController.php(308): CInlineAction->runWithParams(Array)
#5 C:\xampp\htdocs\topicos\yii\framework\web\filters\CFilterChain.php(133): CController->runAction(Object(CInlineAction))
#6 C:\xampp\htdocs\topicos\yii\framework\web\filters\CFilter.php(40): CFilterChain->run()
#7 C:\xampp\htdocs\topicos\yii\framework\web\CController.php(1145): CFilter->filter(Object(CFilterChain))
#8 C:\xampp\htdocs\topicos\yii\framework\web\filters\CInlineFilter.php(58): CController->filterAccessControl(Object(CFilterChain))
#9 C:\xampp\htdocs\topicos\yii\framework\web\filters\CFilterChain.php(130): CInlineFilter->filter(Object(CFilterChain))
#10 C:\xampp\htdocs\topicos\yii\framework\web\CController.php(291): CFilterChain->run()
#11 C:\xampp\htdocs\topicos\yii\framework\web\CController.php(265): CController->runActionWithFilters(Object(CInlineAction), Array)
#12 C:\xampp\htdocs\topicos\yii\framework\web\CWebApplication.php(282): CController->run('create')
#13 C:\xampp\htdocs\topicos\yii\framework\web\CWebApplication.php(141): CWebApplication->runController('articulo/create')
#14 C:\xampp\htdocs\topicos\yii\framework\base\CApplication.php(184): CWebApplication->processRequest()
#15 C:\xampp\htdocs\topicos\yii\revista\index.php(13): CApplication->run()
#16 {main}
REQUEST_URI=/topicos/yii/revista/index.php?r=articulo/create
HTTP_REFERER=http://localhost/topicos/yii/revista/index.php?r=articulo/create
---
2015/02/14 00:19:00 [error] [exception.CHttpException.404] exception 'CHttpException' with message 'The system is unable to find the requested action "agregar".' in C:\xampp\htdocs\topicos\yii\framework\web\CController.php:483
Stack trace:
#0 C:\xampp\htdocs\topicos\yii\framework\web\CController.php(270): CController->missingAction('agregar')
#1 C:\xampp\htdocs\topicos\yii\framework\web\CWebApplication.php(282): CController->run('agregar')
#2 C:\xampp\htdocs\topicos\yii\framework\web\CWebApplication.php(141): CWebApplication->runController('articulo/agrega...')
#3 C:\xampp\htdocs\topicos\yii\framework\base\CApplication.php(184): CWebApplication->processRequest()
#4 C:\xampp\htdocs\topicos\yii\revista\index.php(13): CApplication->run()
#5 {main}
REQUEST_URI=/topicos/yii/revista/index.php?r=articulo/agregar
---
2015/02/14 00:54:49 [error] [exception.CHttpException.404] exception 'CHttpException' with message 'The system is unable to find the requested action "create".' in C:\xampp\htdocs\topicos\yii\framework\web\CController.php:483
Stack trace:
#0 C:\xampp\htdocs\topicos\yii\framework\web\CController.php(270): CController->missingAction('create')
#1 C:\xampp\htdocs\topicos\yii\framework\web\CWebApplication.php(282): CController->run('create')
#2 C:\xampp\htdocs\topicos\yii\framework\web\CWebApplication.php(141): CWebApplication->runController('articulo/create')
#3 C:\xampp\htdocs\topicos\yii\framework\base\CApplication.php(184): CWebApplication->processRequest()
#4 C:\xampp\htdocs\topicos\yii\revista\index.php(13): CApplication->run()
#5 {main}
REQUEST_URI=/topicos/yii/revista/index.php?r=articulo/create
HTTP_REFERER=http://localhost/topicos/yii/revista/index.php?r=articulo/view&id=4
---
2015/02/19 00:20:29 [error] [exception.CHttpException.404] exception 'CHttpException' with message 'Unable to resolve the request "articulos/create".' in C:\xampp\htdocs\topicosweb\framework\web\CWebApplication.php:286
Stack trace:
#0 C:\xampp\htdocs\topicosweb\framework\web\CWebApplication.php(141): CWebApplication->runController('articulos/creat...')
#1 C:\xampp\htdocs\topicosweb\framework\base\CApplication.php(184): CWebApplication->processRequest()
#2 C:\xampp\htdocs\topicosweb\11030704\revista\index.php(13): CApplication->run()
#3 {main}
REQUEST_URI=/topicosweb/11030704/revista/?r=articulos/create
HTTP_REFERER=http://localhost/topicosweb/11030704/revista/
---
2015/02/19 00:22:26 [error] [exception.CHttpException.404] exception 'CHttpException' with message 'Unable to resolve the request "articulos/create".' in C:\xampp\htdocs\topicosweb\framework\web\CWebApplication.php:286
Stack trace:
#0 C:\xampp\htdocs\topicosweb\framework\web\CWebApplication.php(141): CWebApplication->runController('articulos/creat...')
#1 C:\xampp\htdocs\topicosweb\framework\base\CApplication.php(184): CWebApplication->processRequest()
#2 C:\xampp\htdocs\topicosweb\11030704\revista\index.php(13): CApplication->run()
#3 {main}
REQUEST_URI=/topicosweb/11030704/revista/?r=articulos/create
HTTP_REFERER=http://localhost/topicosweb/11030704/revista/
---
2015/02/19 00:22:48 [error] [exception.CHttpException.404] exception 'CHttpException' with message 'Unable to resolve the request "articulos/create".' in C:\xampp\htdocs\topicosweb\framework\web\CWebApplication.php:286
Stack trace:
#0 C:\xampp\htdocs\topicosweb\framework\web\CWebApplication.php(141): CWebApplication->runController('articulos/creat...')
#1 C:\xampp\htdocs\topicosweb\framework\base\CApplication.php(184): CWebApplication->processRequest()
#2 C:\xampp\htdocs\topicosweb\11030704\revista\index.php(13): CApplication->run()
#3 {main}
REQUEST_URI=/topicosweb/11030704/revista/?r=articulos/create
HTTP_REFERER=http://localhost/topicosweb/11030704/revista/
---
2015/02/19 00:22:49 [error] [exception.CHttpException.404] exception 'CHttpException' with message 'Unable to resolve the request "articulos/create".' in C:\xampp\htdocs\topicosweb\framework\web\CWebApplication.php:286
Stack trace:
#0 C:\xampp\htdocs\topicosweb\framework\web\CWebApplication.php(141): CWebApplication->runController('articulos/creat...')
#1 C:\xampp\htdocs\topicosweb\framework\base\CApplication.php(184): CWebApplication->processRequest()
#2 C:\xampp\htdocs\topicosweb\11030704\revista\index.php(13): CApplication->run()
#3 {main}
REQUEST_URI=/topicosweb/11030704/revista/?r=articulos/create
HTTP_REFERER=http://localhost/topicosweb/11030704/revista/
---
2015/02/19 00:22:55 [error] [exception.CHttpException.404] exception 'CHttpException' with message 'Unable to resolve the request "articulos/create".' in C:\xampp\htdocs\topicosweb\framework\web\CWebApplication.php:286
Stack trace:
#0 C:\xampp\htdocs\topicosweb\framework\web\CWebApplication.php(141): CWebApplication->runController('articulos/creat...')
#1 C:\xampp\htdocs\topicosweb\framework\base\CApplication.php(184): CWebApplication->processRequest()
#2 C:\xampp\htdocs\topicosweb\11030704\revista\index.php(13): CApplication->run()
#3 {main}
REQUEST_URI=/topicosweb/11030704/revista/?r=articulos/create
HTTP_REFERER=http://localhost/topicosweb/11030704/revista/
---
2015/02/19 00:23:02 [error] [exception.CHttpException.404] exception 'CHttpException' with message 'The system is unable to find the requested action "create".' in C:\xampp\htdocs\topicosweb\framework\web\CController.php:483
Stack trace:
#0 C:\xampp\htdocs\topicosweb\framework\web\CController.php(270): CController->missingAction('create')
#1 C:\xampp\htdocs\topicosweb\framework\web\CWebApplication.php(282): CController->run('create')
#2 C:\xampp\htdocs\topicosweb\framework\web\CWebApplication.php(141): CWebApplication->runController('articulo/create')
#3 C:\xampp\htdocs\topicosweb\framework\base\CApplication.php(184): CWebApplication->processRequest()
#4 C:\xampp\htdocs\topicosweb\11030704\revista\index.php(13): CApplication->run()
#5 {main}
REQUEST_URI=/topicosweb/11030704/revista/?r=articulo/create
HTTP_REFERER=http://localhost/topicosweb/11030704/revista/
---
2015/02/19 00:23:41 [error] [exception.CHttpException.404] exception 'CHttpException' with message 'The system is unable to find the requested action "create".' in C:\xampp\htdocs\topicosweb\framework\web\CController.php:483
Stack trace:
#0 C:\xampp\htdocs\topicosweb\framework\web\CController.php(270): CController->missingAction('create')
#1 C:\xampp\htdocs\topicosweb\framework\web\CWebApplication.php(282): CController->run('create')
#2 C:\xampp\htdocs\topicosweb\framework\web\CWebApplication.php(141): CWebApplication->runController('articulo/create')
#3 C:\xampp\htdocs\topicosweb\framework\base\CApplication.php(184): CWebApplication->processRequest()
#4 C:\xampp\htdocs\topicosweb\11030704\revista\index.php(13): CApplication->run()
#5 {main}
REQUEST_URI=/topicosweb/11030704/revista/?r=articulo/create
HTTP_REFERER=http://localhost/topicosweb/11030704/revista/
---
2015/02/19 00:31:24 [error] [exception.CHttpException.404] exception 'CHttpException' with message 'The system is unable to find the requested action "agregar".' in C:\xampp\htdocs\topicosweb\framework\web\CController.php:483
Stack trace:
#0 C:\xampp\htdocs\topicosweb\framework\web\CController.php(270): CController->missingAction('agregar')
#1 C:\xampp\htdocs\topicosweb\framework\web\CWebApplication.php(282): CController->run('agregar')
#2 C:\xampp\htdocs\topicosweb\framework\web\CWebApplication.php(141): CWebApplication->runController('revista/agregar')
#3 C:\xampp\htdocs\topicosweb\framework\base\CApplication.php(184): CWebApplication->processRequest()
#4 C:\xampp\htdocs\topicosweb\11030704\revista\index.php(13): CApplication->run()
#5 {main}
REQUEST_URI=/topicosweb/11030704/revista/?r=revista/agregar
HTTP_REFERER=http://localhost/topicosweb/11030704/revista/?r=articulo/agregar
---
2015/02/19 00:31:52 [error] [exception.CHttpException.404] exception 'CHttpException' with message 'The system is unable to find the requested action "crear".' in C:\xampp\htdocs\topicosweb\framework\web\CController.php:483
Stack trace:
#0 C:\xampp\htdocs\topicosweb\framework\web\CController.php(270): CController->missingAction('crear')
#1 C:\xampp\htdocs\topicosweb\framework\web\CWebApplication.php(282): CController->run('crear')
#2 C:\xampp\htdocs\topicosweb\framework\web\CWebApplication.php(141): CWebApplication->runController('revista/crear')
#3 C:\xampp\htdocs\topicosweb\framework\base\CApplication.php(184): CWebApplication->processRequest()
#4 C:\xampp\htdocs\topicosweb\11030704\revista\index.php(13): CApplication->run()
#5 {main}
REQUEST_URI=/topicosweb/11030704/revista/?r=revista/crear
HTTP_REFERER=http://localhost/topicosweb/11030704/revista/??r=autor/agregar
---
2015/02/19 00:32:17 [error] [exception.CHttpException.404] exception 'CHttpException' with message 'The system is unable to find the requested action "crear".' in C:\xampp\htdocs\topicosweb\framework\web\CController.php:483
Stack trace:
#0 C:\xampp\htdocs\topicosweb\framework\web\CController.php(270): CController->missingAction('crear')
#1 C:\xampp\htdocs\topicosweb\framework\web\CWebApplication.php(282): CController->run('crear')
#2 C:\xampp\htdocs\topicosweb\framework\web\CWebApplication.php(141): CWebApplication->runController('revista/crear')
#3 C:\xampp\htdocs\topicosweb\framework\base\CApplication.php(184): CWebApplication->processRequest()
#4 C:\xampp\htdocs\topicosweb\11030704\revista\index.php(13): CApplication->run()
#5 {main}
REQUEST_URI=/topicosweb/11030704/revista/?r=revista/crear
HTTP_REFERER=http://localhost/topicosweb/11030704/revista/??r=autor/agregar
---
2015/02/19 00:37:16 [error] [php] Use of undefined constant form - assumed 'form' (C:\xampp\htdocs\topicosweb\11030704\revista\protected\views\autor\_form.php:24)
Stack trace:
#0 C:\xampp\htdocs\topicosweb\framework\web\CController.php(869): AutorController->renderFile()
#1 C:\xampp\htdocs\topicosweb\11030704\revista\protected\views\autor\create.php(18): AutorController->renderPartial()
#2 C:\xampp\htdocs\topicosweb\framework\web\CBaseController.php(126): require()
#3 C:\xampp\htdocs\topicosweb\framework\web\CBaseController.php(95): AutorController->renderInternal()
#4 C:\xampp\htdocs\topicosweb\framework\web\CController.php(869): AutorController->renderFile()
#5 C:\xampp\htdocs\topicosweb\framework\web\CController.php(782): AutorController->renderPartial()
#6 C:\xampp\htdocs\topicosweb\11030704\revista\protected\controllers\AutorController.php(79): AutorController->render()
#7 C:\xampp\htdocs\topicosweb\framework\web\actions\CInlineAction.php(49): AutorController->actionCreate()
#8 C:\xampp\htdocs\topicosweb\framework\web\CController.php(308): CInlineAction->runWithParams()
#9 C:\xampp\htdocs\topicosweb\framework\web\filters\CFilterChain.php(133): AutorController->runAction()
#10 C:\xampp\htdocs\topicosweb\framework\web\filters\CFilter.php(40): CFilterChain->run()
#11 C:\xampp\htdocs\topicosweb\framework\web\CController.php(1145): CAccessControlFilter->filter()
#12 C:\xampp\htdocs\topicosweb\framework\web\filters\CInlineFilter.php(58): AutorController->filterAccessControl()
#13 C:\xampp\htdocs\topicosweb\framework\web\filters\CFilterChain.php(130): CInlineFilter->filter()
#14 C:\xampp\htdocs\topicosweb\framework\web\CController.php(291): CFilterChain->run()
#15 C:\xampp\htdocs\topicosweb\framework\web\CController.php(265): AutorController->runActionWithFilters()
#16 C:\xampp\htdocs\topicosweb\framework\web\CWebApplication.php(282): AutorController->run()
#17 C:\xampp\htdocs\topicosweb\framework\web\CWebApplication.php(141): CWebApplication->runController()
#18 C:\xampp\htdocs\topicosweb\framework\base\CApplication.php(184): CWebApplication->processRequest()
#19 C:\xampp\htdocs\topicosweb\11030704\revista\index.php(13): CWebApplication->run()
REQUEST_URI=/topicosweb/11030704/revista/index.php?r=autor/create
in C:\xampp\htdocs\topicosweb\11030704\revista\protected\views\autor\_form.php (24)
in C:\xampp\htdocs\topicosweb\11030704\revista\protected\views\autor\create.php (18)
in C:\xampp\htdocs\topicosweb\11030704\revista\protected\controllers\AutorController.php (79)
2015/02/19 00:38:22 [error] [php] Use of undefined constant form - assumed 'form' (C:\xampp\htdocs\topicosweb\11030704\revista\protected\views\autor\_form.php:24)
Stack trace:
#0 C:\xampp\htdocs\topicosweb\framework\web\CController.php(869): AutorController->renderFile()
#1 C:\xampp\htdocs\topicosweb\11030704\revista\protected\views\autor\create.php(18): AutorController->renderPartial()
#2 C:\xampp\htdocs\topicosweb\framework\web\CBaseController.php(126): require()
#3 C:\xampp\htdocs\topicosweb\framework\web\CBaseController.php(95): AutorController->renderInternal()
#4 C:\xampp\htdocs\topicosweb\framework\web\CController.php(869): AutorController->renderFile()
#5 C:\xampp\htdocs\topicosweb\framework\web\CController.php(782): AutorController->renderPartial()
#6 C:\xampp\htdocs\topicosweb\11030704\revista\protected\controllers\AutorController.php(79): AutorController->render()
#7 C:\xampp\htdocs\topicosweb\framework\web\actions\CInlineAction.php(49): AutorController->actionCreate()
#8 C:\xampp\htdocs\topicosweb\framework\web\CController.php(308): CInlineAction->runWithParams()
#9 C:\xampp\htdocs\topicosweb\framework\web\filters\CFilterChain.php(133): AutorController->runAction()
#10 C:\xampp\htdocs\topicosweb\framework\web\filters\CFilter.php(40): CFilterChain->run()
#11 C:\xampp\htdocs\topicosweb\framework\web\CController.php(1145): CAccessControlFilter->filter()
#12 C:\xampp\htdocs\topicosweb\framework\web\filters\CInlineFilter.php(58): AutorController->filterAccessControl()
#13 C:\xampp\htdocs\topicosweb\framework\web\filters\CFilterChain.php(130): CInlineFilter->filter()
#14 C:\xampp\htdocs\topicosweb\framework\web\CController.php(291): CFilterChain->run()
#15 C:\xampp\htdocs\topicosweb\framework\web\CController.php(265): AutorController->runActionWithFilters()
#16 C:\xampp\htdocs\topicosweb\framework\web\CWebApplication.php(282): AutorController->run()
#17 C:\xampp\htdocs\topicosweb\framework\web\CWebApplication.php(141): CWebApplication->runController()
#18 C:\xampp\htdocs\topicosweb\framework\base\CApplication.php(184): CWebApplication->processRequest()
#19 C:\xampp\htdocs\topicosweb\11030704\revista\index.php(13): CWebApplication->run()
REQUEST_URI=/topicosweb/11030704/revista/index.php?r=autor/create
in C:\xampp\htdocs\topicosweb\11030704\revista\protected\views\autor\_form.php (24)
in C:\xampp\htdocs\topicosweb\11030704\revista\protected\views\autor\create.php (18)
in C:\xampp\htdocs\topicosweb\11030704\revista\protected\controllers\AutorController.php (79)
2015/02/19 00:38:32 [error] [php] Use of undefined constant form - assumed 'form' (C:\xampp\htdocs\topicosweb\11030704\revista\protected\views\autor\_form.php:24)
Stack trace:
#0 C:\xampp\htdocs\topicosweb\framework\web\CController.php(869): AutorController->renderFile()
#1 C:\xampp\htdocs\topicosweb\11030704\revista\protected\views\autor\create.php(18): AutorController->renderPartial()
#2 C:\xampp\htdocs\topicosweb\framework\web\CBaseController.php(126): require()
#3 C:\xampp\htdocs\topicosweb\framework\web\CBaseController.php(95): AutorController->renderInternal()
#4 C:\xampp\htdocs\topicosweb\framework\web\CController.php(869): AutorController->renderFile()
#5 C:\xampp\htdocs\topicosweb\framework\web\CController.php(782): AutorController->renderPartial()
#6 C:\xampp\htdocs\topicosweb\11030704\revista\protected\controllers\AutorController.php(79): AutorController->render()
#7 C:\xampp\htdocs\topicosweb\framework\web\actions\CInlineAction.php(49): AutorController->actionCreate()
#8 C:\xampp\htdocs\topicosweb\framework\web\CController.php(308): CInlineAction->runWithParams()
#9 C:\xampp\htdocs\topicosweb\framework\web\filters\CFilterChain.php(133): AutorController->runAction()
#10 C:\xampp\htdocs\topicosweb\framework\web\filters\CFilter.php(40): CFilterChain->run()
#11 C:\xampp\htdocs\topicosweb\framework\web\CController.php(1145): CAccessControlFilter->filter()
#12 C:\xampp\htdocs\topicosweb\framework\web\filters\CInlineFilter.php(58): AutorController->filterAccessControl()
#13 C:\xampp\htdocs\topicosweb\framework\web\filters\CFilterChain.php(130): CInlineFilter->filter()
#14 C:\xampp\htdocs\topicosweb\framework\web\CController.php(291): CFilterChain->run()
#15 C:\xampp\htdocs\topicosweb\framework\web\CController.php(265): AutorController->runActionWithFilters()
#16 C:\xampp\htdocs\topicosweb\framework\web\CWebApplication.php(282): AutorController->run()
#17 C:\xampp\htdocs\topicosweb\framework\web\CWebApplication.php(141): CWebApplication->runController()
#18 C:\xampp\htdocs\topicosweb\framework\base\CApplication.php(184): CWebApplication->processRequest()
#19 C:\xampp\htdocs\topicosweb\11030704\revista\index.php(13): CWebApplication->run()
REQUEST_URI=/topicosweb/11030704/revista/index.php?r=autor/create
in C:\xampp\htdocs\topicosweb\11030704\revista\protected\views\autor\_form.php (24)
in C:\xampp\htdocs\topicosweb\11030704\revista\protected\views\autor\create.php (18)
in C:\xampp\htdocs\topicosweb\11030704\revista\protected\controllers\AutorController.php (79)
2015/02/19 00:38:34 [error] [php] Use of undefined constant form - assumed 'form' (C:\xampp\htdocs\topicosweb\11030704\revista\protected\views\autor\_form.php:24)
Stack trace:
#0 C:\xampp\htdocs\topicosweb\framework\web\CController.php(869): AutorController->renderFile()
#1 C:\xampp\htdocs\topicosweb\11030704\revista\protected\views\autor\create.php(18): AutorController->renderPartial()
#2 C:\xampp\htdocs\topicosweb\framework\web\CBaseController.php(126): require()
#3 C:\xampp\htdocs\topicosweb\framework\web\CBaseController.php(95): AutorController->renderInternal()
#4 C:\xampp\htdocs\topicosweb\framework\web\CController.php(869): AutorController->renderFile()
#5 C:\xampp\htdocs\topicosweb\framework\web\CController.php(782): AutorController->renderPartial()
#6 C:\xampp\htdocs\topicosweb\11030704\revista\protected\controllers\AutorController.php(79): AutorController->render()
#7 C:\xampp\htdocs\topicosweb\framework\web\actions\CInlineAction.php(49): AutorController->actionCreate()
#8 C:\xampp\htdocs\topicosweb\framework\web\CController.php(308): CInlineAction->runWithParams()
#9 C:\xampp\htdocs\topicosweb\framework\web\filters\CFilterChain.php(133): AutorController->runAction()
#10 C:\xampp\htdocs\topicosweb\framework\web\filters\CFilter.php(40): CFilterChain->run()
#11 C:\xampp\htdocs\topicosweb\framework\web\CController.php(1145): CAccessControlFilter->filter()
#12 C:\xampp\htdocs\topicosweb\framework\web\filters\CInlineFilter.php(58): AutorController->filterAccessControl()
#13 C:\xampp\htdocs\topicosweb\framework\web\filters\CFilterChain.php(130): CInlineFilter->filter()
#14 C:\xampp\htdocs\topicosweb\framework\web\CController.php(291): CFilterChain->run()
#15 C:\xampp\htdocs\topicosweb\framework\web\CController.php(265): AutorController->runActionWithFilters()
#16 C:\xampp\htdocs\topicosweb\framework\web\CWebApplication.php(282): AutorController->run()
#17 C:\xampp\htdocs\topicosweb\framework\web\CWebApplication.php(141): CWebApplication->runController()
#18 C:\xampp\htdocs\topicosweb\framework\base\CApplication.php(184): CWebApplication->processRequest()
#19 C:\xampp\htdocs\topicosweb\11030704\revista\index.php(13): CWebApplication->run()
REQUEST_URI=/topicosweb/11030704/revista/index.php?r=autor/create
in C:\xampp\htdocs\topicosweb\11030704\revista\protected\views\autor\_form.php (24)
in C:\xampp\htdocs\topicosweb\11030704\revista\protected\views\autor\create.php (18)
in C:\xampp\htdocs\topicosweb\11030704\revista\protected\controllers\AutorController.php (79)
2015/02/19 00:38:45 [error] [php] Use of undefined constant form - assumed 'form' (C:\xampp\htdocs\topicosweb\11030704\revista\protected\views\autor\_form.php:24)
Stack trace:
#0 C:\xampp\htdocs\topicosweb\framework\web\CController.php(869): AutorController->renderFile()
#1 C:\xampp\htdocs\topicosweb\11030704\revista\protected\views\autor\create.php(18): AutorController->renderPartial()
#2 C:\xampp\htdocs\topicosweb\framework\web\CBaseController.php(126): require()
#3 C:\xampp\htdocs\topicosweb\framework\web\CBaseController.php(95): AutorController->renderInternal()
#4 C:\xampp\htdocs\topicosweb\framework\web\CController.php(869): AutorController->renderFile()
#5 C:\xampp\htdocs\topicosweb\framework\web\CController.php(782): AutorController->renderPartial()
#6 C:\xampp\htdocs\topicosweb\11030704\revista\protected\controllers\AutorController.php(79): AutorController->render()
#7 C:\xampp\htdocs\topicosweb\framework\web\actions\CInlineAction.php(49): AutorController->actionCreate()
#8 C:\xampp\htdocs\topicosweb\framework\web\CController.php(308): CInlineAction->runWithParams()
#9 C:\xampp\htdocs\topicosweb\framework\web\filters\CFilterChain.php(133): AutorController->runAction()
#10 C:\xampp\htdocs\topicosweb\framework\web\filters\CFilter.php(40): CFilterChain->run()
#11 C:\xampp\htdocs\topicosweb\framework\web\CController.php(1145): CAccessControlFilter->filter()
#12 C:\xampp\htdocs\topicosweb\framework\web\filters\CInlineFilter.php(58): AutorController->filterAccessControl()
#13 C:\xampp\htdocs\topicosweb\framework\web\filters\CFilterChain.php(130): CInlineFilter->filter()
#14 C:\xampp\htdocs\topicosweb\framework\web\CController.php(291): CFilterChain->run()
#15 C:\xampp\htdocs\topicosweb\framework\web\CController.php(265): AutorController->runActionWithFilters()
#16 C:\xampp\htdocs\topicosweb\framework\web\CWebApplication.php(282): AutorController->run()
#17 C:\xampp\htdocs\topicosweb\framework\web\CWebApplication.php(141): CWebApplication->runController()
#18 C:\xampp\htdocs\topicosweb\framework\base\CApplication.php(184): CWebApplication->processRequest()
#19 C:\xampp\htdocs\topicosweb\11030704\revista\index.php(13): CWebApplication->run()
REQUEST_URI=/topicosweb/11030704/revista/index.php?r=autor/create
in C:\xampp\htdocs\topicosweb\11030704\revista\protected\views\autor\_form.php (24)
in C:\xampp\htdocs\topicosweb\11030704\revista\protected\views\autor\create.php (18)
in C:\xampp\htdocs\topicosweb\11030704\revista\protected\controllers\AutorController.php (79)
2015/02/19 00:38:48 [error] [php] Use of undefined constant form - assumed 'form' (C:\xampp\htdocs\topicosweb\11030704\revista\protected\views\autor\_form.php:24)
Stack trace:
#0 C:\xampp\htdocs\topicosweb\framework\web\CController.php(869): AutorController->renderFile()
#1 C:\xampp\htdocs\topicosweb\11030704\revista\protected\views\autor\create.php(18): AutorController->renderPartial()
#2 C:\xampp\htdocs\topicosweb\framework\web\CBaseController.php(126): require()
#3 C:\xampp\htdocs\topicosweb\framework\web\CBaseController.php(95): AutorController->renderInternal()
#4 C:\xampp\htdocs\topicosweb\framework\web\CController.php(869): AutorController->renderFile()
#5 C:\xampp\htdocs\topicosweb\framework\web\CController.php(782): AutorController->renderPartial()
#6 C:\xampp\htdocs\topicosweb\11030704\revista\protected\controllers\AutorController.php(79): AutorController->render()
#7 C:\xampp\htdocs\topicosweb\framework\web\actions\CInlineAction.php(49): AutorController->actionCreate()
#8 C:\xampp\htdocs\topicosweb\framework\web\CController.php(308): CInlineAction->runWithParams()
#9 C:\xampp\htdocs\topicosweb\framework\web\filters\CFilterChain.php(133): AutorController->runAction()
#10 C:\xampp\htdocs\topicosweb\framework\web\filters\CFilter.php(40): CFilterChain->run()
#11 C:\xampp\htdocs\topicosweb\framework\web\CController.php(1145): CAccessControlFilter->filter()
#12 C:\xampp\htdocs\topicosweb\framework\web\filters\CInlineFilter.php(58): AutorController->filterAccessControl()
#13 C:\xampp\htdocs\topicosweb\framework\web\filters\CFilterChain.php(130): CInlineFilter->filter()
#14 C:\xampp\htdocs\topicosweb\framework\web\CController.php(291): CFilterChain->run()
#15 C:\xampp\htdocs\topicosweb\framework\web\CController.php(265): AutorController->runActionWithFilters()
#16 C:\xampp\htdocs\topicosweb\framework\web\CWebApplication.php(282): AutorController->run()
#17 C:\xampp\htdocs\topicosweb\framework\web\CWebApplication.php(141): CWebApplication->runController()
#18 C:\xampp\htdocs\topicosweb\framework\base\CApplication.php(184): CWebApplication->processRequest()
#19 C:\xampp\htdocs\topicosweb\11030704\revista\index.php(13): CWebApplication->run()
REQUEST_URI=/topicosweb/11030704/revista/index.php?r=autor/create
in C:\xampp\htdocs\topicosweb\11030704\revista\protected\views\autor\_form.php (24)
in C:\xampp\htdocs\topicosweb\11030704\revista\protected\views\autor\create.php (18)
in C:\xampp\htdocs\topicosweb\11030704\revista\protected\controllers\AutorController.php (79)
2015/02/19 00:40:03 [error] [php] Use of undefined constant form - assumed 'form' (C:\xampp\htdocs\topicosweb\11030704\revista\protected\views\autor\_form.php:36)
Stack trace:
#0 C:\xampp\htdocs\topicosweb\framework\web\CController.php(869): AutorController->renderFile()
#1 C:\xampp\htdocs\topicosweb\11030704\revista\protected\views\autor\create.php(18): AutorController->renderPartial()
#2 C:\xampp\htdocs\topicosweb\framework\web\CBaseController.php(126): require()
#3 C:\xampp\htdocs\topicosweb\framework\web\CBaseController.php(95): AutorController->renderInternal()
#4 C:\xampp\htdocs\topicosweb\framework\web\CController.php(869): AutorController->renderFile()
#5 C:\xampp\htdocs\topicosweb\framework\web\CController.php(782): AutorController->renderPartial()
#6 C:\xampp\htdocs\topicosweb\11030704\revista\protected\controllers\AutorController.php(79): AutorController->render()
#7 C:\xampp\htdocs\topicosweb\framework\web\actions\CInlineAction.php(49): AutorController->actionCreate()
#8 C:\xampp\htdocs\topicosweb\framework\web\CController.php(308): CInlineAction->runWithParams()
#9 C:\xampp\htdocs\topicosweb\framework\web\filters\CFilterChain.php(133): AutorController->runAction()
#10 C:\xampp\htdocs\topicosweb\framework\web\filters\CFilter.php(40): CFilterChain->run()
#11 C:\xampp\htdocs\topicosweb\framework\web\CController.php(1145): CAccessControlFilter->filter()
#12 C:\xampp\htdocs\topicosweb\framework\web\filters\CInlineFilter.php(58): AutorController->filterAccessControl()
#13 C:\xampp\htdocs\topicosweb\framework\web\filters\CFilterChain.php(130): CInlineFilter->filter()
#14 C:\xampp\htdocs\topicosweb\framework\web\CController.php(291): CFilterChain->run()
#15 C:\xampp\htdocs\topicosweb\framework\web\CController.php(265): AutorController->runActionWithFilters()
#16 C:\xampp\htdocs\topicosweb\framework\web\CWebApplication.php(282): AutorController->run()
#17 C:\xampp\htdocs\topicosweb\framework\web\CWebApplication.php(141): CWebApplication->runController()
#18 C:\xampp\htdocs\topicosweb\framework\base\CApplication.php(184): CWebApplication->processRequest()
#19 C:\xampp\htdocs\topicosweb\11030704\revista\index.php(13): CWebApplication->run()
REQUEST_URI=/topicosweb/11030704/revista/index.php?r=autor/create
in C:\xampp\htdocs\topicosweb\11030704\revista\protected\views\autor\_form.php (36)
in C:\xampp\htdocs\topicosweb\11030704\revista\protected\views\autor\create.php (18)
in C:\xampp\htdocs\topicosweb\11030704\revista\protected\controllers\AutorController.php (79)
2015/02/19 00:40:07 [error] [php] Use of undefined constant form - assumed 'form' (C:\xampp\htdocs\topicosweb\11030704\revista\protected\views\autor\_form.php:36)
Stack trace:
#0 C:\xampp\htdocs\topicosweb\framework\web\CController.php(869): AutorController->renderFile()
#1 C:\xampp\htdocs\topicosweb\11030704\revista\protected\views\autor\create.php(18): AutorController->renderPartial()
#2 C:\xampp\htdocs\topicosweb\framework\web\CBaseController.php(126): require()
#3 C:\xampp\htdocs\topicosweb\framework\web\CBaseController.php(95): AutorController->renderInternal()
#4 C:\xampp\htdocs\topicosweb\framework\web\CController.php(869): AutorController->renderFile()
#5 C:\xampp\htdocs\topicosweb\framework\web\CController.php(782): AutorController->renderPartial()
#6 C:\xampp\htdocs\topicosweb\11030704\revista\protected\controllers\AutorController.php(79): AutorController->render()
#7 C:\xampp\htdocs\topicosweb\framework\web\actions\CInlineAction.php(49): AutorController->actionCreate()
#8 C:\xampp\htdocs\topicosweb\framework\web\CController.php(308): CInlineAction->runWithParams()
#9 C:\xampp\htdocs\topicosweb\framework\web\filters\CFilterChain.php(133): AutorController->runAction()
#10 C:\xampp\htdocs\topicosweb\framework\web\filters\CFilter.php(40): CFilterChain->run()
#11 C:\xampp\htdocs\topicosweb\framework\web\CController.php(1145): CAccessControlFilter->filter()
#12 C:\xampp\htdocs\topicosweb\framework\web\filters\CInlineFilter.php(58): AutorController->filterAccessControl()
#13 C:\xampp\htdocs\topicosweb\framework\web\filters\CFilterChain.php(130): CInlineFilter->filter()
#14 C:\xampp\htdocs\topicosweb\framework\web\CController.php(291): CFilterChain->run()
#15 C:\xampp\htdocs\topicosweb\framework\web\CController.php(265): AutorController->runActionWithFilters()
#16 C:\xampp\htdocs\topicosweb\framework\web\CWebApplication.php(282): AutorController->run()
#17 C:\xampp\htdocs\topicosweb\framework\web\CWebApplication.php(141): CWebApplication->runController()
#18 C:\xampp\htdocs\topicosweb\framework\base\CApplication.php(184): CWebApplication->processRequest()
#19 C:\xampp\htdocs\topicosweb\11030704\revista\index.php(13): CWebApplication->run()
REQUEST_URI=/topicosweb/11030704/revista/index.php?r=autor/create
in C:\xampp\htdocs\topicosweb\11030704\revista\protected\views\autor\_form.php (36)
in C:\xampp\htdocs\topicosweb\11030704\revista\protected\views\autor\create.php (18)
in C:\xampp\htdocs\topicosweb\11030704\revista\protected\controllers\AutorController.php (79)
2015/02/19 01:22:40 [error] [exception.CHttpException.404] exception 'CHttpException' with message 'The system is unable to find the requested action "agregar".' in C:\xampp\htdocs\topicosweb\framework\web\CController.php:483
Stack trace:
#0 C:\xampp\htdocs\topicosweb\framework\web\CController.php(270): CController->missingAction('agregar')
#1 C:\xampp\htdocs\topicosweb\framework\web\CWebApplication.php(282): CController->run('agregar')
#2 C:\xampp\htdocs\topicosweb\framework\web\CWebApplication.php(141): CWebApplication->runController('articulo/agrega...')
#3 C:\xampp\htdocs\topicosweb\framework\base\CApplication.php(184): CWebApplication->processRequest()
#4 C:\xampp\htdocs\topicosweb\11030704\revista\index.php(13): CApplication->run()
#5 {main}
REQUEST_URI=/topicosweb/11030704/revista/index.php?r=articulo/agregar
HTTP_REFERER=http://localhost/topicosweb/11030704/revista/index.php?r=revista/create
---
2015/02/19 01:22:41 [error] [exception.CHttpException.404] exception 'CHttpException' with message 'The system is unable to find the requested action "agregar".' in C:\xampp\htdocs\topicosweb\framework\web\CController.php:483
Stack trace:
#0 C:\xampp\htdocs\topicosweb\framework\web\CController.php(270): CController->missingAction('agregar')
#1 C:\xampp\htdocs\topicosweb\framework\web\CWebApplication.php(282): CController->run('agregar')
#2 C:\xampp\htdocs\topicosweb\framework\web\CWebApplication.php(141): CWebApplication->runController('articulo/agrega...')
#3 C:\xampp\htdocs\topicosweb\framework\base\CApplication.php(184): CWebApplication->processRequest()
#4 C:\xampp\htdocs\topicosweb\11030704\revista\index.php(13): CApplication->run()
#5 {main}
REQUEST_URI=/topicosweb/11030704/revista/index.php?r=articulo/agregar
HTTP_REFERER=http://localhost/topicosweb/11030704/revista/index.php?r=articulo/agregar
---
2015/02/19 01:22:44 [error] [exception.CHttpException.404] exception 'CHttpException' with message 'The system is unable to find the requested action "agregar".' in C:\xampp\htdocs\topicosweb\framework\web\CController.php:483
Stack trace:
#0 C:\xampp\htdocs\topicosweb\framework\web\CController.php(270): CController->missingAction('agregar')
#1 C:\xampp\htdocs\topicosweb\framework\web\CWebApplication.php(282): CController->run('agregar')
#2 C:\xampp\htdocs\topicosweb\framework\web\CWebApplication.php(141): CWebApplication->runController('articulo/agrega...')
#3 C:\xampp\htdocs\topicosweb\framework\base\CApplication.php(184): CWebApplication->processRequest()
#4 C:\xampp\htdocs\topicosweb\11030704\revista\index.php(13): CApplication->run()
#5 {main}
REQUEST_URI=/topicosweb/11030704/revista/index.php?r=articulo/agregar
HTTP_REFERER=http://localhost/topicosweb/11030704/revista/index.php?r=revista/create
---
2015/02/19 01:24:11 [error] [exception.CHttpException.403] exception 'CHttpException' with message 'You are not authorized to perform this action.' in C:\xampp\htdocs\topicosweb\framework\web\auth\CAccessControlFilter.php:182
Stack trace:
#0 C:\xampp\htdocs\topicosweb\framework\web\auth\CAccessControlFilter.php(145): CAccessControlFilter->accessDenied(Object(CWebUser), 'You are not aut...')
#1 C:\xampp\htdocs\topicosweb\framework\web\filters\CFilter.php(38): CAccessControlFilter->preFilter(Object(CFilterChain))
#2 C:\xampp\htdocs\topicosweb\framework\web\CController.php(1145): CFilter->filter(Object(CFilterChain))
#3 C:\xampp\htdocs\topicosweb\framework\web\filters\CInlineFilter.php(58): CController->filterAccessControl(Object(CFilterChain))
#4 C:\xampp\htdocs\topicosweb\framework\web\filters\CFilterChain.php(130): CInlineFilter->filter(Object(CFilterChain))
#5 C:\xampp\htdocs\topicosweb\framework\web\CController.php(291): CFilterChain->run()
#6 C:\xampp\htdocs\topicosweb\framework\web\CController.php(265): CController->runActionWithFilters(Object(CInlineAction), Array)
#7 C:\xampp\htdocs\topicosweb\framework\web\CWebApplication.php(282): CController->run('agregar')
#8 C:\xampp\htdocs\topicosweb\framework\web\CWebApplication.php(141): CWebApplication->runController('articulo/agrega...')
#9 C:\xampp\htdocs\topicosweb\framework\base\CApplication.php(184): CWebApplication->processRequest()
#10 C:\xampp\htdocs\topicosweb\11030704\revista\index.php(13): CApplication->run()
#11 {main}
REQUEST_URI=/topicosweb/11030704/revista/index.php?r=articulo/agregar
HTTP_REFERER=http://localhost/topicosweb/11030704/revista/index.php?r=revista/create
---
2015/02/19 01:24:16 [error] [exception.CHttpException.403] exception 'CHttpException' with message 'You are not authorized to perform this action.' in C:\xampp\htdocs\topicosweb\framework\web\auth\CAccessControlFilter.php:182
Stack trace:
#0 C:\xampp\htdocs\topicosweb\framework\web\auth\CAccessControlFilter.php(145): CAccessControlFilter->accessDenied(Object(CWebUser), 'You are not aut...')
#1 C:\xampp\htdocs\topicosweb\framework\web\filters\CFilter.php(38): CAccessControlFilter->preFilter(Object(CFilterChain))
#2 C:\xampp\htdocs\topicosweb\framework\web\CController.php(1145): CFilter->filter(Object(CFilterChain))
#3 C:\xampp\htdocs\topicosweb\framework\web\filters\CInlineFilter.php(58): CController->filterAccessControl(Object(CFilterChain))
#4 C:\xampp\htdocs\topicosweb\framework\web\filters\CFilterChain.php(130): CInlineFilter->filter(Object(CFilterChain))
#5 C:\xampp\htdocs\topicosweb\framework\web\CController.php(291): CFilterChain->run()
#6 C:\xampp\htdocs\topicosweb\framework\web\CController.php(265): CController->runActionWithFilters(Object(CInlineAction), Array)
#7 C:\xampp\htdocs\topicosweb\framework\web\CWebApplication.php(282): CController->run('agregar')
#8 C:\xampp\htdocs\topicosweb\framework\web\CWebApplication.php(141): CWebApplication->runController('articulo/agrega...')
#9 C:\xampp\htdocs\topicosweb\framework\base\CApplication.php(184): CWebApplication->processRequest()
#10 C:\xampp\htdocs\topicosweb\11030704\revista\index.php(13): CApplication->run()
#11 {main}
REQUEST_URI=/topicosweb/11030704/revista/index.php?r=articulo/agregar
HTTP_REFERER=http://localhost/topicosweb/11030704/revista/index.php?r=articulo/agregar
---
2015/02/19 01:24:19 [error] [exception.CHttpException.403] exception 'CHttpException' with message 'You are not authorized to perform this action.' in C:\xampp\htdocs\topicosweb\framework\web\auth\CAccessControlFilter.php:182
Stack trace:
#0 C:\xampp\htdocs\topicosweb\framework\web\auth\CAccessControlFilter.php(145): CAccessControlFilter->accessDenied(Object(CWebUser), 'You are not aut...')
#1 C:\xampp\htdocs\topicosweb\framework\web\filters\CFilter.php(38): CAccessControlFilter->preFilter(Object(CFilterChain))
#2 C:\xampp\htdocs\topicosweb\framework\web\CController.php(1145): CFilter->filter(Object(CFilterChain))
#3 C:\xampp\htdocs\topicosweb\framework\web\filters\CInlineFilter.php(58): CController->filterAccessControl(Object(CFilterChain))
#4 C:\xampp\htdocs\topicosweb\framework\web\filters\CFilterChain.php(130): CInlineFilter->filter(Object(CFilterChain))
#5 C:\xampp\htdocs\topicosweb\framework\web\CController.php(291): CFilterChain->run()
#6 C:\xampp\htdocs\topicosweb\framework\web\CController.php(265): CController->runActionWithFilters(Object(CInlineAction), Array)
#7 C:\xampp\htdocs\topicosweb\framework\web\CWebApplication.php(282): CController->run('agregar')
#8 C:\xampp\htdocs\topicosweb\framework\web\CWebApplication.php(141): CWebApplication->runController('articulo/agrega...')
#9 C:\xampp\htdocs\topicosweb\framework\base\CApplication.php(184): CWebApplication->processRequest()
#10 C:\xampp\htdocs\topicosweb\11030704\revista\index.php(13): CApplication->run()
#11 {main}
REQUEST_URI=/topicosweb/11030704/revista/index.php?r=articulo/agregar
HTTP_REFERER=http://localhost/topicosweb/11030704/revista/index.php?r=revista/create
---
2015/02/19 01:24:46 [error] [exception.CHttpException.403] exception 'CHttpException' with message 'You are not authorized to perform this action.' in C:\xampp\htdocs\topicosweb\framework\web\auth\CAccessControlFilter.php:182
Stack trace:
#0 C:\xampp\htdocs\topicosweb\framework\web\auth\CAccessControlFilter.php(145): CAccessControlFilter->accessDenied(Object(CWebUser), 'You are not aut...')
#1 C:\xampp\htdocs\topicosweb\framework\web\filters\CFilter.php(38): CAccessControlFilter->preFilter(Object(CFilterChain))
#2 C:\xampp\htdocs\topicosweb\framework\web\CController.php(1145): CFilter->filter(Object(CFilterChain))
#3 C:\xampp\htdocs\topicosweb\framework\web\filters\CInlineFilter.php(58): CController->filterAccessControl(Object(CFilterChain))
#4 C:\xampp\htdocs\topicosweb\framework\web\filters\CFilterChain.php(130): CInlineFilter->filter(Object(CFilterChain))
#5 C:\xampp\htdocs\topicosweb\framework\web\CController.php(291): CFilterChain->run()
#6 C:\xampp\htdocs\topicosweb\framework\web\CController.php(265): CController->runActionWithFilters(Object(CInlineAction), Array)
#7 C:\xampp\htdocs\topicosweb\framework\web\CWebApplication.php(282): CController->run('agregar')
#8 C:\xampp\htdocs\topicosweb\framework\web\CWebApplication.php(141): CWebApplication->runController('articulo/agrega...')
#9 C:\xampp\htdocs\topicosweb\framework\base\CApplication.php(184): CWebApplication->processRequest()
#10 C:\xampp\htdocs\topicosweb\11030704\revista\index.php(13): CApplication->run()
#11 {main}
REQUEST_URI=/topicosweb/11030704/revista/index.php?r=articulo/agregar
HTTP_REFERER=http://localhost/topicosweb/11030704/revista/index.php?r=articulo/agregar
---
2015/02/19 01:25:08 [error] [exception.CHttpException.403] exception 'CHttpException' with message 'You are not authorized to perform this action.' in C:\xampp\htdocs\topicosweb\framework\web\auth\CAccessControlFilter.php:182
Stack trace:
#0 C:\xampp\htdocs\topicosweb\framework\web\auth\CAccessControlFilter.php(145): CAccessControlFilter->accessDenied(Object(CWebUser), 'You are not aut...')
#1 C:\xampp\htdocs\topicosweb\framework\web\filters\CFilter.php(38): CAccessControlFilter->preFilter(Object(CFilterChain))
#2 C:\xampp\htdocs\topicosweb\framework\web\CController.php(1145): CFilter->filter(Object(CFilterChain))
#3 C:\xampp\htdocs\topicosweb\framework\web\filters\CInlineFilter.php(58): CController->filterAccessControl(Object(CFilterChain))
#4 C:\xampp\htdocs\topicosweb\framework\web\filters\CFilterChain.php(130): CInlineFilter->filter(Object(CFilterChain))
#5 C:\xampp\htdocs\topicosweb\framework\web\CController.php(291): CFilterChain->run()
#6 C:\xampp\htdocs\topicosweb\framework\web\CController.php(265): CController->runActionWithFilters(Object(CInlineAction), Array)
#7 C:\xampp\htdocs\topicosweb\framework\web\CWebApplication.php(282): CController->run('agregar')
#8 C:\xampp\htdocs\topicosweb\framework\web\CWebApplication.php(141): CWebApplication->runController('articulo/agrega...')
#9 C:\xampp\htdocs\topicosweb\framework\base\CApplication.php(184): CWebApplication->processRequest()
#10 C:\xampp\htdocs\topicosweb\11030704\revista\index.php(13): CApplication->run()
#11 {main}
REQUEST_URI=/topicosweb/11030704/revista/index.php?r=articulo/agregar
HTTP_REFERER=http://localhost/topicosweb/11030704/revista/index.php?r=articulo/agregar
---
2015/02/21 00:28:25 [error] [exception.CHttpException.404] exception 'CHttpException' with message 'The system is unable to find the requested action "agregar".' in C:\xampp\htdocs\topicosweb\framework\web\CController.php:483
Stack trace:
#0 C:\xampp\htdocs\topicosweb\framework\web\CController.php(270): CController->missingAction('agregar')
#1 C:\xampp\htdocs\topicosweb\framework\web\CWebApplication.php(282): CController->run('agregar')
#2 C:\xampp\htdocs\topicosweb\framework\web\CWebApplication.php(141): CWebApplication->runController('articulo/agrega...')
#3 C:\xampp\htdocs\topicosweb\framework\base\CApplication.php(184): CWebApplication->processRequest()
#4 C:\xampp\htdocs\topicosweb\11030600\revista\index.php(13): CApplication->run()
#5 {main}
REQUEST_URI=/topicosweb/11030600/revista/index.php?r=articulo/agregar
HTTP_REFERER=http://localhost:8080/topicosweb/11030600/revista/index.php?r=revista/create
---
2015/02/21 00:45:05 [error] [php] Undefined variable: modelStatus (C:\xampp\htdocs\topicosweb\11030600\revista\protected\views\articulo\create.php:18)
Stack trace:
#0 C:\xampp\htdocs\topicosweb\framework\web\CController.php(869): ArticuloController->renderFile()
#1 C:\xampp\htdocs\topicosweb\framework\web\CController.php(782): ArticuloController->renderPartial()
#2 C:\xampp\htdocs\topicosweb\11030600\revista\protected\controllers\ArticuloController.php(79): ArticuloController->render()
#3 C:\xampp\htdocs\topicosweb\framework\web\actions\CInlineAction.php(49): ArticuloController->actionCreate()
#4 C:\xampp\htdocs\topicosweb\framework\web\CController.php(308): CInlineAction->runWithParams()
#5 C:\xampp\htdocs\topicosweb\framework\web\filters\CFilterChain.php(133): ArticuloController->runAction()
#6 C:\xampp\htdocs\topicosweb\framework\web\filters\CFilter.php(40): CFilterChain->run()
#7 C:\xampp\htdocs\topicosweb\framework\web\CController.php(1145): CAccessControlFilter->filter()
#8 C:\xampp\htdocs\topicosweb\framework\web\filters\CInlineFilter.php(58): ArticuloController->filterAccessControl()
#9 C:\xampp\htdocs\topicosweb\framework\web\filters\CFilterChain.php(130): CInlineFilter->filter()
#10 C:\xampp\htdocs\topicosweb\framework\web\CController.php(291): CFilterChain->run()
#11 C:\xampp\htdocs\topicosweb\framework\web\CController.php(265): ArticuloController->runActionWithFilters()
#12 C:\xampp\htdocs\topicosweb\framework\web\CWebApplication.php(282): ArticuloController->run()
#13 C:\xampp\htdocs\topicosweb\framework\web\CWebApplication.php(141): CWebApplication->runController()
#14 C:\xampp\htdocs\topicosweb\framework\base\CApplication.php(184): CWebApplication->processRequest()
#15 C:\xampp\htdocs\topicosweb\11030600\revista\index.php(13): CWebApplication->run()
REQUEST_URI=/topicosweb/11030600/revista/index.php?r=articulo/create
in C:\xampp\htdocs\topicosweb\11030600\revista\protected\views\articulo\create.php (18)
in C:\xampp\htdocs\topicosweb\11030600\revista\protected\controllers\ArticuloController.php (79)
in C:\xampp\htdocs\topicosweb\11030600\revista\index.php (13)
2015/02/21 00:45:41 [error] [php] Undefined variable: modelStatus (C:\xampp\htdocs\topicosweb\11030600\revista\protected\views\articulo\create.php:18)
Stack trace:
#0 C:\xampp\htdocs\topicosweb\framework\web\CController.php(869): ArticuloController->renderFile()
#1 C:\xampp\htdocs\topicosweb\framework\web\CController.php(782): ArticuloController->renderPartial()
#2 C:\xampp\htdocs\topicosweb\11030600\revista\protected\controllers\ArticuloController.php(79): ArticuloController->render()
#3 C:\xampp\htdocs\topicosweb\framework\web\actions\CInlineAction.php(49): ArticuloController->actionCreate()
#4 C:\xampp\htdocs\topicosweb\framework\web\CController.php(308): CInlineAction->runWithParams()
#5 C:\xampp\htdocs\topicosweb\framework\web\filters\CFilterChain.php(133): ArticuloController->runAction()
#6 C:\xampp\htdocs\topicosweb\framework\web\filters\CFilter.php(40): CFilterChain->run()
#7 C:\xampp\htdocs\topicosweb\framework\web\CController.php(1145): CAccessControlFilter->filter()
#8 C:\xampp\htdocs\topicosweb\framework\web\filters\CInlineFilter.php(58): ArticuloController->filterAccessControl()
#9 C:\xampp\htdocs\topicosweb\framework\web\filters\CFilterChain.php(130): CInlineFilter->filter()
#10 C:\xampp\htdocs\topicosweb\framework\web\CController.php(291): CFilterChain->run()
#11 C:\xampp\htdocs\topicosweb\framework\web\CController.php(265): ArticuloController->runActionWithFilters()
#12 C:\xampp\htdocs\topicosweb\framework\web\CWebApplication.php(282): ArticuloController->run()
#13 C:\xampp\htdocs\topicosweb\framework\web\CWebApplication.php(141): CWebApplication->runController()
#14 C:\xampp\htdocs\topicosweb\framework\base\CApplication.php(184): CWebApplication->processRequest()
#15 C:\xampp\htdocs\topicosweb\11030600\revista\index.php(13): CWebApplication->run()
REQUEST_URI=/topicosweb/11030600/revista/index.php?r=articulo/create
in C:\xampp\htdocs\topicosweb\11030600\revista\protected\views\articulo\create.php (18)
in C:\xampp\htdocs\topicosweb\11030600\revista\protected\controllers\ArticuloController.php (79)
in C:\xampp\htdocs\topicosweb\11030600\revista\index.php (13)
2015/02/21 00:45:46 [error] [php] Undefined variable: modelStatus (C:\xampp\htdocs\topicosweb\11030600\revista\protected\views\articulo\create.php:18)
Stack trace:
#0 C:\xampp\htdocs\topicosweb\framework\web\CController.php(869): ArticuloController->renderFile()
#1 C:\xampp\htdocs\topicosweb\framework\web\CController.php(782): ArticuloController->renderPartial()
#2 C:\xampp\htdocs\topicosweb\11030600\revista\protected\controllers\ArticuloController.php(79): ArticuloController->render()
#3 C:\xampp\htdocs\topicosweb\framework\web\actions\CInlineAction.php(49): ArticuloController->actionCreate()
#4 C:\xampp\htdocs\topicosweb\framework\web\CController.php(308): CInlineAction->runWithParams()
#5 C:\xampp\htdocs\topicosweb\framework\web\filters\CFilterChain.php(133): ArticuloController->runAction()
#6 C:\xampp\htdocs\topicosweb\framework\web\filters\CFilter.php(40): CFilterChain->run()
#7 C:\xampp\htdocs\topicosweb\framework\web\CController.php(1145): CAccessControlFilter->filter()
#8 C:\xampp\htdocs\topicosweb\framework\web\filters\CInlineFilter.php(58): ArticuloController->filterAccessControl()
#9 C:\xampp\htdocs\topicosweb\framework\web\filters\CFilterChain.php(130): CInlineFilter->filter()
#10 C:\xampp\htdocs\topicosweb\framework\web\CController.php(291): CFilterChain->run()
#11 C:\xampp\htdocs\topicosweb\framework\web\CController.php(265): ArticuloController->runActionWithFilters()
#12 C:\xampp\htdocs\topicosweb\framework\web\CWebApplication.php(282): ArticuloController->run()
#13 C:\xampp\htdocs\topicosweb\framework\web\CWebApplication.php(141): CWebApplication->runController()
#14 C:\xampp\htdocs\topicosweb\framework\base\CApplication.php(184): CWebApplication->processRequest()
#15 C:\xampp\htdocs\topicosweb\11030600\revista\index.php(13): CWebApplication->run()
REQUEST_URI=/topicosweb/11030600/revista/index.php?r=articulo/create
in C:\xampp\htdocs\topicosweb\11030600\revista\protected\views\articulo\create.php (18)
in C:\xampp\htdocs\topicosweb\11030600\revista\protected\controllers\ArticuloController.php (79)
in C:\xampp\htdocs\topicosweb\11030600\revista\index.php (13)
2015/02/21 00:46:36 [error] [php] Undefined variable: modelStatus (C:\xampp\htdocs\topicosweb\11030600\revista\protected\views\articulo\create.php:18)
Stack trace:
#0 C:\xampp\htdocs\topicosweb\framework\web\CController.php(869): ArticuloController->renderFile()
#1 C:\xampp\htdocs\topicosweb\framework\web\CController.php(782): ArticuloController->renderPartial()
#2 C:\xampp\htdocs\topicosweb\11030600\revista\protected\controllers\ArticuloController.php(79): ArticuloController->render()
#3 C:\xampp\htdocs\topicosweb\framework\web\actions\CInlineAction.php(49): ArticuloController->actionCreate()
#4 C:\xampp\htdocs\topicosweb\framework\web\CController.php(308): CInlineAction->runWithParams()
#5 C:\xampp\htdocs\topicosweb\framework\web\filters\CFilterChain.php(133): ArticuloController->runAction()
#6 C:\xampp\htdocs\topicosweb\framework\web\filters\CFilter.php(40): CFilterChain->run()
#7 C:\xampp\htdocs\topicosweb\framework\web\CController.php(1145): CAccessControlFilter->filter()
#8 C:\xampp\htdocs\topicosweb\framework\web\filters\CInlineFilter.php(58): ArticuloController->filterAccessControl()
#9 C:\xampp\htdocs\topicosweb\framework\web\filters\CFilterChain.php(130): CInlineFilter->filter()
#10 C:\xampp\htdocs\topicosweb\framework\web\CController.php(291): CFilterChain->run()
#11 C:\xampp\htdocs\topicosweb\framework\web\CController.php(265): ArticuloController->runActionWithFilters()
#12 C:\xampp\htdocs\topicosweb\framework\web\CWebApplication.php(282): ArticuloController->run()
#13 C:\xampp\htdocs\topicosweb\framework\web\CWebApplication.php(141): CWebApplication->runController()
#14 C:\xampp\htdocs\topicosweb\framework\base\CApplication.php(184): CWebApplication->processRequest()
#15 C:\xampp\htdocs\topicosweb\11030600\revista\index.php(13): CWebApplication->run()
REQUEST_URI=/topicosweb/11030600/revista/index.php?r=articulo/create
in C:\xampp\htdocs\topicosweb\11030600\revista\protected\views\articulo\create.php (18)
in C:\xampp\htdocs\topicosweb\11030600\revista\protected\controllers\ArticuloController.php (79)
in C:\xampp\htdocs\topicosweb\11030600\revista\index.php (13)
2015/02/21 00:49:40 [error] [exception.CHttpException.404] exception 'CHttpException' with message 'The system is unable to find the requested action "agregar".' in C:\xampp\htdocs\topicosweb\framework\web\CController.php:483
Stack trace:
#0 C:\xampp\htdocs\topicosweb\framework\web\CController.php(270): CController->missingAction('agregar')
#1 C:\xampp\htdocs\topicosweb\framework\web\CWebApplication.php(282): CController->run('agregar')
#2 C:\xampp\htdocs\topicosweb\framework\web\CWebApplication.php(141): CWebApplication->runController('articulo/agrega...')
#3 C:\xampp\htdocs\topicosweb\framework\base\CApplication.php(184): CWebApplication->processRequest()
#4 C:\xampp\htdocs\topicosweb\11030600\revista\index.php(13): CApplication->run()
#5 {main}
REQUEST_URI=/topicosweb/11030600/revista/index.php?r=articulo/agregar
HTTP_REFERER=http://localhost:8080/topicosweb/11030600/revista/index.php?r=revista/create
---
2015/02/21 00:49:43 [error] [exception.CHttpException.404] exception 'CHttpException' with message 'The system is unable to find the requested action "agregar".' in C:\xampp\htdocs\topicosweb\framework\web\CController.php:483
Stack trace:
#0 C:\xampp\htdocs\topicosweb\framework\web\CController.php(270): CController->missingAction('agregar')
#1 C:\xampp\htdocs\topicosweb\framework\web\CWebApplication.php(282): CController->run('agregar')
#2 C:\xampp\htdocs\topicosweb\framework\web\CWebApplication.php(141): CWebApplication->runController('articulo/agrega...')
#3 C:\xampp\htdocs\topicosweb\framework\base\CApplication.php(184): CWebApplication->processRequest()
#4 C:\xampp\htdocs\topicosweb\11030600\revista\index.php(13): CApplication->run()
#5 {main}
REQUEST_URI=/topicosweb/11030600/revista/index.php?r=articulo/agregar
HTTP_REFERER=http://localhost:8080/topicosweb/11030600/revista/index.php?r=articulo/agregar
---
2015/02/21 00:58:56 [error] [php] Undefined variable: modelStatus (C:\xampp\htdocs\topicosweb\11030600\revista\protected\controllers\ArticuloController.php:81)
Stack trace:
#0 C:\xampp\htdocs\topicosweb\framework\web\filters\CFilterChain.php(133): ArticuloController->runAction()
#1 C:\xampp\htdocs\topicosweb\framework\web\filters\CFilter.php(40): CFilterChain->run()
#2 C:\xampp\htdocs\topicosweb\framework\web\CController.php(1145): CAccessControlFilter->filter()
#3 C:\xampp\htdocs\topicosweb\framework\web\filters\CInlineFilter.php(58): ArticuloController->filterAccessControl()
#4 C:\xampp\htdocs\topicosweb\framework\web\filters\CFilterChain.php(130): CInlineFilter->filter()
#5 C:\xampp\htdocs\topicosweb\framework\web\CController.php(291): CFilterChain->run()
#6 C:\xampp\htdocs\topicosweb\framework\web\CController.php(265): ArticuloController->runActionWithFilters()
#7 C:\xampp\htdocs\topicosweb\framework\web\CWebApplication.php(282): ArticuloController->run()
#8 C:\xampp\htdocs\topicosweb\framework\web\CWebApplication.php(141): CWebApplication->runController()
#9 C:\xampp\htdocs\topicosweb\framework\base\CApplication.php(184): CWebApplication->processRequest()
#10 C:\xampp\htdocs\topicosweb\11030600\revista\index.php(13): CWebApplication->run()
REQUEST_URI=/topicosweb/11030600/revista/index.php?r=articulo/create
in C:\xampp\htdocs\topicosweb\11030600\revista\protected\controllers\ArticuloController.php (81)
in C:\xampp\htdocs\topicosweb\11030600\revista\index.php (13)
2015/02/21 00:59:34 [error] [exception.CHttpException.404] exception 'CHttpException' with message 'The system is unable to find the requested action "agregar".' in C:\xampp\htdocs\topicosweb\framework\web\CController.php:483
Stack trace:
#0 C:\xampp\htdocs\topicosweb\framework\web\CController.php(270): CController->missingAction('agregar')
#1 C:\xampp\htdocs\topicosweb\framework\web\CWebApplication.php(282): CController->run('agregar')
#2 C:\xampp\htdocs\topicosweb\framework\web\CWebApplication.php(141): CWebApplication->runController('articulo/agrega...')
#3 C:\xampp\htdocs\topicosweb\framework\base\CApplication.php(184): CWebApplication->processRequest()
#4 C:\xampp\htdocs\topicosweb\11030600\revista\index.php(13): CApplication->run()
#5 {main}
REQUEST_URI=/topicosweb/11030600/revista/index.php?r=articulo/agregar
HTTP_REFERER=http://localhost:8080/topicosweb/11030600/revista/index.php?r=articulo/create
---
2015/02/21 00:59:42 [error] [php] Undefined variable: modelStatus (C:\xampp\htdocs\topicosweb\11030600\revista\protected\controllers\ArticuloController.php:81)
Stack trace:
#0 C:\xampp\htdocs\topicosweb\framework\web\filters\CFilterChain.php(133): ArticuloController->runAction()
#1 C:\xampp\htdocs\topicosweb\framework\web\filters\CFilter.php(40): CFilterChain->run()
#2 C:\xampp\htdocs\topicosweb\framework\web\CController.php(1145): CAccessControlFilter->filter()
#3 C:\xampp\htdocs\topicosweb\framework\web\filters\CInlineFilter.php(58): ArticuloController->filterAccessControl()
#4 C:\xampp\htdocs\topicosweb\framework\web\filters\CFilterChain.php(130): CInlineFilter->filter()
#5 C:\xampp\htdocs\topicosweb\framework\web\CController.php(291): CFilterChain->run()
#6 C:\xampp\htdocs\topicosweb\framework\web\CController.php(265): ArticuloController->runActionWithFilters()
#7 C:\xampp\htdocs\topicosweb\framework\web\CWebApplication.php(282): ArticuloController->run()
#8 C:\xampp\htdocs\topicosweb\framework\web\CWebApplication.php(141): CWebApplication->runController()
#9 C:\xampp\htdocs\topicosweb\framework\base\CApplication.php(184): CWebApplication->processRequest()
#10 C:\xampp\htdocs\topicosweb\11030600\revista\index.php(13): CWebApplication->run()
REQUEST_URI=/topicosweb/11030600/revista/index.php?r=articulo/create
in C:\xampp\htdocs\topicosweb\11030600\revista\protected\controllers\ArticuloController.php (81)
in C:\xampp\htdocs\topicosweb\11030600\revista\index.php (13)
2015/02/21 01:01:36 [error] [php] Undefined variable: modelStatus (C:\xampp\htdocs\topicosweb\11030600\revista\protected\controllers\ArticuloController.php:81)
Stack trace:
#0 C:\xampp\htdocs\topicosweb\framework\web\filters\CFilterChain.php(133): ArticuloController->runAction()
#1 C:\xampp\htdocs\topicosweb\framework\web\filters\CFilter.php(40): CFilterChain->run()
#2 C:\xampp\htdocs\topicosweb\framework\web\CController.php(1145): CAccessControlFilter->filter()
#3 C:\xampp\htdocs\topicosweb\framework\web\filters\CInlineFilter.php(58): ArticuloController->filterAccessControl()
#4 C:\xampp\htdocs\topicosweb\framework\web\filters\CFilterChain.php(130): CInlineFilter->filter()
#5 C:\xampp\htdocs\topicosweb\framework\web\CController.php(291): CFilterChain->run()
#6 C:\xampp\htdocs\topicosweb\framework\web\CController.php(265): ArticuloController->runActionWithFilters()
#7 C:\xampp\htdocs\topicosweb\framework\web\CWebApplication.php(282): ArticuloController->run()
#8 C:\xampp\htdocs\topicosweb\framework\web\CWebApplication.php(141): CWebApplication->runController()
#9 C:\xampp\htdocs\topicosweb\framework\base\CApplication.php(184): CWebApplication->processRequest()
#10 C:\xampp\htdocs\topicosweb\11030600\revista\index.php(13): CWebApplication->run()
REQUEST_URI=/topicosweb/11030600/revista/index.php?r=articulo/create
in C:\xampp\htdocs\topicosweb\11030600\revista\protected\controllers\ArticuloController.php (81)
in C:\xampp\htdocs\topicosweb\11030600\revista\index.php (13)
2015/02/21 01:01:38 [error] [php] Undefined variable: modelStatus (C:\xampp\htdocs\topicosweb\11030600\revista\protected\controllers\ArticuloController.php:81)
Stack trace:
#0 C:\xampp\htdocs\topicosweb\framework\web\filters\CFilterChain.php(133): ArticuloController->runAction()
#1 C:\xampp\htdocs\topicosweb\framework\web\filters\CFilter.php(40): CFilterChain->run()
#2 C:\xampp\htdocs\topicosweb\framework\web\CController.php(1145): CAccessControlFilter->filter()
#3 C:\xampp\htdocs\topicosweb\framework\web\filters\CInlineFilter.php(58): ArticuloController->filterAccessControl()
#4 C:\xampp\htdocs\topicosweb\framework\web\filters\CFilterChain.php(130): CInlineFilter->filter()
#5 C:\xampp\htdocs\topicosweb\framework\web\CController.php(291): CFilterChain->run()
#6 C:\xampp\htdocs\topicosweb\framework\web\CController.php(265): ArticuloController->runActionWithFilters()
#7 C:\xampp\htdocs\topicosweb\framework\web\CWebApplication.php(282): ArticuloController->run()
#8 C:\xampp\htdocs\topicosweb\framework\web\CWebApplication.php(141): CWebApplication->runController()
#9 C:\xampp\htdocs\topicosweb\framework\base\CApplication.php(184): CWebApplication->processRequest()
#10 C:\xampp\htdocs\topicosweb\11030600\revista\index.php(13): CWebApplication->run()
REQUEST_URI=/topicosweb/11030600/revista/index.php?r=articulo/create
in C:\xampp\htdocs\topicosweb\11030600\revista\protected\controllers\ArticuloController.php (81)
in C:\xampp\htdocs\topicosweb\11030600\revista\index.php (13)
2015/02/21 01:09:06 [error] [php] Array to string conversion (C:\xampp\htdocs\topicosweb\framework\web\helpers\CHtml.php:2378)
Stack trace:
#0 C:\xampp\htdocs\topicosweb\framework\web\helpers\CHtml.php(1980): resolveNameID()
#1 C:\xampp\htdocs\topicosweb\framework\web\widgets\CActiveForm.php(914): activeDropDownList()
#2 C:\xampp\htdocs\topicosweb\11030600\revista\protected\views\articulo\_form.php(73): CActiveForm->dropDownList()
#3 C:\xampp\htdocs\topicosweb\framework\web\CBaseController.php(126): require()
#4 C:\xampp\htdocs\topicosweb\framework\web\CBaseController.php(95): ArticuloController->renderInternal()
#5 C:\xampp\htdocs\topicosweb\framework\web\CController.php(869): ArticuloController->renderFile()
#6 C:\xampp\htdocs\topicosweb\11030600\revista\protected\views\articulo\create.php(18): ArticuloController->renderPartial()
#7 C:\xampp\htdocs\topicosweb\framework\web\CBaseController.php(126): require()
#8 C:\xampp\htdocs\topicosweb\framework\web\CBaseController.php(95): ArticuloController->renderInternal()
#9 C:\xampp\htdocs\topicosweb\framework\web\CController.php(869): ArticuloController->renderFile()
#10 C:\xampp\htdocs\topicosweb\framework\web\CController.php(782): ArticuloController->renderPartial()
#11 C:\xampp\htdocs\topicosweb\11030600\revista\protected\controllers\ArticuloController.php(81): ArticuloController->render()
#12 C:\xampp\htdocs\topicosweb\framework\web\actions\CInlineAction.php(49): ArticuloController->actionCreate()
#13 C:\xampp\htdocs\topicosweb\framework\web\CController.php(308): CInlineAction->runWithParams()
#14 C:\xampp\htdocs\topicosweb\framework\web\filters\CFilterChain.php(133): ArticuloController->runAction()
#15 C:\xampp\htdocs\topicosweb\framework\web\filters\CFilter.php(40): CFilterChain->run()
#16 C:\xampp\htdocs\topicosweb\framework\web\CController.php(1145): CAccessControlFilter->filter()
#17 C:\xampp\htdocs\topicosweb\framework\web\filters\CInlineFilter.php(58): ArticuloController->filterAccessControl()
#18 C:\xampp\htdocs\topicosweb\framework\web\filters\CFilterChain.php(130): CInlineFilter->filter()
#19 C:\xampp\htdocs\topicosweb\framework\web\CController.php(291): CFilterChain->run()
#20 C:\xampp\htdocs\topicosweb\framework\web\CController.php(265): ArticuloController->runActionWithFilters()
#21 C:\xampp\htdocs\topicosweb\framework\web\CWebApplication.php(282): ArticuloController->run()
#22 C:\xampp\htdocs\topicosweb\framework\web\CWebApplication.php(141): CWebApplication->runController()
#23 C:\xampp\htdocs\topicosweb\framework\base\CApplication.php(184): CWebApplication->processRequest()
#24 C:\xampp\htdocs\topicosweb\11030600\revista\index.php(13): CWebApplication->run()
REQUEST_URI=/topicosweb/11030600/revista/index.php?r=articulo/create
in C:\xampp\htdocs\topicosweb\11030600\revista\protected\views\articulo\_form.php (73)
in C:\xampp\htdocs\topicosweb\11030600\revista\protected\views\articulo\create.php (18)
in C:\xampp\htdocs\topicosweb\11030600\revista\protected\controllers\ArticuloController.php (81)
2015/02/21 01:09:20 [error] [php] Array to string conversion (C:\xampp\htdocs\topicosweb\framework\web\helpers\CHtml.php:2378)
Stack trace:
#0 C:\xampp\htdocs\topicosweb\framework\web\helpers\CHtml.php(1980): resolveNameID()
#1 C:\xampp\htdocs\topicosweb\framework\web\widgets\CActiveForm.php(914): activeDropDownList()
#2 C:\xampp\htdocs\topicosweb\11030600\revista\protected\views\articulo\_form.php(73): CActiveForm->dropDownList()
#3 C:\xampp\htdocs\topicosweb\framework\web\CBaseController.php(126): require()
#4 C:\xampp\htdocs\topicosweb\framework\web\CBaseController.php(95): ArticuloController->renderInternal()
#5 C:\xampp\htdocs\topicosweb\framework\web\CController.php(869): ArticuloController->renderFile()
#6 C:\xampp\htdocs\topicosweb\11030600\revista\protected\views\articulo\create.php(18): ArticuloController->renderPartial()
#7 C:\xampp\htdocs\topicosweb\framework\web\CBaseController.php(126): require()
#8 C:\xampp\htdocs\topicosweb\framework\web\CBaseController.php(95): ArticuloController->renderInternal()
#9 C:\xampp\htdocs\topicosweb\framework\web\CController.php(869): ArticuloController->renderFile()
#10 C:\xampp\htdocs\topicosweb\framework\web\CController.php(782): ArticuloController->renderPartial()
#11 C:\xampp\htdocs\topicosweb\11030600\revista\protected\controllers\ArticuloController.php(81): ArticuloController->render()
#12 C:\xampp\htdocs\topicosweb\framework\web\actions\CInlineAction.php(49): ArticuloController->actionCreate()
#13 C:\xampp\htdocs\topicosweb\framework\web\CController.php(308): CInlineAction->runWithParams()
#14 C:\xampp\htdocs\topicosweb\framework\web\filters\CFilterChain.php(133): ArticuloController->runAction()
#15 C:\xampp\htdocs\topicosweb\framework\web\filters\CFilter.php(40): CFilterChain->run()
#16 C:\xampp\htdocs\topicosweb\framework\web\CController.php(1145): CAccessControlFilter->filter()
#17 C:\xampp\htdocs\topicosweb\framework\web\filters\CInlineFilter.php(58): ArticuloController->filterAccessControl()
#18 C:\xampp\htdocs\topicosweb\framework\web\filters\CFilterChain.php(130): CInlineFilter->filter()
#19 C:\xampp\htdocs\topicosweb\framework\web\CController.php(291): CFilterChain->run()
#20 C:\xampp\htdocs\topicosweb\framework\web\CController.php(265): ArticuloController->runActionWithFilters()
#21 C:\xampp\htdocs\topicosweb\framework\web\CWebApplication.php(282): ArticuloController->run()
#22 C:\xampp\htdocs\topicosweb\framework\web\CWebApplication.php(141): CWebApplication->runController()
#23 C:\xampp\htdocs\topicosweb\framework\base\CApplication.php(184): CWebApplication->processRequest()
#24 C:\xampp\htdocs\topicosweb\11030600\revista\index.php(13): CWebApplication->run()
REQUEST_URI=/topicosweb/11030600/revista/index.php?r=articulo/create
in C:\xampp\htdocs\topicosweb\11030600\revista\protected\views\articulo\_form.php (73)
in C:\xampp\htdocs\topicosweb\11030600\revista\protected\views\articulo\create.php (18)
in C:\xampp\htdocs\topicosweb\11030600\revista\protected\controllers\ArticuloController.php (81)
2015/02/21 01:11:08 [error] [php] Array to string conversion (C:\xampp\htdocs\topicosweb\framework\web\helpers\CHtml.php:2378)
Stack trace:
#0 C:\xampp\htdocs\topicosweb\framework\web\helpers\CHtml.php(1980): resolveNameID()
#1 C:\xampp\htdocs\topicosweb\framework\web\widgets\CActiveForm.php(914): activeDropDownList()
#2 C:\xampp\htdocs\topicosweb\11030600\revista\protected\views\articulo\_form.php(75): CActiveForm->dropDownList()
#3 C:\xampp\htdocs\topicosweb\framework\web\CBaseController.php(126): require()
#4 C:\xampp\htdocs\topicosweb\framework\web\CBaseController.php(95): ArticuloController->renderInternal()
#5 C:\xampp\htdocs\topicosweb\framework\web\CController.php(869): ArticuloController->renderFile()
#6 C:\xampp\htdocs\topicosweb\11030600\revista\protected\views\articulo\create.php(18): ArticuloController->renderPartial()
#7 C:\xampp\htdocs\topicosweb\framework\web\CBaseController.php(126): require()
#8 C:\xampp\htdocs\topicosweb\framework\web\CBaseController.php(95): ArticuloController->renderInternal()
#9 C:\xampp\htdocs\topicosweb\framework\web\CController.php(869): ArticuloController->renderFile()
#10 C:\xampp\htdocs\topicosweb\framework\web\CController.php(782): ArticuloController->renderPartial()
#11 C:\xampp\htdocs\topicosweb\11030600\revista\protected\controllers\ArticuloController.php(81): ArticuloController->render()
#12 C:\xampp\htdocs\topicosweb\framework\web\actions\CInlineAction.php(49): ArticuloController->actionCreate()
#13 C:\xampp\htdocs\topicosweb\framework\web\CController.php(308): CInlineAction->runWithParams()
#14 C:\xampp\htdocs\topicosweb\framework\web\filters\CFilterChain.php(133): ArticuloController->runAction()
#15 C:\xampp\htdocs\topicosweb\framework\web\filters\CFilter.php(40): CFilterChain->run()
#16 C:\xampp\htdocs\topicosweb\framework\web\CController.php(1145): CAccessControlFilter->filter()
#17 C:\xampp\htdocs\topicosweb\framework\web\filters\CInlineFilter.php(58): ArticuloController->filterAccessControl()
#18 C:\xampp\htdocs\topicosweb\framework\web\filters\CFilterChain.php(130): CInlineFilter->filter()
#19 C:\xampp\htdocs\topicosweb\framework\web\CController.php(291): CFilterChain->run()
#20 C:\xampp\htdocs\topicosweb\framework\web\CController.php(265): ArticuloController->runActionWithFilters()
#21 C:\xampp\htdocs\topicosweb\framework\web\CWebApplication.php(282): ArticuloController->run()
#22 C:\xampp\htdocs\topicosweb\framework\web\CWebApplication.php(141): CWebApplication->runController()
#23 C:\xampp\htdocs\topicosweb\framework\base\CApplication.php(184): CWebApplication->processRequest()
#24 C:\xampp\htdocs\topicosweb\11030600\revista\index.php(13): CWebApplication->run()
REQUEST_URI=/topicosweb/11030600/revista/index.php?r=articulo/create
in C:\xampp\htdocs\topicosweb\11030600\revista\protected\views\articulo\_form.php (75)
in C:\xampp\htdocs\topicosweb\11030600\revista\protected\views\articulo\create.php (18)
in C:\xampp\htdocs\topicosweb\11030600\revista\protected\controllers\ArticuloController.php (81)
2015/02/21 01:12:15 [error] [php] Invalid argument supplied for foreach() (C:\xampp\htdocs\topicosweb\framework\web\helpers\CHtml.php:2524)
Stack trace:
#0 C:\xampp\htdocs\topicosweb\11030600\revista\protected\views\articulo\_form.php(75): CActiveForm->dropDownList()
#1 C:\xampp\htdocs\topicosweb\framework\web\CBaseController.php(126): require()
#2 C:\xampp\htdocs\topicosweb\framework\web\CBaseController.php(95): ArticuloController->renderInternal()
#3 C:\xampp\htdocs\topicosweb\framework\web\CController.php(869): ArticuloController->renderFile()
#4 C:\xampp\htdocs\topicosweb\11030600\revista\protected\views\articulo\create.php(18): ArticuloController->renderPartial()
#5 C:\xampp\htdocs\topicosweb\framework\web\CBaseController.php(126): require()
#6 C:\xampp\htdocs\topicosweb\framework\web\CBaseController.php(95): ArticuloController->renderInternal()
#7 C:\xampp\htdocs\topicosweb\framework\web\CController.php(869): ArticuloController->renderFile()
#8 C:\xampp\htdocs\topicosweb\framework\web\CController.php(782): ArticuloController->renderPartial()
#9 C:\xampp\htdocs\topicosweb\11030600\revista\protected\controllers\ArticuloController.php(81): ArticuloController->render()
#10 C:\xampp\htdocs\topicosweb\framework\web\actions\CInlineAction.php(49): ArticuloController->actionCreate()
#11 C:\xampp\htdocs\topicosweb\framework\web\CController.php(308): CInlineAction->runWithParams()
#12 C:\xampp\htdocs\topicosweb\framework\web\filters\CFilterChain.php(133): ArticuloController->runAction()
#13 C:\xampp\htdocs\topicosweb\framework\web\filters\CFilter.php(40): CFilterChain->run()
#14 C:\xampp\htdocs\topicosweb\framework\web\CController.php(1145): CAccessControlFilter->filter()
#15 C:\xampp\htdocs\topicosweb\framework\web\filters\CInlineFilter.php(58): ArticuloController->filterAccessControl()
#16 C:\xampp\htdocs\topicosweb\framework\web\filters\CFilterChain.php(130): CInlineFilter->filter()
#17 C:\xampp\htdocs\topicosweb\framework\web\CController.php(291): CFilterChain->run()
#18 C:\xampp\htdocs\topicosweb\framework\web\CController.php(265): ArticuloController->runActionWithFilters()
#19 C:\xampp\htdocs\topicosweb\framework\web\CWebApplication.php(282): ArticuloController->run()
#20 C:\xampp\htdocs\topicosweb\framework\web\CWebApplication.php(141): CWebApplication->runController()
#21 C:\xampp\htdocs\topicosweb\framework\base\CApplication.php(184): CWebApplication->processRequest()
#22 C:\xampp\htdocs\topicosweb\11030600\revista\index.php(13): CWebApplication->run()
REQUEST_URI=/topicosweb/11030600/revista/index.php?r=articulo/create
in C:\xampp\htdocs\topicosweb\11030600\revista\protected\views\articulo\_form.php (75)
in C:\xampp\htdocs\topicosweb\11030600\revista\protected\views\articulo\create.php (18)
in C:\xampp\htdocs\topicosweb\11030600\revista\protected\controllers\ArticuloController.php (81)
2015/02/28 00:55:30 [error] [exception.CHttpException.404] exception 'CHttpException' with message 'The system is unable to find the requested action "agregar".' in C:\xampp\htdocs\topicosweb\framework\web\CController.php:483
Stack trace:
#0 C:\xampp\htdocs\topicosweb\framework\web\CController.php(270): CController->missingAction('agregar')
#1 C:\xampp\htdocs\topicosweb\framework\web\CWebApplication.php(282): CController->run('agregar')
#2 C:\xampp\htdocs\topicosweb\framework\web\CWebApplication.php(141): CWebApplication->runController('articulo/agrega...')
#3 C:\xampp\htdocs\topicosweb\framework\base\CApplication.php(184): CWebApplication->processRequest()
#4 C:\xampp\htdocs\topicosweb\11030600\revista\index.php(13): CApplication->run()
#5 {main}
REQUEST_URI=/topicosweb/11030600/revista/?r=articulo/agregar
---
2015/02/28 00:55:38 [error] [exception.CHttpException.404] exception 'CHttpException' with message 'The system is unable to find the requested action "aadir".' in C:\xampp\htdocs\topicosweb\framework\web\CController.php:483
Stack trace:
#0 C:\xampp\htdocs\topicosweb\framework\web\CController.php(270): CController->missingAction('a\xC3\xB1adir')
#1 C:\xampp\htdocs\topicosweb\framework\web\CWebApplication.php(282): CController->run('a\xC3\xB1adir')
#2 C:\xampp\htdocs\topicosweb\framework\web\CWebApplication.php(141): CWebApplication->runController('articulo/a\xC3\xB1adi...')
#3 C:\xampp\htdocs\topicosweb\framework\base\CApplication.php(184): CWebApplication->processRequest()
#4 C:\xampp\htdocs\topicosweb\11030600\revista\index.php(13): CApplication->run()
#5 {main}
REQUEST_URI=/topicosweb/11030600/revista/?r=articulo/a%C3%B1adir
---
2015/02/28 00:55:42 [error] [exception.CHttpException.404] exception 'CHttpException' with message 'The system is unable to find the requested action "agregar".' in C:\xampp\htdocs\topicosweb\framework\web\CController.php:483
Stack trace:
#0 C:\xampp\htdocs\topicosweb\framework\web\CController.php(270): CController->missingAction('agregar')
#1 C:\xampp\htdocs\topicosweb\framework\web\CWebApplication.php(282): CController->run('agregar')
#2 C:\xampp\htdocs\topicosweb\framework\web\CWebApplication.php(141): CWebApplication->runController('articulo/agrega...')
#3 C:\xampp\htdocs\topicosweb\framework\base\CApplication.php(184): CWebApplication->processRequest()
#4 C:\xampp\htdocs\topicosweb\11030600\revista\index.php(13): CApplication->run()
#5 {main}
REQUEST_URI=/topicosweb/11030600/revista/?r=articulo/agregar
---
2015/02/28 00:56:52 [error] [exception.CDbException] exception 'CDbException' with message 'CDbConnection failed to open the DB connection: SQLSTATE[HY000] [2002] No se puede establecer una conexin ya que el equipo de destino deneg expresamente dicha conexin.
' in C:\xampp\htdocs\topicosweb\framework\db\CDbConnection.php:399
Stack trace:
#0 C:\xampp\htdocs\topicosweb\framework\db\CDbConnection.php(347): CDbConnection->open()
#1 C:\xampp\htdocs\topicosweb\framework\db\CDbConnection.php(325): CDbConnection->setActive(true)
#2 C:\xampp\htdocs\topicosweb\framework\base\CModule.php(394): CDbConnection->init()
#3 C:\xampp\htdocs\topicosweb\framework\base\CApplication.php(458): CModule->getComponent('db')
#4 C:\xampp\htdocs\topicosweb\framework\db\ar\CActiveRecord.php(637): CApplication->getDb()
#5 C:\xampp\htdocs\topicosweb\framework\db\ar\CActiveRecord.php(670): CActiveRecord->getDbConnection()
#6 C:\xampp\htdocs\topicosweb\framework\db\ar\CActiveRecord.php(1601): CActiveRecord->getCommandBuilder()
#7 C:\xampp\htdocs\topicosweb\framework\web\CActiveDataProvider.php(228): CActiveRecord->count(Object(CDbCriteria))
#8 C:\xampp\htdocs\topicosweb\framework\web\CDataProvider.php(224): CActiveDataProvider->calculateTotalItemCount()
#9 C:\xampp\htdocs\topicosweb\framework\web\CActiveDataProvider.php(178): CDataProvider->getTotalItemCount()
#10 C:\xampp\htdocs\topicosweb\framework\web\CDataProvider.php(168): CActiveDataProvider->fetchData()
#11 C:\xampp\htdocs\topicosweb\framework\zii\widgets\CBaseListView.php(125): CDataProvider->getData()
#12 C:\xampp\htdocs\topicosweb\framework\zii\widgets\CListView.php(211): CBaseListView->init()
#13 C:\xampp\htdocs\topicosweb\framework\web\CBaseController.php(147): CListView->init()
#14 C:\xampp\htdocs\topicosweb\framework\web\CBaseController.php(180): CBaseController->createWidget('zii.widgets.CLi...', Array)
#15 C:\xampp\htdocs\topicosweb\11030600\revista\protected\views\articulo\index.php(20): CBaseController->widget('zii.widgets.CLi...', Array)
#16 C:\xampp\htdocs\topicosweb\framework\web\CBaseController.php(126): require('C:\\xampp\\htdocs...')
#17 C:\xampp\htdocs\topicosweb\framework\web\CBaseController.php(95): CBaseController->renderInternal('C:\\xampp\\htdocs...', Array, true)
#18 C:\xampp\htdocs\topicosweb\framework\web\CController.php(869): CBaseController->renderFile('C:\\xampp\\htdocs...', Array, true)
#19 C:\xampp\htdocs\topicosweb\framework\web\CController.php(782): CController->renderPartial('index', Array, true)
#20 C:\xampp\htdocs\topicosweb\11030600\revista\protected\controllers\ArticuloController.php(131): CController->render('index', Array)
#21 C:\xampp\htdocs\topicosweb\framework\web\actions\CInlineAction.php(49): ArticuloController->actionIndex()
#22 C:\xampp\htdocs\topicosweb\framework\web\CController.php(308): CInlineAction->runWithParams(Array)
#23 C:\xampp\htdocs\topicosweb\framework\web\filters\CFilterChain.php(133): CController->runAction(Object(CInlineAction))
#24 C:\xampp\htdocs\topicosweb\framework\web\filters\CFilter.php(40): CFilterChain->run()
#25 C:\xampp\htdocs\topicosweb\framework\web\CController.php(1145): CFilter->filter(Object(CFilterChain))
#26 C:\xampp\htdocs\topicosweb\framework\web\filters\CInlineFilter.php(58): CController->filterAccessControl(Object(CFilterChain))
#27 C:\xampp\htdocs\topicosweb\framework\web\filters\CFilterChain.php(130): CInlineFilter->filter(Object(CFilterChain))
#28 C:\xampp\htdocs\topicosweb\framework\web\CController.php(291): CFilterChain->run()
#29 C:\xampp\htdocs\topicosweb\framework\web\CController.php(265): CController->runActionWithFilters(Object(CInlineAction), Array)
#30 C:\xampp\htdocs\topicosweb\framework\web\CWebApplication.php(282): CController->run('')
#31 C:\xampp\htdocs\topicosweb\framework\web\CWebApplication.php(141): CWebApplication->runController('articulo')
#32 C:\xampp\htdocs\topicosweb\framework\base\CApplication.php(184): CWebApplication->processRequest()
#33 C:\xampp\htdocs\topicosweb\11030600\revista\index.php(13): CApplication->run()
#34 {main}
REQUEST_URI=/topicosweb/11030600/revista/?r=articulo
---
2015/02/28 00:57:14 [error] [exception.CHttpException.404] exception 'CHttpException' with message 'The system is unable to find the requested action "index.php".' in C:\xampp\htdocs\topicosweb\framework\web\CController.php:483
Stack trace:
#0 C:\xampp\htdocs\topicosweb\framework\web\CController.php(270): CController->missingAction('index.php')
#1 C:\xampp\htdocs\topicosweb\framework\web\CWebApplication.php(282): CController->run('index.php')
#2 C:\xampp\htdocs\topicosweb\framework\web\CWebApplication.php(141): CWebApplication->runController('articulo/index....')
#3 C:\xampp\htdocs\topicosweb\framework\base\CApplication.php(184): CWebApplication->processRequest()
#4 C:\xampp\htdocs\topicosweb\11030600\revista\index.php(13): CApplication->run()
#5 {main}
REQUEST_URI=/topicosweb/11030600/revista/?r=articulo/index.php
---
2015/02/28 00:57:22 [error] [exception.CHttpException.404] exception 'CHttpException' with message 'The system is unable to find the requested action "agregar".' in C:\xampp\htdocs\topicosweb\framework\web\CController.php:483
Stack trace:
#0 C:\xampp\htdocs\topicosweb\framework\web\CController.php(270): CController->missingAction('agregar')
#1 C:\xampp\htdocs\topicosweb\framework\web\CWebApplication.php(282): CController->run('agregar')
#2 C:\xampp\htdocs\topicosweb\framework\web\CWebApplication.php(141): CWebApplication->runController('articulo/agrega...')
#3 C:\xampp\htdocs\topicosweb\framework\base\CApplication.php(184): CWebApplication->processRequest()
#4 C:\xampp\htdocs\topicosweb\11030600\revista\index.php(13): CApplication->run()
#5 {main}
REQUEST_URI=/topicosweb/11030600/revista/?r=articulo/agregar
HTTP_REFERER=http://localhost:4430/topicosweb/11030600/revista/?r=articulo/index.php
---
2015/02/28 00:57:26 [error] [exception.CHttpException.404] exception 'CHttpException' with message 'The system is unable to find the requested action "agregar".' in C:\xampp\htdocs\topicosweb\framework\web\CController.php:483
Stack trace:
#0 C:\xampp\htdocs\topicosweb\framework\web\CController.php(270): CController->missingAction('agregar')
#1 C:\xampp\htdocs\topicosweb\framework\web\CWebApplication.php(282): CController->run('agregar')
#2 C:\xampp\htdocs\topicosweb\framework\web\CWebApplication.php(141): CWebApplication->runController('articulo/agrega...')
#3 C:\xampp\htdocs\topicosweb\framework\base\CApplication.php(184): CWebApplication->processRequest()
#4 C:\xampp\htdocs\topicosweb\11030600\revista\index.php(13): CApplication->run()
#5 {main}
REQUEST_URI=/topicosweb/11030600/revista/?r=articulo/agregar
HTTP_REFERER=http://localhost:4430/topicosweb/11030600/revista/?r=articulo/agregar
---
2015/02/28 00:59:32 [error] [exception.CHttpException.404] exception 'CHttpException' with message 'The system is unable to find the requested action "agregar".' in C:\xampp\htdocs\topicosweb\framework\web\CController.php:483
Stack trace:
#0 C:\xampp\htdocs\topicosweb\framework\web\CController.php(270): CController->missingAction('agregar')
#1 C:\xampp\htdocs\topicosweb\framework\web\CWebApplication.php(282): CController->run('agregar')
#2 C:\xampp\htdocs\topicosweb\framework\web\CWebApplication.php(141): CWebApplication->runController('articulo/agrega...')
#3 C:\xampp\htdocs\topicosweb\framework\base\CApplication.php(184): CWebApplication->processRequest()
#4 C:\xampp\htdocs\topicosweb\11030600\revista\index.php(13): CApplication->run()
#5 {main}
REQUEST_URI=/topicosweb/11030600/revista/index.php?r=articulo/agregar
---
2015/02/28 00:59:40 [error] [exception.CHttpException.404] exception 'CHttpException' with message 'The system is unable to find the requested action "agregar".' in C:\xampp\htdocs\topicosweb\framework\web\CController.php:483
Stack trace:
#0 C:\xampp\htdocs\topicosweb\framework\web\CController.php(270): CController->missingAction('agregar')
#1 C:\xampp\htdocs\topicosweb\framework\web\CWebApplication.php(282): CController->run('agregar')
#2 C:\xampp\htdocs\topicosweb\framework\web\CWebApplication.php(141): CWebApplication->runController('articulo/agrega...')
#3 C:\xampp\htdocs\topicosweb\framework\base\CApplication.php(184): CWebApplication->processRequest()
#4 C:\xampp\htdocs\topicosweb\11030600\revista\index.php(13): CApplication->run()
#5 {main}
REQUEST_URI=/topicosweb/11030600/revista/index.php?r=articulo/agregar
HTTP_REFERER=http://localhost:4430/topicosweb/11030600/revista/index.php?r=site/login
---
2015/02/28 01:00:54 [error] [exception.CDbException] exception 'CDbException' with message 'CDbConnection failed to open the DB connection: SQLSTATE[HY000] [2002] No se puede establecer una conexin ya que el equipo de destino deneg expresamente dicha conexin.
' in C:\xampp\htdocs\topicosweb\framework\db\CDbConnection.php:399
Stack trace:
#0 C:\xampp\htdocs\topicosweb\framework\db\CDbConnection.php(347): CDbConnection->open()
#1 C:\xampp\htdocs\topicosweb\framework\db\CDbConnection.php(325): CDbConnection->setActive(true)
#2 C:\xampp\htdocs\topicosweb\framework\base\CModule.php(394): CDbConnection->init()
#3 C:\xampp\htdocs\topicosweb\framework\base\CApplication.php(458): CModule->getComponent('db')
#4 C:\xampp\htdocs\topicosweb\framework\db\ar\CActiveRecord.php(637): CApplication->getDb()
#5 C:\xampp\htdocs\topicosweb\framework\db\ar\CActiveRecord.php(2384): CActiveRecord->getDbConnection()
#6 C:\xampp\htdocs\topicosweb\framework\db\ar\CActiveRecord.php(411): CActiveRecordMetaData->__construct(Object(Articulo))
#7 C:\xampp\htdocs\topicosweb\framework\db\ar\CActiveRecord.php(79): CActiveRecord->getMetaData()
#8 C:\xampp\htdocs\topicosweb\11030600\revista\protected\controllers\ArticuloController.php(66): CActiveRecord->__construct()
#9 C:\xampp\htdocs\topicosweb\framework\web\actions\CInlineAction.php(49): ArticuloController->actionCreate()
#10 C:\xampp\htdocs\topicosweb\framework\web\CController.php(308): CInlineAction->runWithParams(Array)
#11 C:\xampp\htdocs\topicosweb\framework\web\filters\CFilterChain.php(133): CController->runAction(Object(CInlineAction))
#12 C:\xampp\htdocs\topicosweb\framework\web\filters\CFilter.php(40): CFilterChain->run()
#13 C:\xampp\htdocs\topicosweb\framework\web\CController.php(1145): CFilter->filter(Object(CFilterChain))
#14 C:\xampp\htdocs\topicosweb\framework\web\filters\CInlineFilter.php(58): CController->filterAccessControl(Object(CFilterChain))
#15 C:\xampp\htdocs\topicosweb\framework\web\filters\CFilterChain.php(130): CInlineFilter->filter(Object(CFilterChain))
#16 C:\xampp\htdocs\topicosweb\framework\web\CController.php(291): CFilterChain->run()
#17 C:\xampp\htdocs\topicosweb\framework\web\CController.php(265): CController->runActionWithFilters(Object(CInlineAction), Array)
#18 C:\xampp\htdocs\topicosweb\framework\web\CWebApplication.php(282): CController->run('create')
#19 C:\xampp\htdocs\topicosweb\framework\web\CWebApplication.php(141): CWebApplication->runController('articulo/create')
#20 C:\xampp\htdocs\topicosweb\framework\base\CApplication.php(184): CWebApplication->processRequest()
#21 C:\xampp\htdocs\topicosweb\11030600\revista\index.php(13): CApplication->run()
#22 {main}
REQUEST_URI=/topicosweb/11030600/revista/index.php?r=articulo/create
HTTP_REFERER=http://localhost:4430/topicosweb/11030600/revista/index.php?r=site/login
---
2015/02/28 01:05:04 [error] [exception.CHttpException.404] exception 'CHttpException' with message 'The system is unable to find the requested action "agregar".' in C:\xampp\htdocs\topicosweb\framework\web\CController.php:483
Stack trace:
#0 C:\xampp\htdocs\topicosweb\framework\web\CController.php(270): CController->missingAction('agregar')
#1 C:\xampp\htdocs\topicosweb\framework\web\CWebApplication.php(282): CController->run('agregar')
#2 C:\xampp\htdocs\topicosweb\framework\web\CWebApplication.php(141): CWebApplication->runController('articulo/agrega...')
#3 C:\xampp\htdocs\topicosweb\framework\base\CApplication.php(184): CWebApplication->processRequest()
#4 C:\xampp\htdocs\topicosweb\11030600\revista\index.php(13): CApplication->run()
#5 {main}
REQUEST_URI=/topicosweb/11030600/revista/index.php?r=articulo/agregar
HTTP_REFERER=http://localhost:4430/topicosweb/11030600/revista/index.php?r=articulo/create
---
2015/02/28 01:05:07 [error] [exception.CHttpException.404] exception 'CHttpException' with message 'The system is unable to find the requested action "agregar".' in C:\xampp\htdocs\topicosweb\framework\web\CController.php:483
Stack trace:
#0 C:\xampp\htdocs\topicosweb\framework\web\CController.php(270): CController->missingAction('agregar')
#1 C:\xampp\htdocs\topicosweb\framework\web\CWebApplication.php(282): CController->run('agregar')
#2 C:\xampp\htdocs\topicosweb\framework\web\CWebApplication.php(141): CWebApplication->runController('articulo/agrega...')
#3 C:\xampp\htdocs\topicosweb\framework\base\CApplication.php(184): CWebApplication->processRequest()
#4 C:\xampp\htdocs\topicosweb\11030600\revista\index.php(13): CApplication->run()
#5 {main}
REQUEST_URI=/topicosweb/11030600/revista/index.php?r=articulo/agregar
HTTP_REFERER=http://localhost:4430/topicosweb/11030600/revista/index.php?r=revista/create
---
