2015/02/14 00:33:18 [error] [system.db.CDbCommand] CDbCommand::execute() failed: SQLSTATE[23000]: Integrity constraint violation: 1452 Cannot add or update a child row: a foreign key constraint fails (`revista`.`articulo`, CONSTRAINT `fk_articulo_indice_articulo_1` FOREIGN KEY (`id_indice_articulo`) REFERENCES `indice_articulo` (`id_indice_articulo`) ON DELETE NO ACTION ON UPDATE NO ACTION). The SQL statement executed was: INSERT INTO `articulo` (`nombre`, `resumen`, `abstrac`, `introduccion`, `metodologia`, `contenido`, `fecha_creacion`, `archivo_pdf`, `id_status`, `conclusiones`, `agradecimientos`, `referencias`, `id_indice_articulo`) VALUES (:yp0, :yp1, :yp2, :yp3, :yp4, :yp5, :yp6, :yp7, :yp8, :yp9, :yp10, :yp11, :yp12).
in C:\xampp\htdocs\TopicosWeb\yii\revista\protected\controllers\ArticuloController.php (73)
in C:\xampp\htdocs\TopicosWeb\yii\revista\index.php (13)
2015/02/14 00:33:18 [error] [exception.CDbException] exception 'CDbException' with message 'CDbCommand failed to execute the SQL statement: SQLSTATE[23000]: Integrity constraint violation: 1452 Cannot add or update a child row: a foreign key constraint fails (`revista`.`articulo`, CONSTRAINT `fk_articulo_indice_articulo_1` FOREIGN KEY (`id_indice_articulo`) REFERENCES `indice_articulo` (`id_indice_articulo`) ON DELETE NO ACTION ON UPDATE NO ACTION). The SQL statement executed was: INSERT INTO `articulo` (`nombre`, `resumen`, `abstrac`, `introduccion`, `metodologia`, `contenido`, `fecha_creacion`, `archivo_pdf`, `id_status`, `conclusiones`, `agradecimientos`, `referencias`, `id_indice_articulo`) VALUES (:yp0, :yp1, :yp2, :yp3, :yp4, :yp5, :yp6, :yp7, :yp8, :yp9, :yp10, :yp11, :yp12)' in C:\xampp\htdocs\TopicosWeb\yii\framework\db\CDbCommand.php:358
Stack trace:
#0 C:\xampp\htdocs\TopicosWeb\yii\framework\db\ar\CActiveRecord.php(1080): CDbCommand->execute()
#1 C:\xampp\htdocs\TopicosWeb\yii\framework\db\ar\CActiveRecord.php(809): CActiveRecord->insert(NULL)
#2 C:\xampp\htdocs\TopicosWeb\yii\revista\protected\controllers\ArticuloController.php(73): CActiveRecord->save()
#3 C:\xampp\htdocs\TopicosWeb\yii\framework\web\actions\CInlineAction.php(49): ArticuloController->actionCreate()
#4 C:\xampp\htdocs\TopicosWeb\yii\framework\web\CController.php(308): CInlineAction->runWithParams(Array)
#5 C:\xampp\htdocs\TopicosWeb\yii\framework\web\filters\CFilterChain.php(133): CController->runAction(Object(CInlineAction))
#6 C:\xampp\htdocs\TopicosWeb\yii\framework\web\filters\CFilter.php(40): CFilterChain->run()
#7 C:\xampp\htdocs\TopicosWeb\yii\framework\web\CController.php(1145): CFilter->filter(Object(CFilterChain))
#8 C:\xampp\htdocs\TopicosWeb\yii\framework\web\filters\CInlineFilter.php(58): CController->filterAccessControl(Object(CFilterChain))
#9 C:\xampp\htdocs\TopicosWeb\yii\framework\web\filters\CFilterChain.php(130): CInlineFilter->filter(Object(CFilterChain))
#10 C:\xampp\htdocs\TopicosWeb\yii\framework\web\CController.php(291): CFilterChain->run()
#11 C:\xampp\htdocs\TopicosWeb\yii\framework\web\CController.php(265): CController->runActionWithFilters(Object(CInlineAction), Array)
#12 C:\xampp\htdocs\TopicosWeb\yii\framework\web\CWebApplication.php(282): CController->run('create')
#13 C:\xampp\htdocs\TopicosWeb\yii\framework\web\CWebApplication.php(141): CWebApplication->runController('articulo/create')
#14 C:\xampp\htdocs\TopicosWeb\yii\framework\base\CApplication.php(184): CWebApplication->processRequest()
#15 C:\xampp\htdocs\TopicosWeb\yii\revista\index.php(13): CApplication->run()
#16 {main}
REQUEST_URI=/TopicosWeb/yii/revista/index.php?r=articulo/create
HTTP_REFERER=http://localhost/TopicosWeb/yii/revista/index.php?r=articulo/create
---
2015/02/19 00:21:43 [error] [exception.CHttpException.404] exception 'CHttpException' with message 'The system is unable to find the requested action "agregar".' in C:\xampp\htdocs\topicosweb\framework\web\CController.php:483
Stack trace:
#0 C:\xampp\htdocs\topicosweb\framework\web\CController.php(270): CController->missingAction('agregar')
#1 C:\xampp\htdocs\topicosweb\framework\web\CWebApplication.php(282): CController->run('agregar')
#2 C:\xampp\htdocs\topicosweb\framework\web\CWebApplication.php(141): CWebApplication->runController('articulo/agrega...')
#3 C:\xampp\htdocs\topicosweb\framework\base\CApplication.php(184): CWebApplication->processRequest()
#4 C:\xampp\htdocs\topicosweb\11030906\revista\index.php(13): CApplication->run()
#5 {main}
REQUEST_URI=/topicosweb/11030906/revista/?r=articulo/agregar
HTTP_REFERER=http://localhost/topicosweb/11030906/revista/
---
2015/02/19 00:21:46 [error] [exception.CHttpException.404] exception 'CHttpException' with message 'The system is unable to find the requested action "agregar".' in C:\xampp\htdocs\topicosweb\framework\web\CController.php:483
Stack trace:
#0 C:\xampp\htdocs\topicosweb\framework\web\CController.php(270): CController->missingAction('agregar')
#1 C:\xampp\htdocs\topicosweb\framework\web\CWebApplication.php(282): CController->run('agregar')
#2 C:\xampp\htdocs\topicosweb\framework\web\CWebApplication.php(141): CWebApplication->runController('revista/agregar')
#3 C:\xampp\htdocs\topicosweb\framework\base\CApplication.php(184): CWebApplication->processRequest()
#4 C:\xampp\htdocs\topicosweb\11030906\revista\index.php(13): CApplication->run()
#5 {main}
REQUEST_URI=/topicosweb/11030906/revista/?r=revista/agregar
HTTP_REFERER=http://localhost/topicosweb/11030906/revista/?r=articulo/agregar
---
2015/02/19 00:21:48 [error] [exception.CHttpException.404] exception 'CHttpException' with message 'The system is unable to find the requested action "agregar".' in C:\xampp\htdocs\topicosweb\framework\web\CController.php:483
Stack trace:
#0 C:\xampp\htdocs\topicosweb\framework\web\CController.php(270): CController->missingAction('agregar')
#1 C:\xampp\htdocs\topicosweb\framework\web\CWebApplication.php(282): CController->run('agregar')
#2 C:\xampp\htdocs\topicosweb\framework\web\CWebApplication.php(141): CWebApplication->runController('articulo/agrega...')
#3 C:\xampp\htdocs\topicosweb\framework\base\CApplication.php(184): CWebApplication->processRequest()
#4 C:\xampp\htdocs\topicosweb\11030906\revista\index.php(13): CApplication->run()
#5 {main}
REQUEST_URI=/topicosweb/11030906/revista/?r=articulo/agregar
HTTP_REFERER=http://localhost/topicosweb/11030906/revista/?r=revista/agregar
---
2015/02/19 00:22:55 [error] [exception.CHttpException.404] exception 'CHttpException' with message 'The system is unable to find the requested action "agregar".' in C:\xampp\htdocs\topicosweb\framework\web\CController.php:483
Stack trace:
#0 C:\xampp\htdocs\topicosweb\framework\web\CController.php(270): CController->missingAction('agregar')
#1 C:\xampp\htdocs\topicosweb\framework\web\CWebApplication.php(282): CController->run('agregar')
#2 C:\xampp\htdocs\topicosweb\framework\web\CWebApplication.php(141): CWebApplication->runController('articulo/agrega...')
#3 C:\xampp\htdocs\topicosweb\framework\base\CApplication.php(184): CWebApplication->processRequest()
#4 C:\xampp\htdocs\topicosweb\11030906\revista\index.php(13): CApplication->run()
#5 {main}
REQUEST_URI=/topicosweb/11030906/revista/?r=articulo/agregar
HTTP_REFERER=http://localhost/topicosweb/11030906/revista/?r=revista/agregar
---
2015/02/19 00:22:57 [error] [exception.CHttpException.404] exception 'CHttpException' with message 'Unable to resolve the request "ArticuloController/actionCreate".' in C:\xampp\htdocs\topicosweb\framework\web\CWebApplication.php:286
Stack trace:
#0 C:\xampp\htdocs\topicosweb\framework\web\CWebApplication.php(141): CWebApplication->runController('ArticuloControl...')
#1 C:\xampp\htdocs\topicosweb\framework\base\CApplication.php(184): CWebApplication->processRequest()
#2 C:\xampp\htdocs\topicosweb\11030906\revista\index.php(13): CApplication->run()
#3 {main}
REQUEST_URI=/topicosweb/11030906/revista/?r=ArticuloController/actionCreate
HTTP_REFERER=http://localhost/topicosweb/11030906/revista/?r=articulo/agregar
---
2015/02/19 00:22:59 [error] [exception.CHttpException.404] exception 'CHttpException' with message 'Unable to resolve the request "ArticuloController/actionCreate".' in C:\xampp\htdocs\topicosweb\framework\web\CWebApplication.php:286
Stack trace:
#0 C:\xampp\htdocs\topicosweb\framework\web\CWebApplication.php(141): CWebApplication->runController('ArticuloControl...')
#1 C:\xampp\htdocs\topicosweb\framework\base\CApplication.php(184): CWebApplication->processRequest()
#2 C:\xampp\htdocs\topicosweb\11030906\revista\index.php(13): CApplication->run()
#3 {main}
REQUEST_URI=/topicosweb/11030906/revista/?r=ArticuloController/actionCreate
HTTP_REFERER=http://localhost/topicosweb/11030906/revista/?r=ArticuloController/actionCreate
---
2015/02/19 00:23:00 [error] [exception.CHttpException.404] exception 'CHttpException' with message 'Unable to resolve the request "ArticuloController/actionCreate".' in C:\xampp\htdocs\topicosweb\framework\web\CWebApplication.php:286
Stack trace:
#0 C:\xampp\htdocs\topicosweb\framework\web\CWebApplication.php(141): CWebApplication->runController('ArticuloControl...')
#1 C:\xampp\htdocs\topicosweb\framework\base\CApplication.php(184): CWebApplication->processRequest()
#2 C:\xampp\htdocs\topicosweb\11030906\revista\index.php(13): CApplication->run()
#3 {main}
REQUEST_URI=/topicosweb/11030906/revista/?r=ArticuloController/actionCreate
HTTP_REFERER=http://localhost/topicosweb/11030906/revista/?r=ArticuloController/actionCreate
---
2015/02/19 00:23:02 [error] [exception.CHttpException.404] exception 'CHttpException' with message 'Unable to resolve the request "ArticuloController/actionCreate".' in C:\xampp\htdocs\topicosweb\framework\web\CWebApplication.php:286
Stack trace:
#0 C:\xampp\htdocs\topicosweb\framework\web\CWebApplication.php(141): CWebApplication->runController('ArticuloControl...')
#1 C:\xampp\htdocs\topicosweb\framework\base\CApplication.php(184): CWebApplication->processRequest()
#2 C:\xampp\htdocs\topicosweb\11030906\revista\index.php(13): CApplication->run()
#3 {main}
REQUEST_URI=/topicosweb/11030906/revista/?r=ArticuloController/actionCreate
HTTP_REFERER=http://localhost/topicosweb/11030906/revista/?r=ArticuloController/actionCreate
---
2015/02/19 00:23:03 [error] [exception.CHttpException.404] exception 'CHttpException' with message 'The system is unable to find the requested action "agregar".' in C:\xampp\htdocs\topicosweb\framework\web\CController.php:483
Stack trace:
#0 C:\xampp\htdocs\topicosweb\framework\web\CController.php(270): CController->missingAction('agregar')
#1 C:\xampp\htdocs\topicosweb\framework\web\CWebApplication.php(282): CController->run('agregar')
#2 C:\xampp\htdocs\topicosweb\framework\web\CWebApplication.php(141): CWebApplication->runController('revista/agregar')
#3 C:\xampp\htdocs\topicosweb\framework\base\CApplication.php(184): CWebApplication->processRequest()
#4 C:\xampp\htdocs\topicosweb\11030906\revista\index.php(13): CApplication->run()
#5 {main}
REQUEST_URI=/topicosweb/11030906/revista/?r=revista/agregar
HTTP_REFERER=http://localhost/topicosweb/11030906/revista/?r=ArticuloController/actionCreate
---
2015/02/19 00:23:04 [error] [exception.CHttpException.404] exception 'CHttpException' with message 'Unable to resolve the request "ArticuloController/actionCreate".' in C:\xampp\htdocs\topicosweb\framework\web\CWebApplication.php:286
Stack trace:
#0 C:\xampp\htdocs\topicosweb\framework\web\CWebApplication.php(141): CWebApplication->runController('ArticuloControl...')
#1 C:\xampp\htdocs\topicosweb\framework\base\CApplication.php(184): CWebApplication->processRequest()
#2 C:\xampp\htdocs\topicosweb\11030906\revista\index.php(13): CApplication->run()
#3 {main}
REQUEST_URI=/topicosweb/11030906/revista/?r=ArticuloController/actionCreate
HTTP_REFERER=http://localhost/topicosweb/11030906/revista/?r=revista/agregar
---
2015/02/19 00:24:21 [error] [exception.CHttpException.404] exception 'CHttpException' with message 'Unable to resolve the request "ArticuloController/actionCreate".' in C:\xampp\htdocs\topicosweb\framework\web\CWebApplication.php:286
Stack trace:
#0 C:\xampp\htdocs\topicosweb\framework\web\CWebApplication.php(141): CWebApplication->runController('ArticuloControl...')
#1 C:\xampp\htdocs\topicosweb\framework\base\CApplication.php(184): CWebApplication->processRequest()
#2 C:\xampp\htdocs\topicosweb\11030906\revista\index.php(13): CApplication->run()
#3 {main}
REQUEST_URI=/topicosweb/11030906/revista/?r=ArticuloController/actionCreate
HTTP_REFERER=http://localhost/topicosweb/11030906/revista/?r=revista/agregar
---
2015/02/19 00:24:23 [error] [exception.CHttpException.404] exception 'CHttpException' with message 'Unable to resolve the request "ArticuloController/Create".' in C:\xampp\htdocs\topicosweb\framework\web\CWebApplication.php:286
Stack trace:
#0 C:\xampp\htdocs\topicosweb\framework\web\CWebApplication.php(141): CWebApplication->runController('ArticuloControl...')
#1 C:\xampp\htdocs\topicosweb\framework\base\CApplication.php(184): CWebApplication->processRequest()
#2 C:\xampp\htdocs\topicosweb\11030906\revista\index.php(13): CApplication->run()
#3 {main}
REQUEST_URI=/topicosweb/11030906/revista/?r=ArticuloController/Create
HTTP_REFERER=http://localhost/topicosweb/11030906/revista/?r=ArticuloController/actionCreate
---
2015/02/19 00:24:24 [error] [exception.CHttpException.404] exception 'CHttpException' with message 'Unable to resolve the request "ArticuloController/Create".' in C:\xampp\htdocs\topicosweb\framework\web\CWebApplication.php:286
Stack trace:
#0 C:\xampp\htdocs\topicosweb\framework\web\CWebApplication.php(141): CWebApplication->runController('ArticuloControl...')
#1 C:\xampp\htdocs\topicosweb\framework\base\CApplication.php(184): CWebApplication->processRequest()
#2 C:\xampp\htdocs\topicosweb\11030906\revista\index.php(13): CApplication->run()
#3 {main}
REQUEST_URI=/topicosweb/11030906/revista/?r=ArticuloController/Create
HTTP_REFERER=http://localhost/topicosweb/11030906/revista/?r=ArticuloController/Create
---
2015/02/19 00:25:12 [error] [exception.CHttpException.404] exception 'CHttpException' with message 'Unable to resolve the request "ArticuloController/Create".' in C:\xampp\htdocs\topicosweb\framework\web\CWebApplication.php:286
Stack trace:
#0 C:\xampp\htdocs\topicosweb\framework\web\CWebApplication.php(141): CWebApplication->runController('ArticuloControl...')
#1 C:\xampp\htdocs\topicosweb\framework\base\CApplication.php(184): CWebApplication->processRequest()
#2 C:\xampp\htdocs\topicosweb\11030906\revista\index.php(13): CApplication->run()
#3 {main}
REQUEST_URI=/topicosweb/11030906/revista/?r=ArticuloController/Create
HTTP_REFERER=http://localhost/topicosweb/11030906/revista/?r=ArticuloController/Create
---
2015/02/19 00:26:16 [error] [exception.CHttpException.404] exception 'CHttpException' with message 'The system is unable to find the requested action "agregar".' in C:\xampp\htdocs\topicosweb\framework\web\CController.php:483
Stack trace:
#0 C:\xampp\htdocs\topicosweb\framework\web\CController.php(270): CController->missingAction('agregar')
#1 C:\xampp\htdocs\topicosweb\framework\web\CWebApplication.php(282): CController->run('agregar')
#2 C:\xampp\htdocs\topicosweb\framework\web\CWebApplication.php(141): CWebApplication->runController('revista/agregar')
#3 C:\xampp\htdocs\topicosweb\framework\base\CApplication.php(184): CWebApplication->processRequest()
#4 C:\xampp\htdocs\topicosweb\11030906\revista\index.php(13): CApplication->run()
#5 {main}
REQUEST_URI=/topicosweb/11030906/revista/?r=revista/agregar
HTTP_REFERER=http://localhost/topicosweb/11030906/revista/?r=articulo/create
---
2015/02/19 00:28:10 [error] [exception.CHttpException.404] exception 'CHttpException' with message 'The system is unable to find the requested action "agregar".' in C:\xampp\htdocs\topicosweb\framework\web\CController.php:483
Stack trace:
#0 C:\xampp\htdocs\topicosweb\framework\web\CController.php(270): CController->missingAction('agregar')
#1 C:\xampp\htdocs\topicosweb\framework\web\CWebApplication.php(282): CController->run('agregar')
#2 C:\xampp\htdocs\topicosweb\framework\web\CWebApplication.php(141): CWebApplication->runController('revista/agregar')
#3 C:\xampp\htdocs\topicosweb\framework\base\CApplication.php(184): CWebApplication->processRequest()
#4 C:\xampp\htdocs\topicosweb\11030906\revista\index.php(13): CApplication->run()
#5 {main}
REQUEST_URI=/topicosweb/11030906/revista/?r=revista/agregar
HTTP_REFERER=http://localhost/topicosweb/11030906/revista/?r=articulo/create
---
