2015/03/22 06:23:51 [error] [exception.CHttpException.404] exception 'CHttpException' with message 'Unable to resolve the request "evento/admin".' in C:\xampp\htdocs\topicosweb\framework\web\CWebApplication.php:286
Stack trace:
#0 C:\xampp\htdocs\topicosweb\framework\web\CWebApplication.php(141): CWebApplication->runController('evento/admin')
#1 C:\xampp\htdocs\topicosweb\framework\base\CApplication.php(184): CWebApplication->processRequest()
#2 C:\xampp\htdocs\topicosweb\11030704\congreso\index.php(13): CApplication->run()
#3 {main}
REQUEST_URI=/topicosweb/11030704/congreso/?r=evento/admin
HTTP_REFERER=http://localhost/topicosweb/11030704/congreso/
---
2015/03/22 06:25:17 [error] [exception.CHttpException.404] exception 'CHttpException' with message 'Unable to resolve the request "evento/admin".' in C:\xampp\htdocs\topicosweb\framework\web\CWebApplication.php:286
Stack trace:
#0 C:\xampp\htdocs\topicosweb\framework\web\CWebApplication.php(141): CWebApplication->runController('evento/admin')
#1 C:\xampp\htdocs\topicosweb\framework\base\CApplication.php(184): CWebApplication->processRequest()
#2 C:\xampp\htdocs\topicosweb\11030704\congreso\index.php(13): CApplication->run()
#3 {main}
REQUEST_URI=/topicosweb/11030704/congreso/?r=evento/admin
HTTP_REFERER=http://localhost/topicosweb/11030704/congreso/
---
2015/03/24 00:49:35 [error] [exception.CHttpException.404] exception 'CHttpException' with message 'Unable to resolve the request "site=index".' in C:\xampp\htdocs\topicos\framework\web\CWebApplication.php:286
Stack trace:
#0 C:\xampp\htdocs\topicos\framework\web\CWebApplication.php(141): CWebApplication->runController('site=index')
#1 C:\xampp\htdocs\topicos\framework\base\CApplication.php(184): CWebApplication->processRequest()
#2 C:\xampp\htdocs\topicos\congreso\index.php(13): CApplication->run()
#3 {main}
REQUEST_URI=/topicos/congreso/index.php?r=site=index
---
2015/03/25 16:27:07 [error] [exception.CHttpException.404] exception 'CHttpException' with message 'Unable to resolve the request "admin/view".' in C:\xampp\htdocs\topicosweb\framework\web\CWebApplication.php:286
Stack trace:
#0 C:\xampp\htdocs\topicosweb\framework\web\CWebApplication.php(141): CWebApplication->runController('admin/view')
#1 C:\xampp\htdocs\topicosweb\framework\base\CApplication.php(184): CWebApplication->processRequest()
#2 C:\xampp\htdocs\topicosweb\congreso\index.php(13): CApplication->run()
#3 {main}
REQUEST_URI=/topicosweb/congreso/index.php?r=admin/view
HTTP_REFERER=http://localhost:8080/topicosweb/congreso/index.php
---
2015/03/25 16:27:31 [error] [exception.CHttpException.404] exception 'CHttpException' with message 'Unable to resolve the request "admin/view".' in C:\xampp\htdocs\topicosweb\framework\web\CWebApplication.php:286
Stack trace:
#0 C:\xampp\htdocs\topicosweb\framework\web\CWebApplication.php(141): CWebApplication->runController('admin/view')
#1 C:\xampp\htdocs\topicosweb\framework\base\CApplication.php(184): CWebApplication->processRequest()
#2 C:\xampp\htdocs\topicosweb\congreso\index.php(13): CApplication->run()
#3 {main}
REQUEST_URI=/topicosweb/congreso/index.php?r=admin/view
HTTP_REFERER=http://localhost:8080/topicosweb/congreso/index.php
---
2015/03/26 00:29:16 [error] [exception.CHttpException.404] exception 'CHttpException' with message 'The system is unable to find the requested action "view".' in C:\xampp\htdocs\topicosweb\framework\web\CController.php:483
Stack trace:
#0 C:\xampp\htdocs\topicosweb\framework\web\CController.php(270): CController->missingAction('view')
#1 C:\xampp\htdocs\topicosweb\framework\web\CWebApplication.php(282): CController->run('view')
#2 C:\xampp\htdocs\topicosweb\framework\web\CWebApplication.php(141): CWebApplication->runController('site/view')
#3 C:\xampp\htdocs\topicosweb\framework\base\CApplication.php(184): CWebApplication->processRequest()
#4 C:\xampp\htdocs\topicosweb\congreso\index.php(13): CApplication->run()
#5 {main}
REQUEST_URI=/topicosweb/congreso/index.php?r=site/view&id=6
HTTP_REFERER=http://localhost:8080/topicosweb/congreso/index.php?r=site/index
---
2015/03/26 00:30:23 [error] [exception.CHttpException.404] exception 'CHttpException' with message 'The system is unable to find the requested action "usuarioRegistrado".' in C:\xampp\htdocs\topicosweb\framework\web\CController.php:483
Stack trace:
#0 C:\xampp\htdocs\topicosweb\framework\web\CController.php(270): CController->missingAction('usuarioRegistra...')
#1 C:\xampp\htdocs\topicosweb\framework\web\CWebApplication.php(282): CController->run('usuarioRegistra...')
#2 C:\xampp\htdocs\topicosweb\framework\web\CWebApplication.php(141): CWebApplication->runController('site/usuarioReg...')
#3 C:\xampp\htdocs\topicosweb\framework\base\CApplication.php(184): CWebApplication->processRequest()
#4 C:\xampp\htdocs\topicosweb\congreso\index.php(13): CApplication->run()
#5 {main}
REQUEST_URI=/topicosweb/congreso/index.php?r=site/usuarioRegistrado
---
2015/03/27 19:12:43 [error] [exception.CDbException] exception 'CDbException' with message 'CDbConnection failed to open the DB connection: SQLSTATE[HY000] [1049] Unknown database 'citec'' in C:\xampp\htdocs\otro\framework\db\CDbConnection.php:399
Stack trace:
#0 C:\xampp\htdocs\otro\framework\db\CDbConnection.php(347): CDbConnection->open()
#1 C:\xampp\htdocs\otro\framework\db\CDbConnection.php(325): CDbConnection->setActive(true)
#2 C:\xampp\htdocs\otro\framework\base\CModule.php(394): CDbConnection->init()
#3 C:\xampp\htdocs\otro\framework\base\CApplication.php(458): CModule->getComponent('db')
#4 C:\xampp\htdocs\otro\framework\db\ar\CActiveRecord.php(637): CApplication->getDb()
#5 C:\xampp\htdocs\otro\framework\db\ar\CActiveRecord.php(1433): CActiveRecord->getDbConnection()
#6 C:\xampp\htdocs\otro\framework\db\ar\CActiveRecord.php(1489): CActiveRecord->getTableAlias(true)
#7 C:\xampp\htdocs\otro\vistaYregistro\congreso\protected\controllers\SiteController.php(44): CActiveRecord->findByPk('1')
#8 C:\xampp\htdocs\otro\framework\web\actions\CInlineAction.php(49): SiteController->actionIndex()
#9 C:\xampp\htdocs\otro\framework\web\CController.php(308): CInlineAction->runWithParams(Array)
#10 C:\xampp\htdocs\otro\framework\web\CController.php(286): CController->runAction(Object(CInlineAction))
#11 C:\xampp\htdocs\otro\framework\web\CController.php(265): CController->runActionWithFilters(Object(CInlineAction), Array)
#12 C:\xampp\htdocs\otro\framework\web\CWebApplication.php(282): CController->run('')
#13 C:\xampp\htdocs\otro\framework\web\CWebApplication.php(141): CWebApplication->runController('')
#14 C:\xampp\htdocs\otro\framework\base\CApplication.php(184): CWebApplication->processRequest()
#15 C:\xampp\htdocs\otro\vistaYregistro\congreso\index.php(13): CApplication->run()
#16 {main}
REQUEST_URI=/otro/vistaYregistro/congreso/
HTTP_REFERER=http://localhost:8080/otro/vistaYregistro/
---
2015/03/27 19:25:11 [error] [php] Undefined variable: participantes (C:\xampp\htdocs\otro\vistaYregistro\congreso\protected\views\site\index.php:149)
Stack trace:
#0 C:\xampp\htdocs\otro\framework\web\CController.php(869): SiteController->renderFile()
#1 C:\xampp\htdocs\otro\framework\web\CController.php(782): SiteController->renderPartial()
#2 C:\xampp\htdocs\otro\vistaYregistro\congreso\protected\controllers\SiteController.php(66): SiteController->render()
#3 C:\xampp\htdocs\otro\framework\web\actions\CInlineAction.php(49): SiteController->actionIndex()
#4 C:\xampp\htdocs\otro\framework\web\CController.php(308): CInlineAction->runWithParams()
#5 C:\xampp\htdocs\otro\framework\web\CController.php(286): SiteController->runAction()
#6 C:\xampp\htdocs\otro\framework\web\CController.php(265): SiteController->runActionWithFilters()
#7 C:\xampp\htdocs\otro\framework\web\CWebApplication.php(282): SiteController->run()
#8 C:\xampp\htdocs\otro\framework\web\CWebApplication.php(141): CWebApplication->runController()
#9 C:\xampp\htdocs\otro\framework\base\CApplication.php(184): CWebApplication->processRequest()
#10 C:\xampp\htdocs\otro\vistaYregistro\congreso\index.php(13): CWebApplication->run()
REQUEST_URI=/otro/vistaYregistro/congreso/
in C:\xampp\htdocs\otro\vistaYregistro\congreso\protected\views\site\index.php (149)
in C:\xampp\htdocs\otro\vistaYregistro\congreso\protected\controllers\SiteController.php (66)
in C:\xampp\htdocs\otro\vistaYregistro\congreso\index.php (13)
2015/03/27 19:27:17 [error] [php] Undefined variable: participantes (C:\xampp\htdocs\otro\vistaYregistro\congreso\protected\views\site\index.php:149)
Stack trace:
#0 C:\xampp\htdocs\otro\framework\web\CController.php(869): SiteController->renderFile()
#1 C:\xampp\htdocs\otro\framework\web\CController.php(782): SiteController->renderPartial()
#2 C:\xampp\htdocs\otro\vistaYregistro\congreso\protected\controllers\SiteController.php(66): SiteController->render()
#3 C:\xampp\htdocs\otro\framework\web\actions\CInlineAction.php(49): SiteController->actionIndex()
#4 C:\xampp\htdocs\otro\framework\web\CController.php(308): CInlineAction->runWithParams()
#5 C:\xampp\htdocs\otro\framework\web\CController.php(286): SiteController->runAction()
#6 C:\xampp\htdocs\otro\framework\web\CController.php(265): SiteController->runActionWithFilters()
#7 C:\xampp\htdocs\otro\framework\web\CWebApplication.php(282): SiteController->run()
#8 C:\xampp\htdocs\otro\framework\web\CWebApplication.php(141): CWebApplication->runController()
#9 C:\xampp\htdocs\otro\framework\base\CApplication.php(184): CWebApplication->processRequest()
#10 C:\xampp\htdocs\otro\vistaYregistro\congreso\index.php(13): CWebApplication->run()
REQUEST_URI=/otro/vistaYregistro/congreso/
in C:\xampp\htdocs\otro\vistaYregistro\congreso\protected\views\site\index.php (149)
in C:\xampp\htdocs\otro\vistaYregistro\congreso\protected\controllers\SiteController.php (66)
in C:\xampp\htdocs\otro\vistaYregistro\congreso\index.php (13)
2015/03/27 19:27:43 [error] [php] Undefined variable: participantes (C:\xampp\htdocs\otro\vistaYregistro\congreso\protected\views\site\index.php:149)
Stack trace:
#0 C:\xampp\htdocs\otro\framework\web\CController.php(869): SiteController->renderFile()
#1 C:\xampp\htdocs\otro\framework\web\CController.php(782): SiteController->renderPartial()
#2 C:\xampp\htdocs\otro\vistaYregistro\congreso\protected\controllers\SiteController.php(66): SiteController->render()
#3 C:\xampp\htdocs\otro\framework\web\actions\CInlineAction.php(49): SiteController->actionIndex()
#4 C:\xampp\htdocs\otro\framework\web\CController.php(308): CInlineAction->runWithParams()
#5 C:\xampp\htdocs\otro\framework\web\CController.php(286): SiteController->runAction()
#6 C:\xampp\htdocs\otro\framework\web\CController.php(265): SiteController->runActionWithFilters()
#7 C:\xampp\htdocs\otro\framework\web\CWebApplication.php(282): SiteController->run()
#8 C:\xampp\htdocs\otro\framework\web\CWebApplication.php(141): CWebApplication->runController()
#9 C:\xampp\htdocs\otro\framework\base\CApplication.php(184): CWebApplication->processRequest()
#10 C:\xampp\htdocs\otro\vistaYregistro\congreso\index.php(13): CWebApplication->run()
REQUEST_URI=/otro/vistaYregistro/congreso/
in C:\xampp\htdocs\otro\vistaYregistro\congreso\protected\views\site\index.php (149)
in C:\xampp\htdocs\otro\vistaYregistro\congreso\protected\controllers\SiteController.php (66)
in C:\xampp\htdocs\otro\vistaYregistro\congreso\index.php (13)
