2015/02/12 01:32:52 [error] [exception.CDbException] exception 'CDbException' with message 'CDbConnection failed to open the DB connection: SQLSTATE[HY000] [1044] Access denied for user 'revista'@'localhost' to database 'revista'' in C:\xampp\htdocs\topicos\yii\framework\db\CDbConnection.php:399
Stack trace:
#0 C:\xampp\htdocs\topicos\yii\framework\db\CDbConnection.php(347): CDbConnection->open()
#1 C:\xampp\htdocs\topicos\yii\framework\db\CDbConnection.php(325): CDbConnection->setActive(true)
#2 C:\xampp\htdocs\topicos\yii\framework\base\CModule.php(394): CDbConnection->init()
#3 C:\xampp\htdocs\topicos\yii\framework\base\CModule.php(103): CModule->getComponent('db')
#4 C:\xampp\htdocs\topicos\yii\framework\gii\generators\model\ModelCode.php(60): CModule->__get('db')
#5 C:\xampp\htdocs\topicos\yii\framework\web\CFormModel.php(39): ModelCode->init()
#6 C:\xampp\htdocs\topicos\yii\framework\gii\CCodeGenerator.php(153): CFormModel->__construct()
#7 C:\xampp\htdocs\topicos\yii\framework\gii\CCodeGenerator.php(63): CCodeGenerator->prepare()
#8 C:\xampp\htdocs\topicos\yii\framework\web\actions\CInlineAction.php(49): CCodeGenerator->actionIndex()
#9 C:\xampp\htdocs\topicos\yii\framework\web\CController.php(308): CInlineAction->runWithParams(Array)
#10 C:\xampp\htdocs\topicos\yii\framework\web\CController.php(286): CController->runAction(Object(CInlineAction))
#11 C:\xampp\htdocs\topicos\yii\framework\web\CController.php(265): CController->runActionWithFilters(Object(CInlineAction), Array)
#12 C:\xampp\htdocs\topicos\yii\framework\web\CWebApplication.php(282): CController->run('index')
#13 C:\xampp\htdocs\topicos\yii\framework\web\CWebApplication.php(141): CWebApplication->runController('gii/model/index')
#14 C:\xampp\htdocs\topicos\yii\framework\base\CApplication.php(184): CWebApplication->processRequest()
#15 C:\xampp\htdocs\topicos\yii\revista\index.php(13): CApplication->run()
#16 {main}
REQUEST_URI=/topicos/yii/revista/index.php?r=gii/model/index
HTTP_REFERER=http://localhost/topicos/yii/revista/index.php?r=gii
---
2015/02/12 01:43:51 [error] [system.db.CDbCommand] CDbCommand::execute() failed: SQLSTATE[23000]: Integrity constraint violation: 1452 Cannot add or update a child row: a foreign key constraint fails (`revista`.`articulo`, CONSTRAINT `fk_articulo_indice_articulo_1` FOREIGN KEY (`id_indice_articulo`) REFERENCES `indice_articulo` (`id_indice_articulo`) ON DELETE NO ACTION ON UPDATE NO ACTION). The SQL statement executed was: INSERT INTO `articulo` (`nombre`, `resumen`, `abstrac`, `introduccion`, `metodologia`, `contenido`, `fecha_creacion`, `archivo_pdf`, `id_status`, `conclusiones`, `agradecimientos`, `referencias`, `id_indice_articulo`) VALUES (:yp0, :yp1, :yp2, :yp3, :yp4, :yp5, :yp6, :yp7, :yp8, :yp9, :yp10, :yp11, :yp12).
in C:\xampp\htdocs\topicos\yii\revista\protected\controllers\ArticuloController.php (73)
in C:\xampp\htdocs\topicos\yii\revista\index.php (13)
2015/02/12 01:43:51 [error] [exception.CDbException] exception 'CDbException' with message 'CDbCommand failed to execute the SQL statement: SQLSTATE[23000]: Integrity constraint violation: 1452 Cannot add or update a child row: a foreign key constraint fails (`revista`.`articulo`, CONSTRAINT `fk_articulo_indice_articulo_1` FOREIGN KEY (`id_indice_articulo`) REFERENCES `indice_articulo` (`id_indice_articulo`) ON DELETE NO ACTION ON UPDATE NO ACTION). The SQL statement executed was: INSERT INTO `articulo` (`nombre`, `resumen`, `abstrac`, `introduccion`, `metodologia`, `contenido`, `fecha_creacion`, `archivo_pdf`, `id_status`, `conclusiones`, `agradecimientos`, `referencias`, `id_indice_articulo`) VALUES (:yp0, :yp1, :yp2, :yp3, :yp4, :yp5, :yp6, :yp7, :yp8, :yp9, :yp10, :yp11, :yp12)' in C:\xampp\htdocs\topicos\yii\framework\db\CDbCommand.php:358
Stack trace:
#0 C:\xampp\htdocs\topicos\yii\framework\db\ar\CActiveRecord.php(1080): CDbCommand->execute()
#1 C:\xampp\htdocs\topicos\yii\framework\db\ar\CActiveRecord.php(809): CActiveRecord->insert(NULL)
#2 C:\xampp\htdocs\topicos\yii\revista\protected\controllers\ArticuloController.php(73): CActiveRecord->save()
#3 C:\xampp\htdocs\topicos\yii\framework\web\actions\CInlineAction.php(49): ArticuloController->actionCreate()
#4 C:\xampp\htdocs\topicos\yii\framework\web\CController.php(308): CInlineAction->runWithParams(Array)
#5 C:\xampp\htdocs\topicos\yii\framework\web\filters\CFilterChain.php(133): CController->runAction(Object(CInlineAction))
#6 C:\xampp\htdocs\topicos\yii\framework\web\filters\CFilter.php(40): CFilterChain->run()
#7 C:\xampp\htdocs\topicos\yii\framework\web\CController.php(1145): CFilter->filter(Object(CFilterChain))
#8 C:\xampp\htdocs\topicos\yii\framework\web\filters\CInlineFilter.php(58): CController->filterAccessControl(Object(CFilterChain))
#9 C:\xampp\htdocs\topicos\yii\framework\web\filters\CFilterChain.php(130): CInlineFilter->filter(Object(CFilterChain))
#10 C:\xampp\htdocs\topicos\yii\framework\web\CController.php(291): CFilterChain->run()
#11 C:\xampp\htdocs\topicos\yii\framework\web\CController.php(265): CController->runActionWithFilters(Object(CInlineAction), Array)
#12 C:\xampp\htdocs\topicos\yii\framework\web\CWebApplication.php(282): CController->run('create')
#13 C:\xampp\htdocs\topicos\yii\framework\web\CWebApplication.php(141): CWebApplication->runController('articulo/create')
#14 C:\xampp\htdocs\topicos\yii\framework\base\CApplication.php(184): CWebApplication->processRequest()
#15 C:\xampp\htdocs\topicos\yii\revista\index.php(13): CApplication->run()
#16 {main}
REQUEST_URI=/topicos/yii/revista/index.php?r=articulo/create
HTTP_REFERER=http://localhost/topicos/yii/revista/index.php?r=articulo/create
---
2015/02/14 00:11:32 [error] [exception.CHttpException.404] exception 'CHttpException' with message 'Unable to resolve the request "revista".' in C:\xampp\htdocs\topicos\yii\framework\web\CWebApplication.php:286
Stack trace:
#0 C:\xampp\htdocs\topicos\yii\framework\web\CWebApplication.php(141): CWebApplication->runController('revista')
#1 C:\xampp\htdocs\topicos\yii\framework\base\CApplication.php(184): CWebApplication->processRequest()
#2 C:\xampp\htdocs\topicos\yii\revista\index.php(13): CApplication->run()
#3 {main}
REQUEST_URI=/topicos/yii/revista/index.php?r=revista
---
2015/02/14 00:15:07 [error] [system.db.CDbCommand] CDbCommand::execute() failed: SQLSTATE[23000]: Integrity constraint violation: 1452 Cannot add or update a child row: a foreign key constraint fails (`revista`.`articulo`, CONSTRAINT `fk_articulo_indice_articulo_1` FOREIGN KEY (`id_indice_articulo`) REFERENCES `indice_articulo` (`id_indice_articulo`) ON DELETE NO ACTION ON UPDATE NO ACTION). The SQL statement executed was: INSERT INTO `articulo` (`nombre`, `resumen`, `abstrac`, `introduccion`, `metodologia`, `contenido`, `fecha_creacion`, `archivo_pdf`, `id_status`, `conclusiones`, `agradecimientos`, `referencias`, `id_indice_articulo`) VALUES (:yp0, :yp1, :yp2, :yp3, :yp4, :yp5, :yp6, :yp7, :yp8, :yp9, :yp10, :yp11, :yp12).
in C:\xampp\htdocs\topicos\yii\revista\protected\controllers\ArticuloController.php (73)
in C:\xampp\htdocs\topicos\yii\revista\index.php (13)
2015/02/14 00:15:07 [error] [exception.CDbException] exception 'CDbException' with message 'CDbCommand failed to execute the SQL statement: SQLSTATE[23000]: Integrity constraint violation: 1452 Cannot add or update a child row: a foreign key constraint fails (`revista`.`articulo`, CONSTRAINT `fk_articulo_indice_articulo_1` FOREIGN KEY (`id_indice_articulo`) REFERENCES `indice_articulo` (`id_indice_articulo`) ON DELETE NO ACTION ON UPDATE NO ACTION). The SQL statement executed was: INSERT INTO `articulo` (`nombre`, `resumen`, `abstrac`, `introduccion`, `metodologia`, `contenido`, `fecha_creacion`, `archivo_pdf`, `id_status`, `conclusiones`, `agradecimientos`, `referencias`, `id_indice_articulo`) VALUES (:yp0, :yp1, :yp2, :yp3, :yp4, :yp5, :yp6, :yp7, :yp8, :yp9, :yp10, :yp11, :yp12)' in C:\xampp\htdocs\topicos\yii\framework\db\CDbCommand.php:358
Stack trace:
#0 C:\xampp\htdocs\topicos\yii\framework\db\ar\CActiveRecord.php(1080): CDbCommand->execute()
#1 C:\xampp\htdocs\topicos\yii\framework\db\ar\CActiveRecord.php(809): CActiveRecord->insert(NULL)
#2 C:\xampp\htdocs\topicos\yii\revista\protected\controllers\ArticuloController.php(73): CActiveRecord->save()
#3 C:\xampp\htdocs\topicos\yii\framework\web\actions\CInlineAction.php(49): ArticuloController->actionCreate()
#4 C:\xampp\htdocs\topicos\yii\framework\web\CController.php(308): CInlineAction->runWithParams(Array)
#5 C:\xampp\htdocs\topicos\yii\framework\web\filters\CFilterChain.php(133): CController->runAction(Object(CInlineAction))
#6 C:\xampp\htdocs\topicos\yii\framework\web\filters\CFilter.php(40): CFilterChain->run()
#7 C:\xampp\htdocs\topicos\yii\framework\web\CController.php(1145): CFilter->filter(Object(CFilterChain))
#8 C:\xampp\htdocs\topicos\yii\framework\web\filters\CInlineFilter.php(58): CController->filterAccessControl(Object(CFilterChain))
#9 C:\xampp\htdocs\topicos\yii\framework\web\filters\CFilterChain.php(130): CInlineFilter->filter(Object(CFilterChain))
#10 C:\xampp\htdocs\topicos\yii\framework\web\CController.php(291): CFilterChain->run()
#11 C:\xampp\htdocs\topicos\yii\framework\web\CController.php(265): CController->runActionWithFilters(Object(CInlineAction), Array)
#12 C:\xampp\htdocs\topicos\yii\framework\web\CWebApplication.php(282): CController->run('create')
#13 C:\xampp\htdocs\topicos\yii\framework\web\CWebApplication.php(141): CWebApplication->runController('articulo/create')
#14 C:\xampp\htdocs\topicos\yii\framework\base\CApplication.php(184): CWebApplication->processRequest()
#15 C:\xampp\htdocs\topicos\yii\revista\index.php(13): CApplication->run()
#16 {main}
REQUEST_URI=/topicos/yii/revista/index.php?r=articulo/create
HTTP_REFERER=http://localhost/topicos/yii/revista/index.php?r=articulo/create
---
2015/02/14 00:19:00 [error] [exception.CHttpException.404] exception 'CHttpException' with message 'The system is unable to find the requested action "agregar".' in C:\xampp\htdocs\topicos\yii\framework\web\CController.php:483
Stack trace:
#0 C:\xampp\htdocs\topicos\yii\framework\web\CController.php(270): CController->missingAction('agregar')
#1 C:\xampp\htdocs\topicos\yii\framework\web\CWebApplication.php(282): CController->run('agregar')
#2 C:\xampp\htdocs\topicos\yii\framework\web\CWebApplication.php(141): CWebApplication->runController('articulo/agrega...')
#3 C:\xampp\htdocs\topicos\yii\framework\base\CApplication.php(184): CWebApplication->processRequest()
#4 C:\xampp\htdocs\topicos\yii\revista\index.php(13): CApplication->run()
#5 {main}
REQUEST_URI=/topicos/yii/revista/index.php?r=articulo/agregar
---
2015/02/14 00:54:49 [error] [exception.CHttpException.404] exception 'CHttpException' with message 'The system is unable to find the requested action "create".' in C:\xampp\htdocs\topicos\yii\framework\web\CController.php:483
Stack trace:
#0 C:\xampp\htdocs\topicos\yii\framework\web\CController.php(270): CController->missingAction('create')
#1 C:\xampp\htdocs\topicos\yii\framework\web\CWebApplication.php(282): CController->run('create')
#2 C:\xampp\htdocs\topicos\yii\framework\web\CWebApplication.php(141): CWebApplication->runController('articulo/create')
#3 C:\xampp\htdocs\topicos\yii\framework\base\CApplication.php(184): CWebApplication->processRequest()
#4 C:\xampp\htdocs\topicos\yii\revista\index.php(13): CApplication->run()
#5 {main}
REQUEST_URI=/topicos/yii/revista/index.php?r=articulo/create
HTTP_REFERER=http://localhost/topicos/yii/revista/index.php?r=articulo/view&id=4
---
2015/02/17 00:54:01 [error] [exception.CDbException] exception 'CDbException' with message 'CDbConnection failed to open the DB connection: SQLSTATE[HY000] [2002] No se puede establecer una conexión ya que el equipo de destino denegó expresamente dicha conexión.
' in C:\xampp\htdocs\topicos\framework\db\CDbConnection.php:399
Stack trace:
#0 C:\xampp\htdocs\topicos\framework\db\CDbConnection.php(347): CDbConnection->open()
#1 C:\xampp\htdocs\topicos\framework\db\CDbConnection.php(325): CDbConnection->setActive(true)
#2 C:\xampp\htdocs\topicos\framework\base\CModule.php(394): CDbConnection->init()
#3 C:\xampp\htdocs\topicos\framework\base\CApplication.php(458): CModule->getComponent('db')
#4 C:\xampp\htdocs\topicos\framework\db\ar\CActiveRecord.php(637): CApplication->getDb()
#5 C:\xampp\htdocs\topicos\framework\db\ar\CActiveRecord.php(670): CActiveRecord->getDbConnection()
#6 C:\xampp\htdocs\topicos\framework\db\ar\CActiveRecord.php(1601): CActiveRecord->getCommandBuilder()
#7 C:\xampp\htdocs\topicos\framework\web\CActiveDataProvider.php(228): CActiveRecord->count(Object(CDbCriteria))
#8 C:\xampp\htdocs\topicos\framework\web\CDataProvider.php(224): CActiveDataProvider->calculateTotalItemCount()
#9 C:\xampp\htdocs\topicos\framework\web\CActiveDataProvider.php(178): CDataProvider->getTotalItemCount()
#10 C:\xampp\htdocs\topicos\framework\web\CDataProvider.php(168): CActiveDataProvider->fetchData()
#11 C:\xampp\htdocs\topicos\framework\zii\widgets\CBaseListView.php(125): CDataProvider->getData()
#12 C:\xampp\htdocs\topicos\framework\zii\widgets\CListView.php(211): CBaseListView->init()
#13 C:\xampp\htdocs\topicos\framework\web\CBaseController.php(147): CListView->init()
#14 C:\xampp\htdocs\topicos\framework\web\CBaseController.php(180): CBaseController->createWidget('zii.widgets.CLi...', Array)
#15 C:\xampp\htdocs\topicos\06030450\revista\protected\views\articulo\index.php(20): CBaseController->widget('zii.widgets.CLi...', Array)
#16 C:\xampp\htdocs\topicos\framework\web\CBaseController.php(126): require('C:\\xampp\\htdocs...')
#17 C:\xampp\htdocs\topicos\framework\web\CBaseController.php(95): CBaseController->renderInternal('C:\\xampp\\htdocs...', Array, true)
#18 C:\xampp\htdocs\topicos\framework\web\CController.php(869): CBaseController->renderFile('C:\\xampp\\htdocs...', Array, true)
#19 C:\xampp\htdocs\topicos\framework\web\CController.php(782): CController->renderPartial('index', Array, true)
#20 C:\xampp\htdocs\topicos\06030450\revista\protected\controllers\ArticuloController.php(130): CController->render('index', Array)
#21 C:\xampp\htdocs\topicos\framework\web\actions\CInlineAction.php(49): ArticuloController->actionIndex()
#22 C:\xampp\htdocs\topicos\framework\web\CController.php(308): CInlineAction->runWithParams(Array)
#23 C:\xampp\htdocs\topicos\framework\web\filters\CFilterChain.php(133): CController->runAction(Object(CInlineAction))
#24 C:\xampp\htdocs\topicos\framework\web\filters\CFilter.php(40): CFilterChain->run()
#25 C:\xampp\htdocs\topicos\framework\web\CController.php(1145): CFilter->filter(Object(CFilterChain))
#26 C:\xampp\htdocs\topicos\framework\web\filters\CInlineFilter.php(58): CController->filterAccessControl(Object(CFilterChain))
#27 C:\xampp\htdocs\topicos\framework\web\filters\CFilterChain.php(130): CInlineFilter->filter(Object(CFilterChain))
#28 C:\xampp\htdocs\topicos\framework\web\CController.php(291): CFilterChain->run()
#29 C:\xampp\htdocs\topicos\framework\web\CController.php(265): CController->runActionWithFilters(Object(CInlineAction), Array)
#30 C:\xampp\htdocs\topicos\framework\web\CWebApplication.php(282): CController->run('')
#31 C:\xampp\htdocs\topicos\framework\web\CWebApplication.php(141): CWebApplication->runController('articulo')
#32 C:\xampp\htdocs\topicos\framework\base\CApplication.php(184): CWebApplication->processRequest()
#33 C:\xampp\htdocs\topicos\06030450\revista\index.php(13): CApplication->run()
#34 {main}
REQUEST_URI=/topicos/06030450/revista/index.php?r=articulo
---
2015/02/19 00:18:43 [error] [exception.CHttpException.404] exception 'CHttpException' with message 'The system is unable to find the requested action "create".' in C:\xampp\htdocs\topicosweb\framework\web\CController.php:483
Stack trace:
#0 C:\xampp\htdocs\topicosweb\framework\web\CController.php(270): CController->missingAction('create')
#1 C:\xampp\htdocs\topicosweb\framework\web\CWebApplication.php(282): CController->run('create')
#2 C:\xampp\htdocs\topicosweb\framework\web\CWebApplication.php(141): CWebApplication->runController('articulo/create')
#3 C:\xampp\htdocs\topicosweb\framework\base\CApplication.php(184): CWebApplication->processRequest()
#4 C:\xampp\htdocs\topicosweb\12030055\revista\index.php(13): CApplication->run()
#5 {main}
REQUEST_URI=/topicosweb/12030055/revista/?r=articulo/create
HTTP_REFERER=http://localhost/topicosweb/12030055/revista/?=articulo/create
---
2015/02/19 00:19:14 [error] [exception.CHttpException.404] exception 'CHttpException' with message 'The system is unable to find the requested action "create".' in C:\xampp\htdocs\topicosweb\framework\web\CController.php:483
Stack trace:
#0 C:\xampp\htdocs\topicosweb\framework\web\CController.php(270): CController->missingAction('create')
#1 C:\xampp\htdocs\topicosweb\framework\web\CWebApplication.php(282): CController->run('create')
#2 C:\xampp\htdocs\topicosweb\framework\web\CWebApplication.php(141): CWebApplication->runController('articulo/create')
#3 C:\xampp\htdocs\topicosweb\framework\base\CApplication.php(184): CWebApplication->processRequest()
#4 C:\xampp\htdocs\topicosweb\12030055\revista\index.php(13): CApplication->run()
#5 {main}
REQUEST_URI=/topicosweb/12030055/revista/?r=articulo/create
HTTP_REFERER=http://localhost/topicosweb/12030055/revista/?=articulo/create
---
2015/02/19 01:20:21 [error] [php] Undefined variable: form (C:\xampp\htdocs\topicosweb\framework\gii\generators\crud\CrudCode.php:224)
Stack trace:
#0 C:\xampp\htdocs\topicosweb\framework\gii\generators\crud\CrudCode.php(97): CrudCode->render()
#1 C:\xampp\htdocs\topicosweb\framework\gii\CCodeGenerator.php(162): CrudCode->prepare()
#2 C:\xampp\htdocs\topicosweb\framework\gii\CCodeGenerator.php(63): CrudGenerator->prepare()
#3 C:\xampp\htdocs\topicosweb\framework\web\actions\CInlineAction.php(49): CrudGenerator->actionIndex()
#4 C:\xampp\htdocs\topicosweb\framework\web\CController.php(308): CInlineAction->runWithParams()
#5 C:\xampp\htdocs\topicosweb\framework\web\CController.php(286): CrudGenerator->runAction()
#6 C:\xampp\htdocs\topicosweb\framework\web\CController.php(265): CrudGenerator->runActionWithFilters()
#7 C:\xampp\htdocs\topicosweb\framework\web\CWebApplication.php(282): CrudGenerator->run()
#8 C:\xampp\htdocs\topicosweb\framework\web\CWebApplication.php(141): CWebApplication->runController()
#9 C:\xampp\htdocs\topicosweb\framework\base\CApplication.php(184): CWebApplication->processRequest()
#10 C:\xampp\htdocs\topicosweb\12030055\revista\index.php(13): CWebApplication->run()
REQUEST_URI=/topicosweb/12030055/revista/index.php?r=gii/crud/index
in C:\xampp\htdocs\topicosweb\12030055\revista\index.php (13)
2015/02/19 01:21:40 [error] [php] Undefined variable: form (C:\xampp\htdocs\topicosweb\framework\gii\generators\crud\CrudCode.php:224)
Stack trace:
#0 C:\xampp\htdocs\topicosweb\framework\gii\generators\crud\CrudCode.php(97): CrudCode->render()
#1 C:\xampp\htdocs\topicosweb\framework\gii\CCodeGenerator.php(162): CrudCode->prepare()
#2 C:\xampp\htdocs\topicosweb\framework\gii\CCodeGenerator.php(63): CrudGenerator->prepare()
#3 C:\xampp\htdocs\topicosweb\framework\web\actions\CInlineAction.php(49): CrudGenerator->actionIndex()
#4 C:\xampp\htdocs\topicosweb\framework\web\CController.php(308): CInlineAction->runWithParams()
#5 C:\xampp\htdocs\topicosweb\framework\web\CController.php(286): CrudGenerator->runAction()
#6 C:\xampp\htdocs\topicosweb\framework\web\CController.php(265): CrudGenerator->runActionWithFilters()
#7 C:\xampp\htdocs\topicosweb\framework\web\CWebApplication.php(282): CrudGenerator->run()
#8 C:\xampp\htdocs\topicosweb\framework\web\CWebApplication.php(141): CWebApplication->runController()
#9 C:\xampp\htdocs\topicosweb\framework\base\CApplication.php(184): CWebApplication->processRequest()
#10 C:\xampp\htdocs\topicosweb\12030055\revista\index.php(13): CWebApplication->run()
REQUEST_URI=/topicosweb/12030055/revista/index.php?r=gii/crud/index
in C:\xampp\htdocs\topicosweb\12030055\revista\index.php (13)
2015/02/19 01:23:36 [error] [exception.CHttpException.404] exception 'CHttpException' with message 'The system is unable to find the requested action "agregar".' in C:\xampp\htdocs\topicosweb\framework\web\CController.php:483
Stack trace:
#0 C:\xampp\htdocs\topicosweb\framework\web\CController.php(270): CController->missingAction('agregar')
#1 C:\xampp\htdocs\topicosweb\framework\web\CWebApplication.php(282): CController->run('agregar')
#2 C:\xampp\htdocs\topicosweb\framework\web\CWebApplication.php(141): CWebApplication->runController('articulo/agrega...')
#3 C:\xampp\htdocs\topicosweb\framework\base\CApplication.php(184): CWebApplication->processRequest()
#4 C:\xampp\htdocs\topicosweb\12030055\revista\index.php(13): CApplication->run()
#5 {main}
REQUEST_URI=/topicosweb/12030055/revista/index.php?r=articulo/agregar
HTTP_REFERER=http://localhost/topicosweb/12030055/revista/index.php?r=articulo/agregar
---
2015/02/19 01:25:39 [error] [exception.CHttpException.404] exception 'CHttpException' with message 'The system is unable to find the requested action "agregar".' in C:\xampp\htdocs\topicosweb\framework\web\CController.php:483
Stack trace:
#0 C:\xampp\htdocs\topicosweb\framework\web\CController.php(270): CController->missingAction('agregar')
#1 C:\xampp\htdocs\topicosweb\framework\web\CWebApplication.php(282): CController->run('agregar')
#2 C:\xampp\htdocs\topicosweb\framework\web\CWebApplication.php(141): CWebApplication->runController('articulo/agrega...')
#3 C:\xampp\htdocs\topicosweb\framework\base\CApplication.php(184): CWebApplication->processRequest()
#4 C:\xampp\htdocs\topicosweb\12030055\revista\index.php(13): CApplication->run()
#5 {main}
REQUEST_URI=/topicosweb/12030055/revista/index.php?r=articulo/agregar
HTTP_REFERER=http://localhost/topicosweb/12030055/revista/index.php?r=articulo/agregar
---
2015/02/20 17:58:37 [error] [exception.CHttpException.404] exception 'CHttpException' with message 'Unable to resolve the request "articulos".' in C:\xampp\htdocs\topicosweb\framework\web\CWebApplication.php:286
Stack trace:
#0 C:\xampp\htdocs\topicosweb\framework\web\CWebApplication.php(141): CWebApplication->runController('articulos')
#1 C:\xampp\htdocs\topicosweb\framework\base\CApplication.php(184): CWebApplication->processRequest()
#2 C:\xampp\htdocs\topicosweb\12030055\revista\index.php(13): CApplication->run()
#3 {main}
REQUEST_URI=/topicosweb/12030055/revista/index.php?r=articulos
---
2015/02/21 00:44:21 [error] [php] Undefined variable: modelStatus (C:\xampp\htdocs\topicosweb\12030055\revista\protected\views\articulo\_form.php:69)
Stack trace:
#0 C:\xampp\htdocs\topicosweb\framework\web\CController.php(869): ArticuloController->renderFile()
#1 C:\xampp\htdocs\topicosweb\12030055\revista\protected\views\articulo\create.php(18): ArticuloController->renderPartial()
#2 C:\xampp\htdocs\topicosweb\framework\web\CBaseController.php(126): require()
#3 C:\xampp\htdocs\topicosweb\framework\web\CBaseController.php(95): ArticuloController->renderInternal()
#4 C:\xampp\htdocs\topicosweb\framework\web\CController.php(869): ArticuloController->renderFile()
#5 C:\xampp\htdocs\topicosweb\framework\web\CController.php(782): ArticuloController->renderPartial()
#6 C:\xampp\htdocs\topicosweb\12030055\revista\protected\controllers\ArticuloController.php(79): ArticuloController->render()
#7 C:\xampp\htdocs\topicosweb\framework\web\actions\CInlineAction.php(49): ArticuloController->actionCreate()
#8 C:\xampp\htdocs\topicosweb\framework\web\CController.php(308): CInlineAction->runWithParams()
#9 C:\xampp\htdocs\topicosweb\framework\web\filters\CFilterChain.php(133): ArticuloController->runAction()
#10 C:\xampp\htdocs\topicosweb\framework\web\filters\CFilter.php(40): CFilterChain->run()
#11 C:\xampp\htdocs\topicosweb\framework\web\CController.php(1145): CAccessControlFilter->filter()
#12 C:\xampp\htdocs\topicosweb\framework\web\filters\CInlineFilter.php(58): ArticuloController->filterAccessControl()
#13 C:\xampp\htdocs\topicosweb\framework\web\filters\CFilterChain.php(130): CInlineFilter->filter()
#14 C:\xampp\htdocs\topicosweb\framework\web\CController.php(291): CFilterChain->run()
#15 C:\xampp\htdocs\topicosweb\framework\web\CController.php(265): ArticuloController->runActionWithFilters()
#16 C:\xampp\htdocs\topicosweb\framework\web\CWebApplication.php(282): ArticuloController->run()
#17 C:\xampp\htdocs\topicosweb\framework\web\CWebApplication.php(141): CWebApplication->runController()
#18 C:\xampp\htdocs\topicosweb\framework\base\CApplication.php(184): CWebApplication->processRequest()
#19 C:\xampp\htdocs\topicosweb\12030055\revista\index.php(13): CWebApplication->run()
REQUEST_URI=/topicosweb/12030055/revista/index.php?r=articulo/create
in C:\xampp\htdocs\topicosweb\12030055\revista\protected\views\articulo\_form.php (69)
in C:\xampp\htdocs\topicosweb\12030055\revista\protected\views\articulo\create.php (18)
in C:\xampp\htdocs\topicosweb\12030055\revista\protected\controllers\ArticuloController.php (79)
2015/02/21 00:44:26 [error] [php] Undefined variable: modelStatus (C:\xampp\htdocs\topicosweb\12030055\revista\protected\views\articulo\_form.php:69)
Stack trace:
#0 C:\xampp\htdocs\topicosweb\framework\web\CController.php(869): ArticuloController->renderFile()
#1 C:\xampp\htdocs\topicosweb\12030055\revista\protected\views\articulo\create.php(18): ArticuloController->renderPartial()
#2 C:\xampp\htdocs\topicosweb\framework\web\CBaseController.php(126): require()
#3 C:\xampp\htdocs\topicosweb\framework\web\CBaseController.php(95): ArticuloController->renderInternal()
#4 C:\xampp\htdocs\topicosweb\framework\web\CController.php(869): ArticuloController->renderFile()
#5 C:\xampp\htdocs\topicosweb\framework\web\CController.php(782): ArticuloController->renderPartial()
#6 C:\xampp\htdocs\topicosweb\12030055\revista\protected\controllers\ArticuloController.php(79): ArticuloController->render()
#7 C:\xampp\htdocs\topicosweb\framework\web\actions\CInlineAction.php(49): ArticuloController->actionCreate()
#8 C:\xampp\htdocs\topicosweb\framework\web\CController.php(308): CInlineAction->runWithParams()
#9 C:\xampp\htdocs\topicosweb\framework\web\filters\CFilterChain.php(133): ArticuloController->runAction()
#10 C:\xampp\htdocs\topicosweb\framework\web\filters\CFilter.php(40): CFilterChain->run()
#11 C:\xampp\htdocs\topicosweb\framework\web\CController.php(1145): CAccessControlFilter->filter()
#12 C:\xampp\htdocs\topicosweb\framework\web\filters\CInlineFilter.php(58): ArticuloController->filterAccessControl()
#13 C:\xampp\htdocs\topicosweb\framework\web\filters\CFilterChain.php(130): CInlineFilter->filter()
#14 C:\xampp\htdocs\topicosweb\framework\web\CController.php(291): CFilterChain->run()
#15 C:\xampp\htdocs\topicosweb\framework\web\CController.php(265): ArticuloController->runActionWithFilters()
#16 C:\xampp\htdocs\topicosweb\framework\web\CWebApplication.php(282): ArticuloController->run()
#17 C:\xampp\htdocs\topicosweb\framework\web\CWebApplication.php(141): CWebApplication->runController()
#18 C:\xampp\htdocs\topicosweb\framework\base\CApplication.php(184): CWebApplication->processRequest()
#19 C:\xampp\htdocs\topicosweb\12030055\revista\index.php(13): CWebApplication->run()
REQUEST_URI=/topicosweb/12030055/revista/index.php?r=articulo/create
in C:\xampp\htdocs\topicosweb\12030055\revista\protected\views\articulo\_form.php (69)
in C:\xampp\htdocs\topicosweb\12030055\revista\protected\views\articulo\create.php (18)
in C:\xampp\htdocs\topicosweb\12030055\revista\protected\controllers\ArticuloController.php (79)
2015/02/21 00:45:22 [error] [php] Undefined variable: modelStatus (C:\xampp\htdocs\topicosweb\12030055\revista\protected\views\articulo\_form.php:69)
Stack trace:
#0 C:\xampp\htdocs\topicosweb\framework\web\CController.php(869): ArticuloController->renderFile()
#1 C:\xampp\htdocs\topicosweb\12030055\revista\protected\views\articulo\create.php(18): ArticuloController->renderPartial()
#2 C:\xampp\htdocs\topicosweb\framework\web\CBaseController.php(126): require()
#3 C:\xampp\htdocs\topicosweb\framework\web\CBaseController.php(95): ArticuloController->renderInternal()
#4 C:\xampp\htdocs\topicosweb\framework\web\CController.php(869): ArticuloController->renderFile()
#5 C:\xampp\htdocs\topicosweb\framework\web\CController.php(782): ArticuloController->renderPartial()
#6 C:\xampp\htdocs\topicosweb\12030055\revista\protected\controllers\ArticuloController.php(79): ArticuloController->render()
#7 C:\xampp\htdocs\topicosweb\framework\web\actions\CInlineAction.php(49): ArticuloController->actionCreate()
#8 C:\xampp\htdocs\topicosweb\framework\web\CController.php(308): CInlineAction->runWithParams()
#9 C:\xampp\htdocs\topicosweb\framework\web\filters\CFilterChain.php(133): ArticuloController->runAction()
#10 C:\xampp\htdocs\topicosweb\framework\web\filters\CFilter.php(40): CFilterChain->run()
#11 C:\xampp\htdocs\topicosweb\framework\web\CController.php(1145): CAccessControlFilter->filter()
#12 C:\xampp\htdocs\topicosweb\framework\web\filters\CInlineFilter.php(58): ArticuloController->filterAccessControl()
#13 C:\xampp\htdocs\topicosweb\framework\web\filters\CFilterChain.php(130): CInlineFilter->filter()
#14 C:\xampp\htdocs\topicosweb\framework\web\CController.php(291): CFilterChain->run()
#15 C:\xampp\htdocs\topicosweb\framework\web\CController.php(265): ArticuloController->runActionWithFilters()
#16 C:\xampp\htdocs\topicosweb\framework\web\CWebApplication.php(282): ArticuloController->run()
#17 C:\xampp\htdocs\topicosweb\framework\web\CWebApplication.php(141): CWebApplication->runController()
#18 C:\xampp\htdocs\topicosweb\framework\base\CApplication.php(184): CWebApplication->processRequest()
#19 C:\xampp\htdocs\topicosweb\12030055\revista\index.php(13): CWebApplication->run()
REQUEST_URI=/topicosweb/12030055/revista/index.php?r=articulo/create
in C:\xampp\htdocs\topicosweb\12030055\revista\protected\views\articulo\_form.php (69)
in C:\xampp\htdocs\topicosweb\12030055\revista\protected\views\articulo\create.php (18)
in C:\xampp\htdocs\topicosweb\12030055\revista\protected\controllers\ArticuloController.php (79)
2015/02/21 00:45:25 [error] [php] Undefined variable: modelStatus (C:\xampp\htdocs\topicosweb\12030055\revista\protected\views\articulo\_form.php:69)
Stack trace:
#0 C:\xampp\htdocs\topicosweb\framework\web\CController.php(869): ArticuloController->renderFile()
#1 C:\xampp\htdocs\topicosweb\12030055\revista\protected\views\articulo\create.php(18): ArticuloController->renderPartial()
#2 C:\xampp\htdocs\topicosweb\framework\web\CBaseController.php(126): require()
#3 C:\xampp\htdocs\topicosweb\framework\web\CBaseController.php(95): ArticuloController->renderInternal()
#4 C:\xampp\htdocs\topicosweb\framework\web\CController.php(869): ArticuloController->renderFile()
#5 C:\xampp\htdocs\topicosweb\framework\web\CController.php(782): ArticuloController->renderPartial()
#6 C:\xampp\htdocs\topicosweb\12030055\revista\protected\controllers\ArticuloController.php(79): ArticuloController->render()
#7 C:\xampp\htdocs\topicosweb\framework\web\actions\CInlineAction.php(49): ArticuloController->actionCreate()
#8 C:\xampp\htdocs\topicosweb\framework\web\CController.php(308): CInlineAction->runWithParams()
#9 C:\xampp\htdocs\topicosweb\framework\web\filters\CFilterChain.php(133): ArticuloController->runAction()
#10 C:\xampp\htdocs\topicosweb\framework\web\filters\CFilter.php(40): CFilterChain->run()
#11 C:\xampp\htdocs\topicosweb\framework\web\CController.php(1145): CAccessControlFilter->filter()
#12 C:\xampp\htdocs\topicosweb\framework\web\filters\CInlineFilter.php(58): ArticuloController->filterAccessControl()
#13 C:\xampp\htdocs\topicosweb\framework\web\filters\CFilterChain.php(130): CInlineFilter->filter()
#14 C:\xampp\htdocs\topicosweb\framework\web\CController.php(291): CFilterChain->run()
#15 C:\xampp\htdocs\topicosweb\framework\web\CController.php(265): ArticuloController->runActionWithFilters()
#16 C:\xampp\htdocs\topicosweb\framework\web\CWebApplication.php(282): ArticuloController->run()
#17 C:\xampp\htdocs\topicosweb\framework\web\CWebApplication.php(141): CWebApplication->runController()
#18 C:\xampp\htdocs\topicosweb\framework\base\CApplication.php(184): CWebApplication->processRequest()
#19 C:\xampp\htdocs\topicosweb\12030055\revista\index.php(13): CWebApplication->run()
REQUEST_URI=/topicosweb/12030055/revista/index.php?r=articulo/create
in C:\xampp\htdocs\topicosweb\12030055\revista\protected\views\articulo\_form.php (69)
in C:\xampp\htdocs\topicosweb\12030055\revista\protected\views\articulo\create.php (18)
in C:\xampp\htdocs\topicosweb\12030055\revista\protected\controllers\ArticuloController.php (79)
2015/02/21 00:53:46 [error] [php] Undefined variable: modelStatus (C:\xampp\htdocs\topicosweb\12030055\revista\protected\views\articulo\_form.php:69)
Stack trace:
#0 C:\xampp\htdocs\topicosweb\framework\web\CController.php(869): ArticuloController->renderFile()
#1 C:\xampp\htdocs\topicosweb\12030055\revista\protected\views\articulo\create.php(18): ArticuloController->renderPartial()
#2 C:\xampp\htdocs\topicosweb\framework\web\CBaseController.php(126): require()
#3 C:\xampp\htdocs\topicosweb\framework\web\CBaseController.php(95): ArticuloController->renderInternal()
#4 C:\xampp\htdocs\topicosweb\framework\web\CController.php(869): ArticuloController->renderFile()
#5 C:\xampp\htdocs\topicosweb\framework\web\CController.php(782): ArticuloController->renderPartial()
#6 C:\xampp\htdocs\topicosweb\12030055\revista\protected\controllers\ArticuloController.php(79): ArticuloController->render()
#7 C:\xampp\htdocs\topicosweb\framework\web\actions\CInlineAction.php(49): ArticuloController->actionCreate()
#8 C:\xampp\htdocs\topicosweb\framework\web\CController.php(308): CInlineAction->runWithParams()
#9 C:\xampp\htdocs\topicosweb\framework\web\filters\CFilterChain.php(133): ArticuloController->runAction()
#10 C:\xampp\htdocs\topicosweb\framework\web\filters\CFilter.php(40): CFilterChain->run()
#11 C:\xampp\htdocs\topicosweb\framework\web\CController.php(1145): CAccessControlFilter->filter()
#12 C:\xampp\htdocs\topicosweb\framework\web\filters\CInlineFilter.php(58): ArticuloController->filterAccessControl()
#13 C:\xampp\htdocs\topicosweb\framework\web\filters\CFilterChain.php(130): CInlineFilter->filter()
#14 C:\xampp\htdocs\topicosweb\framework\web\CController.php(291): CFilterChain->run()
#15 C:\xampp\htdocs\topicosweb\framework\web\CController.php(265): ArticuloController->runActionWithFilters()
#16 C:\xampp\htdocs\topicosweb\framework\web\CWebApplication.php(282): ArticuloController->run()
#17 C:\xampp\htdocs\topicosweb\framework\web\CWebApplication.php(141): CWebApplication->runController()
#18 C:\xampp\htdocs\topicosweb\framework\base\CApplication.php(184): CWebApplication->processRequest()
#19 C:\xampp\htdocs\topicosweb\12030055\revista\index.php(13): CWebApplication->run()
REQUEST_URI=/topicosweb/12030055/revista/index.php?r=articulo/create
in C:\xampp\htdocs\topicosweb\12030055\revista\protected\views\articulo\_form.php (69)
in C:\xampp\htdocs\topicosweb\12030055\revista\protected\views\articulo\create.php (18)
in C:\xampp\htdocs\topicosweb\12030055\revista\protected\controllers\ArticuloController.php (79)
2015/02/21 00:53:47 [error] [php] Undefined variable: modelStatus (C:\xampp\htdocs\topicosweb\12030055\revista\protected\views\articulo\_form.php:69)
Stack trace:
#0 C:\xampp\htdocs\topicosweb\framework\web\CController.php(869): ArticuloController->renderFile()
#1 C:\xampp\htdocs\topicosweb\12030055\revista\protected\views\articulo\create.php(18): ArticuloController->renderPartial()
#2 C:\xampp\htdocs\topicosweb\framework\web\CBaseController.php(126): require()
#3 C:\xampp\htdocs\topicosweb\framework\web\CBaseController.php(95): ArticuloController->renderInternal()
#4 C:\xampp\htdocs\topicosweb\framework\web\CController.php(869): ArticuloController->renderFile()
#5 C:\xampp\htdocs\topicosweb\framework\web\CController.php(782): ArticuloController->renderPartial()
#6 C:\xampp\htdocs\topicosweb\12030055\revista\protected\controllers\ArticuloController.php(79): ArticuloController->render()
#7 C:\xampp\htdocs\topicosweb\framework\web\actions\CInlineAction.php(49): ArticuloController->actionCreate()
#8 C:\xampp\htdocs\topicosweb\framework\web\CController.php(308): CInlineAction->runWithParams()
#9 C:\xampp\htdocs\topicosweb\framework\web\filters\CFilterChain.php(133): ArticuloController->runAction()
#10 C:\xampp\htdocs\topicosweb\framework\web\filters\CFilter.php(40): CFilterChain->run()
#11 C:\xampp\htdocs\topicosweb\framework\web\CController.php(1145): CAccessControlFilter->filter()
#12 C:\xampp\htdocs\topicosweb\framework\web\filters\CInlineFilter.php(58): ArticuloController->filterAccessControl()
#13 C:\xampp\htdocs\topicosweb\framework\web\filters\CFilterChain.php(130): CInlineFilter->filter()
#14 C:\xampp\htdocs\topicosweb\framework\web\CController.php(291): CFilterChain->run()
#15 C:\xampp\htdocs\topicosweb\framework\web\CController.php(265): ArticuloController->runActionWithFilters()
#16 C:\xampp\htdocs\topicosweb\framework\web\CWebApplication.php(282): ArticuloController->run()
#17 C:\xampp\htdocs\topicosweb\framework\web\CWebApplication.php(141): CWebApplication->runController()
#18 C:\xampp\htdocs\topicosweb\framework\base\CApplication.php(184): CWebApplication->processRequest()
#19 C:\xampp\htdocs\topicosweb\12030055\revista\index.php(13): CWebApplication->run()
REQUEST_URI=/topicosweb/12030055/revista/index.php?r=articulo/create
in C:\xampp\htdocs\topicosweb\12030055\revista\protected\views\articulo\_form.php (69)
in C:\xampp\htdocs\topicosweb\12030055\revista\protected\views\articulo\create.php (18)
in C:\xampp\htdocs\topicosweb\12030055\revista\protected\controllers\ArticuloController.php (79)
2015/02/21 00:58:32 [error] [php] Undefined variable: modelStatus (C:\xampp\htdocs\topicosweb\12030055\revista\protected\views\articulo\_form.php:69)
Stack trace:
#0 C:\xampp\htdocs\topicosweb\framework\web\CController.php(869): ArticuloController->renderFile()
#1 C:\xampp\htdocs\topicosweb\12030055\revista\protected\views\articulo\create.php(18): ArticuloController->renderPartial()
#2 C:\xampp\htdocs\topicosweb\framework\web\CBaseController.php(126): require()
#3 C:\xampp\htdocs\topicosweb\framework\web\CBaseController.php(95): ArticuloController->renderInternal()
#4 C:\xampp\htdocs\topicosweb\framework\web\CController.php(869): ArticuloController->renderFile()
#5 C:\xampp\htdocs\topicosweb\framework\web\CController.php(782): ArticuloController->renderPartial()
#6 C:\xampp\htdocs\topicosweb\12030055\revista\protected\controllers\ArticuloController.php(79): ArticuloController->render()
#7 C:\xampp\htdocs\topicosweb\framework\web\actions\CInlineAction.php(49): ArticuloController->actionCreate()
#8 C:\xampp\htdocs\topicosweb\framework\web\CController.php(308): CInlineAction->runWithParams()
#9 C:\xampp\htdocs\topicosweb\framework\web\filters\CFilterChain.php(133): ArticuloController->runAction()
#10 C:\xampp\htdocs\topicosweb\framework\web\filters\CFilter.php(40): CFilterChain->run()
#11 C:\xampp\htdocs\topicosweb\framework\web\CController.php(1145): CAccessControlFilter->filter()
#12 C:\xampp\htdocs\topicosweb\framework\web\filters\CInlineFilter.php(58): ArticuloController->filterAccessControl()
#13 C:\xampp\htdocs\topicosweb\framework\web\filters\CFilterChain.php(130): CInlineFilter->filter()
#14 C:\xampp\htdocs\topicosweb\framework\web\CController.php(291): CFilterChain->run()
#15 C:\xampp\htdocs\topicosweb\framework\web\CController.php(265): ArticuloController->runActionWithFilters()
#16 C:\xampp\htdocs\topicosweb\framework\web\CWebApplication.php(282): ArticuloController->run()
#17 C:\xampp\htdocs\topicosweb\framework\web\CWebApplication.php(141): CWebApplication->runController()
#18 C:\xampp\htdocs\topicosweb\framework\base\CApplication.php(184): CWebApplication->processRequest()
#19 C:\xampp\htdocs\topicosweb\12030055\revista\index.php(13): CWebApplication->run()
REQUEST_URI=/topicosweb/12030055/revista/index.php?r=articulo/create
in C:\xampp\htdocs\topicosweb\12030055\revista\protected\views\articulo\_form.php (69)
in C:\xampp\htdocs\topicosweb\12030055\revista\protected\views\articulo\create.php (18)
in C:\xampp\htdocs\topicosweb\12030055\revista\protected\controllers\ArticuloController.php (79)
2015/02/21 00:58:34 [error] [php] Undefined variable: modelStatus (C:\xampp\htdocs\topicosweb\12030055\revista\protected\views\articulo\_form.php:69)
Stack trace:
#0 C:\xampp\htdocs\topicosweb\framework\web\CController.php(869): ArticuloController->renderFile()
#1 C:\xampp\htdocs\topicosweb\12030055\revista\protected\views\articulo\create.php(18): ArticuloController->renderPartial()
#2 C:\xampp\htdocs\topicosweb\framework\web\CBaseController.php(126): require()
#3 C:\xampp\htdocs\topicosweb\framework\web\CBaseController.php(95): ArticuloController->renderInternal()
#4 C:\xampp\htdocs\topicosweb\framework\web\CController.php(869): ArticuloController->renderFile()
#5 C:\xampp\htdocs\topicosweb\framework\web\CController.php(782): ArticuloController->renderPartial()
#6 C:\xampp\htdocs\topicosweb\12030055\revista\protected\controllers\ArticuloController.php(79): ArticuloController->render()
#7 C:\xampp\htdocs\topicosweb\framework\web\actions\CInlineAction.php(49): ArticuloController->actionCreate()
#8 C:\xampp\htdocs\topicosweb\framework\web\CController.php(308): CInlineAction->runWithParams()
#9 C:\xampp\htdocs\topicosweb\framework\web\filters\CFilterChain.php(133): ArticuloController->runAction()
#10 C:\xampp\htdocs\topicosweb\framework\web\filters\CFilter.php(40): CFilterChain->run()
#11 C:\xampp\htdocs\topicosweb\framework\web\CController.php(1145): CAccessControlFilter->filter()
#12 C:\xampp\htdocs\topicosweb\framework\web\filters\CInlineFilter.php(58): ArticuloController->filterAccessControl()
#13 C:\xampp\htdocs\topicosweb\framework\web\filters\CFilterChain.php(130): CInlineFilter->filter()
#14 C:\xampp\htdocs\topicosweb\framework\web\CController.php(291): CFilterChain->run()
#15 C:\xampp\htdocs\topicosweb\framework\web\CController.php(265): ArticuloController->runActionWithFilters()
#16 C:\xampp\htdocs\topicosweb\framework\web\CWebApplication.php(282): ArticuloController->run()
#17 C:\xampp\htdocs\topicosweb\framework\web\CWebApplication.php(141): CWebApplication->runController()
#18 C:\xampp\htdocs\topicosweb\framework\base\CApplication.php(184): CWebApplication->processRequest()
#19 C:\xampp\htdocs\topicosweb\12030055\revista\index.php(13): CWebApplication->run()
REQUEST_URI=/topicosweb/12030055/revista/index.php?r=articulo/create
in C:\xampp\htdocs\topicosweb\12030055\revista\protected\views\articulo\_form.php (69)
in C:\xampp\htdocs\topicosweb\12030055\revista\protected\views\articulo\create.php (18)
in C:\xampp\htdocs\topicosweb\12030055\revista\protected\controllers\ArticuloController.php (79)
2015/02/22 08:41:06 [error] [exception.CHttpException.404] exception 'CHttpException' with message 'Unable to resolve the request "tipo_contenido/admin".' in C:\xampp\htdocs\topicosweb\framework\web\CWebApplication.php:286
Stack trace:
#0 C:\xampp\htdocs\topicosweb\framework\web\CWebApplication.php(141): CWebApplication->runController('tipo_contenido/...')
#1 C:\xampp\htdocs\topicosweb\framework\base\CApplication.php(184): CWebApplication->processRequest()
#2 C:\xampp\htdocs\topicosweb\12030055\revista\index.php(13): CApplication->run()
#3 {main}
REQUEST_URI=/topicosweb/12030055/revista/?r=tipo_contenido/admin
HTTP_REFERER=http://localhost/topicosweb/12030055/revista/?r=articulo/create
---
2015/02/22 08:41:12 [error] [exception.CHttpException.404] exception 'CHttpException' with message 'Unable to resolve the request "indice_articulo/admin".' in C:\xampp\htdocs\topicosweb\framework\web\CWebApplication.php:286
Stack trace:
#0 C:\xampp\htdocs\topicosweb\framework\web\CWebApplication.php(141): CWebApplication->runController('indice_articulo...')
#1 C:\xampp\htdocs\topicosweb\framework\base\CApplication.php(184): CWebApplication->processRequest()
#2 C:\xampp\htdocs\topicosweb\12030055\revista\index.php(13): CApplication->run()
#3 {main}
REQUEST_URI=/topicosweb/12030055/revista/?r=indice_articulo/admin
HTTP_REFERER=http://localhost/topicosweb/12030055/revista/?r=recursos/admin
---
2015/02/22 08:41:15 [error] [exception.CHttpException.404] exception 'CHttpException' with message 'Unable to resolve the request "contenido_extra/admin".' in C:\xampp\htdocs\topicosweb\framework\web\CWebApplication.php:286
Stack trace:
#0 C:\xampp\htdocs\topicosweb\framework\web\CWebApplication.php(141): CWebApplication->runController('contenido_extra...')
#1 C:\xampp\htdocs\topicosweb\framework\base\CApplication.php(184): CWebApplication->processRequest()
#2 C:\xampp\htdocs\topicosweb\12030055\revista\index.php(13): CApplication->run()
#3 {main}
REQUEST_URI=/topicosweb/12030055/revista/?r=contenido_extra/admin
HTTP_REFERER=http://localhost/topicosweb/12030055/revista/?r=indice/admin
---
2015/02/22 08:41:18 [error] [exception.CHttpException.404] exception 'CHttpException' with message 'Unable to resolve the request "articulo_autor/admin".' in C:\xampp\htdocs\topicosweb\framework\web\CWebApplication.php:286
Stack trace:
#0 C:\xampp\htdocs\topicosweb\framework\web\CWebApplication.php(141): CWebApplication->runController('articulo_autor/...')
#1 C:\xampp\htdocs\topicosweb\framework\base\CApplication.php(184): CWebApplication->processRequest()
#2 C:\xampp\htdocs\topicosweb\12030055\revista\index.php(13): CApplication->run()
#3 {main}
REQUEST_URI=/topicosweb/12030055/revista/?r=articulo_autor/admin
HTTP_REFERER=http://localhost/topicosweb/12030055/revista/?r=autor/admin
---
2015/02/22 09:23:35 [error] [php] Undefined variable: modelStatus (C:\xampp\htdocs\topicosweb\12030055\revista\protected\views\articulo\_form.php:69)
Stack trace:
#0 C:\xampp\htdocs\topicosweb\framework\web\CController.php(869): ArticuloController->renderFile()
#1 C:\xampp\htdocs\topicosweb\12030055\revista\protected\views\articulo\update.php(21): ArticuloController->renderPartial()
#2 C:\xampp\htdocs\topicosweb\framework\web\CBaseController.php(126): require()
#3 C:\xampp\htdocs\topicosweb\framework\web\CBaseController.php(95): ArticuloController->renderInternal()
#4 C:\xampp\htdocs\topicosweb\framework\web\CController.php(869): ArticuloController->renderFile()
#5 C:\xampp\htdocs\topicosweb\framework\web\CController.php(782): ArticuloController->renderPartial()
#6 C:\xampp\htdocs\topicosweb\12030055\revista\protected\controllers\ArticuloController.php(105): ArticuloController->render()
#7 unknown(0): ArticuloController->actionUpdate()
#8 C:\xampp\htdocs\topicosweb\framework\web\actions\CAction.php(109): ReflectionMethod->invokeArgs()
#9 C:\xampp\htdocs\topicosweb\framework\web\actions\CInlineAction.php(47): CInlineAction->runWithParamsInternal()
#10 C:\xampp\htdocs\topicosweb\framework\web\CController.php(308): CInlineAction->runWithParams()
#11 C:\xampp\htdocs\topicosweb\framework\web\filters\CFilterChain.php(133): ArticuloController->runAction()
#12 C:\xampp\htdocs\topicosweb\framework\web\filters\CFilter.php(40): CFilterChain->run()
#13 C:\xampp\htdocs\topicosweb\framework\web\CController.php(1145): CAccessControlFilter->filter()
#14 C:\xampp\htdocs\topicosweb\framework\web\filters\CInlineFilter.php(58): ArticuloController->filterAccessControl()
#15 C:\xampp\htdocs\topicosweb\framework\web\filters\CFilterChain.php(130): CInlineFilter->filter()
#16 C:\xampp\htdocs\topicosweb\framework\web\CController.php(291): CFilterChain->run()
#17 C:\xampp\htdocs\topicosweb\framework\web\CController.php(265): ArticuloController->runActionWithFilters()
#18 C:\xampp\htdocs\topicosweb\framework\web\CWebApplication.php(282): ArticuloController->run()
#19 C:\xampp\htdocs\topicosweb\framework\web\CWebApplication.php(141): CWebApplication->runController()
#20 C:\xampp\htdocs\topicosweb\framework\base\CApplication.php(184): CWebApplication->processRequest()
#21 C:\xampp\htdocs\topicosweb\12030055\revista\index.php(13): CWebApplication->run()
REQUEST_URI=/topicosweb/12030055/revista/index.php?r=articulo/update&id=2
in C:\xampp\htdocs\topicosweb\12030055\revista\protected\views\articulo\_form.php (69)
in C:\xampp\htdocs\topicosweb\12030055\revista\protected\views\articulo\update.php (21)
in C:\xampp\htdocs\topicosweb\12030055\revista\protected\controllers\ArticuloController.php (105)
2015/02/22 09:23:47 [error] [php] Undefined variable: modelStatus (C:\xampp\htdocs\topicosweb\12030055\revista\protected\views\articulo\_form.php:69)
Stack trace:
#0 C:\xampp\htdocs\topicosweb\framework\web\CController.php(869): ArticuloController->renderFile()
#1 C:\xampp\htdocs\topicosweb\12030055\revista\protected\views\articulo\update.php(21): ArticuloController->renderPartial()
#2 C:\xampp\htdocs\topicosweb\framework\web\CBaseController.php(126): require()
#3 C:\xampp\htdocs\topicosweb\framework\web\CBaseController.php(95): ArticuloController->renderInternal()
#4 C:\xampp\htdocs\topicosweb\framework\web\CController.php(869): ArticuloController->renderFile()
#5 C:\xampp\htdocs\topicosweb\framework\web\CController.php(782): ArticuloController->renderPartial()
#6 C:\xampp\htdocs\topicosweb\12030055\revista\protected\controllers\ArticuloController.php(105): ArticuloController->render()
#7 unknown(0): ArticuloController->actionUpdate()
#8 C:\xampp\htdocs\topicosweb\framework\web\actions\CAction.php(109): ReflectionMethod->invokeArgs()
#9 C:\xampp\htdocs\topicosweb\framework\web\actions\CInlineAction.php(47): CInlineAction->runWithParamsInternal()
#10 C:\xampp\htdocs\topicosweb\framework\web\CController.php(308): CInlineAction->runWithParams()
#11 C:\xampp\htdocs\topicosweb\framework\web\filters\CFilterChain.php(133): ArticuloController->runAction()
#12 C:\xampp\htdocs\topicosweb\framework\web\filters\CFilter.php(40): CFilterChain->run()
#13 C:\xampp\htdocs\topicosweb\framework\web\CController.php(1145): CAccessControlFilter->filter()
#14 C:\xampp\htdocs\topicosweb\framework\web\filters\CInlineFilter.php(58): ArticuloController->filterAccessControl()
#15 C:\xampp\htdocs\topicosweb\framework\web\filters\CFilterChain.php(130): CInlineFilter->filter()
#16 C:\xampp\htdocs\topicosweb\framework\web\CController.php(291): CFilterChain->run()
#17 C:\xampp\htdocs\topicosweb\framework\web\CController.php(265): ArticuloController->runActionWithFilters()
#18 C:\xampp\htdocs\topicosweb\framework\web\CWebApplication.php(282): ArticuloController->run()
#19 C:\xampp\htdocs\topicosweb\framework\web\CWebApplication.php(141): CWebApplication->runController()
#20 C:\xampp\htdocs\topicosweb\framework\base\CApplication.php(184): CWebApplication->processRequest()
#21 C:\xampp\htdocs\topicosweb\12030055\revista\index.php(13): CWebApplication->run()
REQUEST_URI=/topicosweb/12030055/revista/index.php?r=articulo/update&id=2
in C:\xampp\htdocs\topicosweb\12030055\revista\protected\views\articulo\_form.php (69)
in C:\xampp\htdocs\topicosweb\12030055\revista\protected\views\articulo\update.php (21)
in C:\xampp\htdocs\topicosweb\12030055\revista\protected\controllers\ArticuloController.php (105)
2015/02/22 09:40:55 [error] [php] Undefined variable: modelStatus (C:\xampp\htdocs\topicosweb\12030055\revista\protected\controllers\ArticuloController.php:106)
Stack trace:
#0 C:\xampp\htdocs\topicosweb\framework\web\actions\CInlineAction.php(47): CInlineAction->runWithParamsInternal()
#1 C:\xampp\htdocs\topicosweb\framework\web\CController.php(308): CInlineAction->runWithParams()
#2 C:\xampp\htdocs\topicosweb\framework\web\filters\CFilterChain.php(133): ArticuloController->runAction()
#3 C:\xampp\htdocs\topicosweb\framework\web\filters\CFilter.php(40): CFilterChain->run()
#4 C:\xampp\htdocs\topicosweb\framework\web\CController.php(1145): CAccessControlFilter->filter()
#5 C:\xampp\htdocs\topicosweb\framework\web\filters\CInlineFilter.php(58): ArticuloController->filterAccessControl()
#6 C:\xampp\htdocs\topicosweb\framework\web\filters\CFilterChain.php(130): CInlineFilter->filter()
#7 C:\xampp\htdocs\topicosweb\framework\web\CController.php(291): CFilterChain->run()
#8 C:\xampp\htdocs\topicosweb\framework\web\CController.php(265): ArticuloController->runActionWithFilters()
#9 C:\xampp\htdocs\topicosweb\framework\web\CWebApplication.php(282): ArticuloController->run()
#10 C:\xampp\htdocs\topicosweb\framework\web\CWebApplication.php(141): CWebApplication->runController()
#11 C:\xampp\htdocs\topicosweb\framework\base\CApplication.php(184): CWebApplication->processRequest()
#12 C:\xampp\htdocs\topicosweb\12030055\revista\index.php(13): CWebApplication->run()
REQUEST_URI=/topicosweb/12030055/revista/index.php?r=articulo/update&id=2
in C:\xampp\htdocs\topicosweb\12030055\revista\protected\controllers\ArticuloController.php (106)
in C:\xampp\htdocs\topicosweb\12030055\revista\index.php (13)
2015/02/22 09:41:04 [error] [php] Undefined variable: modelStatus (C:\xampp\htdocs\topicosweb\12030055\revista\protected\controllers\ArticuloController.php:106)
Stack trace:
#0 C:\xampp\htdocs\topicosweb\framework\web\actions\CInlineAction.php(47): CInlineAction->runWithParamsInternal()
#1 C:\xampp\htdocs\topicosweb\framework\web\CController.php(308): CInlineAction->runWithParams()
#2 C:\xampp\htdocs\topicosweb\framework\web\filters\CFilterChain.php(133): ArticuloController->runAction()
#3 C:\xampp\htdocs\topicosweb\framework\web\filters\CFilter.php(40): CFilterChain->run()
#4 C:\xampp\htdocs\topicosweb\framework\web\CController.php(1145): CAccessControlFilter->filter()
#5 C:\xampp\htdocs\topicosweb\framework\web\filters\CInlineFilter.php(58): ArticuloController->filterAccessControl()
#6 C:\xampp\htdocs\topicosweb\framework\web\filters\CFilterChain.php(130): CInlineFilter->filter()
#7 C:\xampp\htdocs\topicosweb\framework\web\CController.php(291): CFilterChain->run()
#8 C:\xampp\htdocs\topicosweb\framework\web\CController.php(265): ArticuloController->runActionWithFilters()
#9 C:\xampp\htdocs\topicosweb\framework\web\CWebApplication.php(282): ArticuloController->run()
#10 C:\xampp\htdocs\topicosweb\framework\web\CWebApplication.php(141): CWebApplication->runController()
#11 C:\xampp\htdocs\topicosweb\framework\base\CApplication.php(184): CWebApplication->processRequest()
#12 C:\xampp\htdocs\topicosweb\12030055\revista\index.php(13): CWebApplication->run()
REQUEST_URI=/topicosweb/12030055/revista/index.php?r=articulo/update&id=2
in C:\xampp\htdocs\topicosweb\12030055\revista\protected\controllers\ArticuloController.php (106)
in C:\xampp\htdocs\topicosweb\12030055\revista\index.php (13)
2015/02/22 09:41:05 [error] [php] Undefined variable: modelStatus (C:\xampp\htdocs\topicosweb\12030055\revista\protected\controllers\ArticuloController.php:106)
Stack trace:
#0 C:\xampp\htdocs\topicosweb\framework\web\actions\CInlineAction.php(47): CInlineAction->runWithParamsInternal()
#1 C:\xampp\htdocs\topicosweb\framework\web\CController.php(308): CInlineAction->runWithParams()
#2 C:\xampp\htdocs\topicosweb\framework\web\filters\CFilterChain.php(133): ArticuloController->runAction()
#3 C:\xampp\htdocs\topicosweb\framework\web\filters\CFilter.php(40): CFilterChain->run()
#4 C:\xampp\htdocs\topicosweb\framework\web\CController.php(1145): CAccessControlFilter->filter()
#5 C:\xampp\htdocs\topicosweb\framework\web\filters\CInlineFilter.php(58): ArticuloController->filterAccessControl()
#6 C:\xampp\htdocs\topicosweb\framework\web\filters\CFilterChain.php(130): CInlineFilter->filter()
#7 C:\xampp\htdocs\topicosweb\framework\web\CController.php(291): CFilterChain->run()
#8 C:\xampp\htdocs\topicosweb\framework\web\CController.php(265): ArticuloController->runActionWithFilters()
#9 C:\xampp\htdocs\topicosweb\framework\web\CWebApplication.php(282): ArticuloController->run()
#10 C:\xampp\htdocs\topicosweb\framework\web\CWebApplication.php(141): CWebApplication->runController()
#11 C:\xampp\htdocs\topicosweb\framework\base\CApplication.php(184): CWebApplication->processRequest()
#12 C:\xampp\htdocs\topicosweb\12030055\revista\index.php(13): CWebApplication->run()
REQUEST_URI=/topicosweb/12030055/revista/index.php?r=articulo/update&id=2
in C:\xampp\htdocs\topicosweb\12030055\revista\protected\controllers\ArticuloController.php (106)
in C:\xampp\htdocs\topicosweb\12030055\revista\index.php (13)
2015/02/22 09:41:16 [error] [php] Undefined variable: modelStatus (C:\xampp\htdocs\topicosweb\12030055\revista\protected\controllers\ArticuloController.php:106)
Stack trace:
#0 C:\xampp\htdocs\topicosweb\framework\web\actions\CInlineAction.php(47): CInlineAction->runWithParamsInternal()
#1 C:\xampp\htdocs\topicosweb\framework\web\CController.php(308): CInlineAction->runWithParams()
#2 C:\xampp\htdocs\topicosweb\framework\web\filters\CFilterChain.php(133): ArticuloController->runAction()
#3 C:\xampp\htdocs\topicosweb\framework\web\filters\CFilter.php(40): CFilterChain->run()
#4 C:\xampp\htdocs\topicosweb\framework\web\CController.php(1145): CAccessControlFilter->filter()
#5 C:\xampp\htdocs\topicosweb\framework\web\filters\CInlineFilter.php(58): ArticuloController->filterAccessControl()
#6 C:\xampp\htdocs\topicosweb\framework\web\filters\CFilterChain.php(130): CInlineFilter->filter()
#7 C:\xampp\htdocs\topicosweb\framework\web\CController.php(291): CFilterChain->run()
#8 C:\xampp\htdocs\topicosweb\framework\web\CController.php(265): ArticuloController->runActionWithFilters()
#9 C:\xampp\htdocs\topicosweb\framework\web\CWebApplication.php(282): ArticuloController->run()
#10 C:\xampp\htdocs\topicosweb\framework\web\CWebApplication.php(141): CWebApplication->runController()
#11 C:\xampp\htdocs\topicosweb\framework\base\CApplication.php(184): CWebApplication->processRequest()
#12 C:\xampp\htdocs\topicosweb\12030055\revista\index.php(13): CWebApplication->run()
REQUEST_URI=/topicosweb/12030055/revista/index.php?r=articulo/update&id=2
in C:\xampp\htdocs\topicosweb\12030055\revista\protected\controllers\ArticuloController.php (106)
in C:\xampp\htdocs\topicosweb\12030055\revista\index.php (13)
2015/02/22 09:41:38 [error] [php] Undefined variable: modelStatus (C:\xampp\htdocs\topicosweb\12030055\revista\protected\views\articulo\_form.php:67)
Stack trace:
#0 C:\xampp\htdocs\topicosweb\framework\web\CController.php(869): ArticuloController->renderFile()
#1 C:\xampp\htdocs\topicosweb\12030055\revista\protected\views\articulo\update.php(21): ArticuloController->renderPartial()
#2 C:\xampp\htdocs\topicosweb\framework\web\CBaseController.php(126): require()
#3 C:\xampp\htdocs\topicosweb\framework\web\CBaseController.php(95): ArticuloController->renderInternal()
#4 C:\xampp\htdocs\topicosweb\framework\web\CController.php(869): ArticuloController->renderFile()
#5 C:\xampp\htdocs\topicosweb\framework\web\CController.php(782): ArticuloController->renderPartial()
#6 C:\xampp\htdocs\topicosweb\12030055\revista\protected\controllers\ArticuloController.php(106): ArticuloController->render()
#7 unknown(0): ArticuloController->actionUpdate()
#8 C:\xampp\htdocs\topicosweb\framework\web\actions\CAction.php(109): ReflectionMethod->invokeArgs()
#9 C:\xampp\htdocs\topicosweb\framework\web\actions\CInlineAction.php(47): CInlineAction->runWithParamsInternal()
#10 C:\xampp\htdocs\topicosweb\framework\web\CController.php(308): CInlineAction->runWithParams()
#11 C:\xampp\htdocs\topicosweb\framework\web\filters\CFilterChain.php(133): ArticuloController->runAction()
#12 C:\xampp\htdocs\topicosweb\framework\web\filters\CFilter.php(40): CFilterChain->run()
#13 C:\xampp\htdocs\topicosweb\framework\web\CController.php(1145): CAccessControlFilter->filter()
#14 C:\xampp\htdocs\topicosweb\framework\web\filters\CInlineFilter.php(58): ArticuloController->filterAccessControl()
#15 C:\xampp\htdocs\topicosweb\framework\web\filters\CFilterChain.php(130): CInlineFilter->filter()
#16 C:\xampp\htdocs\topicosweb\framework\web\CController.php(291): CFilterChain->run()
#17 C:\xampp\htdocs\topicosweb\framework\web\CController.php(265): ArticuloController->runActionWithFilters()
#18 C:\xampp\htdocs\topicosweb\framework\web\CWebApplication.php(282): ArticuloController->run()
#19 C:\xampp\htdocs\topicosweb\framework\web\CWebApplication.php(141): CWebApplication->runController()
#20 C:\xampp\htdocs\topicosweb\framework\base\CApplication.php(184): CWebApplication->processRequest()
#21 C:\xampp\htdocs\topicosweb\12030055\revista\index.php(13): CWebApplication->run()
REQUEST_URI=/topicosweb/12030055/revista/index.php?r=articulo/update&id=2
in C:\xampp\htdocs\topicosweb\12030055\revista\protected\views\articulo\_form.php (67)
in C:\xampp\htdocs\topicosweb\12030055\revista\protected\views\articulo\update.php (21)
in C:\xampp\htdocs\topicosweb\12030055\revista\protected\controllers\ArticuloController.php (106)
2015/02/22 09:41:39 [error] [php] Undefined variable: modelStatus (C:\xampp\htdocs\topicosweb\12030055\revista\protected\views\articulo\_form.php:67)
Stack trace:
#0 C:\xampp\htdocs\topicosweb\framework\web\CController.php(869): ArticuloController->renderFile()
#1 C:\xampp\htdocs\topicosweb\12030055\revista\protected\views\articulo\update.php(21): ArticuloController->renderPartial()
#2 C:\xampp\htdocs\topicosweb\framework\web\CBaseController.php(126): require()
#3 C:\xampp\htdocs\topicosweb\framework\web\CBaseController.php(95): ArticuloController->renderInternal()
#4 C:\xampp\htdocs\topicosweb\framework\web\CController.php(869): ArticuloController->renderFile()
#5 C:\xampp\htdocs\topicosweb\framework\web\CController.php(782): ArticuloController->renderPartial()
#6 C:\xampp\htdocs\topicosweb\12030055\revista\protected\controllers\ArticuloController.php(106): ArticuloController->render()
#7 unknown(0): ArticuloController->actionUpdate()
#8 C:\xampp\htdocs\topicosweb\framework\web\actions\CAction.php(109): ReflectionMethod->invokeArgs()
#9 C:\xampp\htdocs\topicosweb\framework\web\actions\CInlineAction.php(47): CInlineAction->runWithParamsInternal()
#10 C:\xampp\htdocs\topicosweb\framework\web\CController.php(308): CInlineAction->runWithParams()
#11 C:\xampp\htdocs\topicosweb\framework\web\filters\CFilterChain.php(133): ArticuloController->runAction()
#12 C:\xampp\htdocs\topicosweb\framework\web\filters\CFilter.php(40): CFilterChain->run()
#13 C:\xampp\htdocs\topicosweb\framework\web\CController.php(1145): CAccessControlFilter->filter()
#14 C:\xampp\htdocs\topicosweb\framework\web\filters\CInlineFilter.php(58): ArticuloController->filterAccessControl()
#15 C:\xampp\htdocs\topicosweb\framework\web\filters\CFilterChain.php(130): CInlineFilter->filter()
#16 C:\xampp\htdocs\topicosweb\framework\web\CController.php(291): CFilterChain->run()
#17 C:\xampp\htdocs\topicosweb\framework\web\CController.php(265): ArticuloController->runActionWithFilters()
#18 C:\xampp\htdocs\topicosweb\framework\web\CWebApplication.php(282): ArticuloController->run()
#19 C:\xampp\htdocs\topicosweb\framework\web\CWebApplication.php(141): CWebApplication->runController()
#20 C:\xampp\htdocs\topicosweb\framework\base\CApplication.php(184): CWebApplication->processRequest()
#21 C:\xampp\htdocs\topicosweb\12030055\revista\index.php(13): CWebApplication->run()
REQUEST_URI=/topicosweb/12030055/revista/index.php?r=articulo/update&id=2
in C:\xampp\htdocs\topicosweb\12030055\revista\protected\views\articulo\_form.php (67)
in C:\xampp\htdocs\topicosweb\12030055\revista\protected\views\articulo\update.php (21)
in C:\xampp\htdocs\topicosweb\12030055\revista\protected\controllers\ArticuloController.php (106)
2015/02/22 09:47:02 [error] [php] Undefined variable: modelStatus (C:\xampp\htdocs\topicosweb\12030055\revista\protected\views\articulo\create.php:18)
Stack trace:
#0 C:\xampp\htdocs\topicosweb\framework\web\CController.php(869): ArticuloController->renderFile()
#1 C:\xampp\htdocs\topicosweb\framework\web\CController.php(782): ArticuloController->renderPartial()
#2 C:\xampp\htdocs\topicosweb\12030055\revista\protected\controllers\ArticuloController.php(82): ArticuloController->render()
#3 C:\xampp\htdocs\topicosweb\framework\web\actions\CInlineAction.php(49): ArticuloController->actionCreate()
#4 C:\xampp\htdocs\topicosweb\framework\web\CController.php(308): CInlineAction->runWithParams()
#5 C:\xampp\htdocs\topicosweb\framework\web\filters\CFilterChain.php(133): ArticuloController->runAction()
#6 C:\xampp\htdocs\topicosweb\framework\web\filters\CFilter.php(40): CFilterChain->run()
#7 C:\xampp\htdocs\topicosweb\framework\web\CController.php(1145): CAccessControlFilter->filter()
#8 C:\xampp\htdocs\topicosweb\framework\web\filters\CInlineFilter.php(58): ArticuloController->filterAccessControl()
#9 C:\xampp\htdocs\topicosweb\framework\web\filters\CFilterChain.php(130): CInlineFilter->filter()
#10 C:\xampp\htdocs\topicosweb\framework\web\CController.php(291): CFilterChain->run()
#11 C:\xampp\htdocs\topicosweb\framework\web\CController.php(265): ArticuloController->runActionWithFilters()
#12 C:\xampp\htdocs\topicosweb\framework\web\CWebApplication.php(282): ArticuloController->run()
#13 C:\xampp\htdocs\topicosweb\framework\web\CWebApplication.php(141): CWebApplication->runController()
#14 C:\xampp\htdocs\topicosweb\framework\base\CApplication.php(184): CWebApplication->processRequest()
#15 C:\xampp\htdocs\topicosweb\12030055\revista\index.php(13): CWebApplication->run()
REQUEST_URI=/topicosweb/12030055/revista/index.php?r=articulo/create
in C:\xampp\htdocs\topicosweb\12030055\revista\protected\views\articulo\create.php (18)
in C:\xampp\htdocs\topicosweb\12030055\revista\protected\controllers\ArticuloController.php (82)
in C:\xampp\htdocs\topicosweb\12030055\revista\index.php (13)
2015/02/23 04:11:33 [error] [php] Undefined variable: modelStatus (C:\xampp\htdocs\topicosweb\12030055\revista\protected\views\articulo\_form.php:67)
Stack trace:
#0 C:\xampp\htdocs\topicosweb\framework\web\CController.php(869): ArticuloController->renderFile()
#1 C:\xampp\htdocs\topicosweb\12030055\revista\protected\views\articulo\update.php(21): ArticuloController->renderPartial()
#2 C:\xampp\htdocs\topicosweb\framework\web\CBaseController.php(126): require()
#3 C:\xampp\htdocs\topicosweb\framework\web\CBaseController.php(95): ArticuloController->renderInternal()
#4 C:\xampp\htdocs\topicosweb\framework\web\CController.php(869): ArticuloController->renderFile()
#5 C:\xampp\htdocs\topicosweb\framework\web\CController.php(782): ArticuloController->renderPartial()
#6 C:\xampp\htdocs\topicosweb\12030055\revista\protected\controllers\ArticuloController.php(106): ArticuloController->render()
#7 unknown(0): ArticuloController->actionUpdate()
#8 C:\xampp\htdocs\topicosweb\framework\web\actions\CAction.php(109): ReflectionMethod->invokeArgs()
#9 C:\xampp\htdocs\topicosweb\framework\web\actions\CInlineAction.php(47): CInlineAction->runWithParamsInternal()
#10 C:\xampp\htdocs\topicosweb\framework\web\CController.php(308): CInlineAction->runWithParams()
#11 C:\xampp\htdocs\topicosweb\framework\web\filters\CFilterChain.php(133): ArticuloController->runAction()
#12 C:\xampp\htdocs\topicosweb\framework\web\filters\CFilter.php(40): CFilterChain->run()
#13 C:\xampp\htdocs\topicosweb\framework\web\CController.php(1145): CAccessControlFilter->filter()
#14 C:\xampp\htdocs\topicosweb\framework\web\filters\CInlineFilter.php(58): ArticuloController->filterAccessControl()
#15 C:\xampp\htdocs\topicosweb\framework\web\filters\CFilterChain.php(130): CInlineFilter->filter()
#16 C:\xampp\htdocs\topicosweb\framework\web\CController.php(291): CFilterChain->run()
#17 C:\xampp\htdocs\topicosweb\framework\web\CController.php(265): ArticuloController->runActionWithFilters()
#18 C:\xampp\htdocs\topicosweb\framework\web\CWebApplication.php(282): ArticuloController->run()
#19 C:\xampp\htdocs\topicosweb\framework\web\CWebApplication.php(141): CWebApplication->runController()
#20 C:\xampp\htdocs\topicosweb\framework\base\CApplication.php(184): CWebApplication->processRequest()
#21 C:\xampp\htdocs\topicosweb\12030055\revista\index.php(13): CWebApplication->run()
REQUEST_URI=/topicosweb/12030055/revista/index.php?r=articulo/update&id=3
in C:\xampp\htdocs\topicosweb\12030055\revista\protected\views\articulo\_form.php (67)
in C:\xampp\htdocs\topicosweb\12030055\revista\protected\views\articulo\update.php (21)
in C:\xampp\htdocs\topicosweb\12030055\revista\protected\controllers\ArticuloController.php (106)
2015/02/23 04:30:59 [error] [php] Undefined variable: modelStatus (C:\xampp\htdocs\topicosweb\12030055\revista\protected\controllers\ArticuloController.php:106)
Stack trace:
#0 C:\xampp\htdocs\topicosweb\framework\web\actions\CInlineAction.php(47): CInlineAction->runWithParamsInternal()
#1 C:\xampp\htdocs\topicosweb\framework\web\CController.php(308): CInlineAction->runWithParams()
#2 C:\xampp\htdocs\topicosweb\framework\web\filters\CFilterChain.php(133): ArticuloController->runAction()
#3 C:\xampp\htdocs\topicosweb\framework\web\filters\CFilter.php(40): CFilterChain->run()
#4 C:\xampp\htdocs\topicosweb\framework\web\CController.php(1145): CAccessControlFilter->filter()
#5 C:\xampp\htdocs\topicosweb\framework\web\filters\CInlineFilter.php(58): ArticuloController->filterAccessControl()
#6 C:\xampp\htdocs\topicosweb\framework\web\filters\CFilterChain.php(130): CInlineFilter->filter()
#7 C:\xampp\htdocs\topicosweb\framework\web\CController.php(291): CFilterChain->run()
#8 C:\xampp\htdocs\topicosweb\framework\web\CController.php(265): ArticuloController->runActionWithFilters()
#9 C:\xampp\htdocs\topicosweb\framework\web\CWebApplication.php(282): ArticuloController->run()
#10 C:\xampp\htdocs\topicosweb\framework\web\CWebApplication.php(141): CWebApplication->runController()
#11 C:\xampp\htdocs\topicosweb\framework\base\CApplication.php(184): CWebApplication->processRequest()
#12 C:\xampp\htdocs\topicosweb\12030055\revista\index.php(13): CWebApplication->run()
REQUEST_URI=/topicosweb/12030055/revista/index.php?r=articulo/update&id=3
in C:\xampp\htdocs\topicosweb\12030055\revista\protected\controllers\ArticuloController.php (106)
in C:\xampp\htdocs\topicosweb\12030055\revista\index.php (13)
2015/02/23 04:31:00 [error] [php] Undefined variable: modelStatus (C:\xampp\htdocs\topicosweb\12030055\revista\protected\controllers\ArticuloController.php:106)
Stack trace:
#0 C:\xampp\htdocs\topicosweb\framework\web\actions\CInlineAction.php(47): CInlineAction->runWithParamsInternal()
#1 C:\xampp\htdocs\topicosweb\framework\web\CController.php(308): CInlineAction->runWithParams()
#2 C:\xampp\htdocs\topicosweb\framework\web\filters\CFilterChain.php(133): ArticuloController->runAction()
#3 C:\xampp\htdocs\topicosweb\framework\web\filters\CFilter.php(40): CFilterChain->run()
#4 C:\xampp\htdocs\topicosweb\framework\web\CController.php(1145): CAccessControlFilter->filter()
#5 C:\xampp\htdocs\topicosweb\framework\web\filters\CInlineFilter.php(58): ArticuloController->filterAccessControl()
#6 C:\xampp\htdocs\topicosweb\framework\web\filters\CFilterChain.php(130): CInlineFilter->filter()
#7 C:\xampp\htdocs\topicosweb\framework\web\CController.php(291): CFilterChain->run()
#8 C:\xampp\htdocs\topicosweb\framework\web\CController.php(265): ArticuloController->runActionWithFilters()
#9 C:\xampp\htdocs\topicosweb\framework\web\CWebApplication.php(282): ArticuloController->run()
#10 C:\xampp\htdocs\topicosweb\framework\web\CWebApplication.php(141): CWebApplication->runController()
#11 C:\xampp\htdocs\topicosweb\framework\base\CApplication.php(184): CWebApplication->processRequest()
#12 C:\xampp\htdocs\topicosweb\12030055\revista\index.php(13): CWebApplication->run()
REQUEST_URI=/topicosweb/12030055/revista/index.php?r=articulo/update&id=3
in C:\xampp\htdocs\topicosweb\12030055\revista\protected\controllers\ArticuloController.php (106)
in C:\xampp\htdocs\topicosweb\12030055\revista\index.php (13)
2015/02/23 04:32:26 [error] [php] Undefined variable: modelStatus (C:\xampp\htdocs\topicosweb\12030055\revista\protected\views\articulo\_form.php:67)
Stack trace:
#0 C:\xampp\htdocs\topicosweb\framework\web\CController.php(869): ArticuloController->renderFile()
#1 C:\xampp\htdocs\topicosweb\12030055\revista\protected\views\articulo\update.php(21): ArticuloController->renderPartial()
#2 C:\xampp\htdocs\topicosweb\framework\web\CBaseController.php(126): require()
#3 C:\xampp\htdocs\topicosweb\framework\web\CBaseController.php(95): ArticuloController->renderInternal()
#4 C:\xampp\htdocs\topicosweb\framework\web\CController.php(869): ArticuloController->renderFile()
#5 C:\xampp\htdocs\topicosweb\framework\web\CController.php(782): ArticuloController->renderPartial()
#6 C:\xampp\htdocs\topicosweb\12030055\revista\protected\controllers\ArticuloController.php(107): ArticuloController->render()
#7 unknown(0): ArticuloController->actionUpdate()
#8 C:\xampp\htdocs\topicosweb\framework\web\actions\CAction.php(109): ReflectionMethod->invokeArgs()
#9 C:\xampp\htdocs\topicosweb\framework\web\actions\CInlineAction.php(47): CInlineAction->runWithParamsInternal()
#10 C:\xampp\htdocs\topicosweb\framework\web\CController.php(308): CInlineAction->runWithParams()
#11 C:\xampp\htdocs\topicosweb\framework\web\filters\CFilterChain.php(133): ArticuloController->runAction()
#12 C:\xampp\htdocs\topicosweb\framework\web\filters\CFilter.php(40): CFilterChain->run()
#13 C:\xampp\htdocs\topicosweb\framework\web\CController.php(1145): CAccessControlFilter->filter()
#14 C:\xampp\htdocs\topicosweb\framework\web\filters\CInlineFilter.php(58): ArticuloController->filterAccessControl()
#15 C:\xampp\htdocs\topicosweb\framework\web\filters\CFilterChain.php(130): CInlineFilter->filter()
#16 C:\xampp\htdocs\topicosweb\framework\web\CController.php(291): CFilterChain->run()
#17 C:\xampp\htdocs\topicosweb\framework\web\CController.php(265): ArticuloController->runActionWithFilters()
#18 C:\xampp\htdocs\topicosweb\framework\web\CWebApplication.php(282): ArticuloController->run()
#19 C:\xampp\htdocs\topicosweb\framework\web\CWebApplication.php(141): CWebApplication->runController()
#20 C:\xampp\htdocs\topicosweb\framework\base\CApplication.php(184): CWebApplication->processRequest()
#21 C:\xampp\htdocs\topicosweb\12030055\revista\index.php(13): CWebApplication->run()
REQUEST_URI=/topicosweb/12030055/revista/index.php?r=articulo/update&id=3
in C:\xampp\htdocs\topicosweb\12030055\revista\protected\views\articulo\_form.php (67)
in C:\xampp\htdocs\topicosweb\12030055\revista\protected\views\articulo\update.php (21)
in C:\xampp\htdocs\topicosweb\12030055\revista\protected\controllers\ArticuloController.php (107)
2015/02/28 00:43:43 [error] [exception.CDbException] exception 'CDbException' with message 'CDbConnection failed to open the DB connection: SQLSTATE[HY000] [2002] No se puede establecer una conexión ya que el equipo de destino denegó expresamente dicha conexión.
' in C:\xampp\htdocs\topicosweb\framework\db\CDbConnection.php:399
Stack trace:
#0 C:\xampp\htdocs\topicosweb\framework\db\CDbConnection.php(347): CDbConnection->open()
#1 C:\xampp\htdocs\topicosweb\framework\db\CDbConnection.php(325): CDbConnection->setActive(true)
#2 C:\xampp\htdocs\topicosweb\framework\base\CModule.php(394): CDbConnection->init()
#3 C:\xampp\htdocs\topicosweb\framework\base\CApplication.php(458): CModule->getComponent('db')
#4 C:\xampp\htdocs\topicosweb\framework\db\ar\CActiveRecord.php(637): CApplication->getDb()
#5 C:\xampp\htdocs\topicosweb\framework\db\ar\CActiveRecord.php(2384): CActiveRecord->getDbConnection()
#6 C:\xampp\htdocs\topicosweb\framework\db\ar\CActiveRecord.php(411): CActiveRecordMetaData->__construct(Object(ContenidoExtra))
#7 C:\xampp\htdocs\topicosweb\framework\db\ar\CActiveRecord.php(79): CActiveRecord->getMetaData()
#8 C:\xampp\htdocs\topicosweb\12030055\revista\protected\controllers\ContenidoExtraController.php(65): CActiveRecord->__construct()
#9 C:\xampp\htdocs\topicosweb\framework\web\actions\CInlineAction.php(49): ContenidoExtraController->actionCreate()
#10 C:\xampp\htdocs\topicosweb\framework\web\CController.php(308): CInlineAction->runWithParams(Array)
#11 C:\xampp\htdocs\topicosweb\framework\web\filters\CFilterChain.php(133): CController->runAction(Object(CInlineAction))
#12 C:\xampp\htdocs\topicosweb\framework\web\filters\CFilter.php(40): CFilterChain->run()
#13 C:\xampp\htdocs\topicosweb\framework\web\CController.php(1145): CFilter->filter(Object(CFilterChain))
#14 C:\xampp\htdocs\topicosweb\framework\web\filters\CInlineFilter.php(58): CController->filterAccessControl(Object(CFilterChain))
#15 C:\xampp\htdocs\topicosweb\framework\web\filters\CFilterChain.php(130): CInlineFilter->filter(Object(CFilterChain))
#16 C:\xampp\htdocs\topicosweb\framework\web\CController.php(291): CFilterChain->run()
#17 C:\xampp\htdocs\topicosweb\framework\web\CController.php(265): CController->runActionWithFilters(Object(CInlineAction), Array)
#18 C:\xampp\htdocs\topicosweb\framework\web\CWebApplication.php(282): CController->run('create')
#19 C:\xampp\htdocs\topicosweb\framework\web\CWebApplication.php(141): CWebApplication->runController('contenidoextra/...')
#20 C:\xampp\htdocs\topicosweb\framework\base\CApplication.php(184): CWebApplication->processRequest()
#21 C:\xampp\htdocs\topicosweb\12030055\revista\index.php(13): CApplication->run()
#22 {main}
REQUEST_URI=/topicosweb/12030055/revista/index.php?r=contenidoextra/create
HTTP_REFERER=http://localhost:4430/topicosweb/12030055/revista/index.php?r=site/login
---
