2015/03/15 03:30:28 [error] [exception.CDbException] exception 'CDbException' with message 'CDbConnection failed to open the DB connection: SQLSTATE[HY000] [1045] Access denied for user 'oacn'@'localhost' (using password: YES)' in C:\xampp\htdocs\topicosweb\framework\db\CDbConnection.php:399
Stack trace:
#0 C:\xampp\htdocs\topicosweb\framework\db\CDbConnection.php(347): CDbConnection->open()
#1 C:\xampp\htdocs\topicosweb\framework\db\CDbConnection.php(325): CDbConnection->setActive(true)
#2 C:\xampp\htdocs\topicosweb\framework\base\CModule.php(394): CDbConnection->init()
#3 C:\xampp\htdocs\topicosweb\framework\base\CModule.php(103): CModule->getComponent('db')
#4 C:\xampp\htdocs\topicosweb\framework\gii\generators\model\ModelCode.php(60): CModule->__get('db')
#5 C:\xampp\htdocs\topicosweb\framework\web\CFormModel.php(39): ModelCode->init()
#6 C:\xampp\htdocs\topicosweb\framework\gii\CCodeGenerator.php(153): CFormModel->__construct()
#7 C:\xampp\htdocs\topicosweb\framework\gii\CCodeGenerator.php(63): CCodeGenerator->prepare()
#8 C:\xampp\htdocs\topicosweb\framework\web\actions\CInlineAction.php(49): CCodeGenerator->actionIndex()
#9 C:\xampp\htdocs\topicosweb\framework\web\CController.php(308): CInlineAction->runWithParams(Array)
#10 C:\xampp\htdocs\topicosweb\framework\web\CController.php(286): CController->runAction(Object(CInlineAction))
#11 C:\xampp\htdocs\topicosweb\framework\web\CController.php(265): CController->runActionWithFilters(Object(CInlineAction), Array)
#12 C:\xampp\htdocs\topicosweb\framework\web\CWebApplication.php(282): CController->run('index')
#13 C:\xampp\htdocs\topicosweb\framework\web\CWebApplication.php(141): CWebApplication->runController('gii/model/index')
#14 C:\xampp\htdocs\topicosweb\framework\base\CApplication.php(184): CWebApplication->processRequest()
#15 C:\xampp\htdocs\topicosweb\11030802\sitec\index.php(13): CApplication->run()
#16 {main}
REQUEST_URI=/topicosweb/11030802/sitec/index.php?r=gii/model/index
HTTP_REFERER=http://localhost:8080/topicosweb/11030802/sitec/index.php?r=gii/model/index
---
2015/03/15 03:30:46 [error] [exception.CDbException] exception 'CDbException' with message 'CDbConnection failed to open the DB connection: SQLSTATE[HY000] [1045] Access denied for user 'oacn'@'localhost' (using password: YES)' in C:\xampp\htdocs\topicosweb\framework\db\CDbConnection.php:399
Stack trace:
#0 C:\xampp\htdocs\topicosweb\framework\db\CDbConnection.php(347): CDbConnection->open()
#1 C:\xampp\htdocs\topicosweb\framework\db\CDbConnection.php(325): CDbConnection->setActive(true)
#2 C:\xampp\htdocs\topicosweb\framework\base\CModule.php(394): CDbConnection->init()
#3 C:\xampp\htdocs\topicosweb\framework\base\CModule.php(103): CModule->getComponent('db')
#4 C:\xampp\htdocs\topicosweb\framework\gii\generators\model\ModelCode.php(60): CModule->__get('db')
#5 C:\xampp\htdocs\topicosweb\framework\web\CFormModel.php(39): ModelCode->init()
#6 C:\xampp\htdocs\topicosweb\framework\gii\CCodeGenerator.php(153): CFormModel->__construct()
#7 C:\xampp\htdocs\topicosweb\framework\gii\CCodeGenerator.php(63): CCodeGenerator->prepare()
#8 C:\xampp\htdocs\topicosweb\framework\web\actions\CInlineAction.php(49): CCodeGenerator->actionIndex()
#9 C:\xampp\htdocs\topicosweb\framework\web\CController.php(308): CInlineAction->runWithParams(Array)
#10 C:\xampp\htdocs\topicosweb\framework\web\CController.php(286): CController->runAction(Object(CInlineAction))
#11 C:\xampp\htdocs\topicosweb\framework\web\CController.php(265): CController->runActionWithFilters(Object(CInlineAction), Array)
#12 C:\xampp\htdocs\topicosweb\framework\web\CWebApplication.php(282): CController->run('index')
#13 C:\xampp\htdocs\topicosweb\framework\web\CWebApplication.php(141): CWebApplication->runController('gii/model/index')
#14 C:\xampp\htdocs\topicosweb\framework\base\CApplication.php(184): CWebApplication->processRequest()
#15 C:\xampp\htdocs\topicosweb\11030802\sitec\index.php(13): CApplication->run()
#16 {main}
REQUEST_URI=/topicosweb/11030802/sitec/index.php?r=gii/model/index
HTTP_REFERER=http://localhost:8080/topicosweb/11030802/sitec/index.php?r=gii/model/index
---
2015/03/15 03:31:00 [error] [exception.CDbException] exception 'CDbException' with message 'CDbConnection failed to open the DB connection: SQLSTATE[HY000] [1045] Access denied for user 'oacn'@'localhost' (using password: YES)' in C:\xampp\htdocs\topicosweb\framework\db\CDbConnection.php:399
Stack trace:
#0 C:\xampp\htdocs\topicosweb\framework\db\CDbConnection.php(347): CDbConnection->open()
#1 C:\xampp\htdocs\topicosweb\framework\db\CDbConnection.php(325): CDbConnection->setActive(true)
#2 C:\xampp\htdocs\topicosweb\framework\base\CModule.php(394): CDbConnection->init()
#3 C:\xampp\htdocs\topicosweb\framework\base\CModule.php(103): CModule->getComponent('db')
#4 C:\xampp\htdocs\topicosweb\framework\gii\generators\model\ModelCode.php(60): CModule->__get('db')
#5 C:\xampp\htdocs\topicosweb\framework\web\CFormModel.php(39): ModelCode->init()
#6 C:\xampp\htdocs\topicosweb\framework\gii\CCodeGenerator.php(153): CFormModel->__construct()
#7 C:\xampp\htdocs\topicosweb\framework\gii\CCodeGenerator.php(63): CCodeGenerator->prepare()
#8 C:\xampp\htdocs\topicosweb\framework\web\actions\CInlineAction.php(49): CCodeGenerator->actionIndex()
#9 C:\xampp\htdocs\topicosweb\framework\web\CController.php(308): CInlineAction->runWithParams(Array)
#10 C:\xampp\htdocs\topicosweb\framework\web\CController.php(286): CController->runAction(Object(CInlineAction))
#11 C:\xampp\htdocs\topicosweb\framework\web\CController.php(265): CController->runActionWithFilters(Object(CInlineAction), Array)
#12 C:\xampp\htdocs\topicosweb\framework\web\CWebApplication.php(282): CController->run('index')
#13 C:\xampp\htdocs\topicosweb\framework\web\CWebApplication.php(141): CWebApplication->runController('gii/model/index')
#14 C:\xampp\htdocs\topicosweb\framework\base\CApplication.php(184): CWebApplication->processRequest()
#15 C:\xampp\htdocs\topicosweb\11030802\sitec\index.php(13): CApplication->run()
#16 {main}
REQUEST_URI=/topicosweb/11030802/sitec/index.php?r=gii/model/index
---
2015/03/15 03:32:18 [error] [exception.CDbException] exception 'CDbException' with message 'CDbConnection failed to open the DB connection: SQLSTATE[HY000] [1045] Access denied for user 'oacn'@'localhost' (using password: YES)' in C:\xampp\htdocs\topicosweb\framework\db\CDbConnection.php:399
Stack trace:
#0 C:\xampp\htdocs\topicosweb\framework\db\CDbConnection.php(347): CDbConnection->open()
#1 C:\xampp\htdocs\topicosweb\framework\db\CDbConnection.php(325): CDbConnection->setActive(true)
#2 C:\xampp\htdocs\topicosweb\framework\base\CModule.php(394): CDbConnection->init()
#3 C:\xampp\htdocs\topicosweb\framework\base\CModule.php(103): CModule->getComponent('db')
#4 C:\xampp\htdocs\topicosweb\framework\gii\generators\model\ModelCode.php(60): CModule->__get('db')
#5 C:\xampp\htdocs\topicosweb\framework\web\CFormModel.php(39): ModelCode->init()
#6 C:\xampp\htdocs\topicosweb\framework\gii\CCodeGenerator.php(153): CFormModel->__construct()
#7 C:\xampp\htdocs\topicosweb\framework\gii\CCodeGenerator.php(63): CCodeGenerator->prepare()
#8 C:\xampp\htdocs\topicosweb\framework\web\actions\CInlineAction.php(49): CCodeGenerator->actionIndex()
#9 C:\xampp\htdocs\topicosweb\framework\web\CController.php(308): CInlineAction->runWithParams(Array)
#10 C:\xampp\htdocs\topicosweb\framework\web\CController.php(286): CController->runAction(Object(CInlineAction))
#11 C:\xampp\htdocs\topicosweb\framework\web\CController.php(265): CController->runActionWithFilters(Object(CInlineAction), Array)
#12 C:\xampp\htdocs\topicosweb\framework\web\CWebApplication.php(282): CController->run('index')
#13 C:\xampp\htdocs\topicosweb\framework\web\CWebApplication.php(141): CWebApplication->runController('gii/model/index')
#14 C:\xampp\htdocs\topicosweb\framework\base\CApplication.php(184): CWebApplication->processRequest()
#15 C:\xampp\htdocs\topicosweb\11030802\sitec\index.php(13): CApplication->run()
#16 {main}
REQUEST_URI=/topicosweb/11030802/sitec/index.php?r=gii/model/index
---
2015/03/15 03:32:54 [error] [exception.CDbException] exception 'CDbException' with message 'CDbConnection failed to open the DB connection: SQLSTATE[HY000] [1045] Access denied for user 'oacn'@'localhost' (using password: YES)' in C:\xampp\htdocs\topicosweb\framework\db\CDbConnection.php:399
Stack trace:
#0 C:\xampp\htdocs\topicosweb\framework\db\CDbConnection.php(347): CDbConnection->open()
#1 C:\xampp\htdocs\topicosweb\framework\db\CDbConnection.php(325): CDbConnection->setActive(true)
#2 C:\xampp\htdocs\topicosweb\framework\base\CModule.php(394): CDbConnection->init()
#3 C:\xampp\htdocs\topicosweb\framework\base\CModule.php(103): CModule->getComponent('db')
#4 C:\xampp\htdocs\topicosweb\framework\gii\generators\model\ModelCode.php(60): CModule->__get('db')
#5 C:\xampp\htdocs\topicosweb\framework\web\CFormModel.php(39): ModelCode->init()
#6 C:\xampp\htdocs\topicosweb\framework\gii\CCodeGenerator.php(153): CFormModel->__construct()
#7 C:\xampp\htdocs\topicosweb\framework\gii\CCodeGenerator.php(63): CCodeGenerator->prepare()
#8 C:\xampp\htdocs\topicosweb\framework\web\actions\CInlineAction.php(49): CCodeGenerator->actionIndex()
#9 C:\xampp\htdocs\topicosweb\framework\web\CController.php(308): CInlineAction->runWithParams(Array)
#10 C:\xampp\htdocs\topicosweb\framework\web\CController.php(286): CController->runAction(Object(CInlineAction))
#11 C:\xampp\htdocs\topicosweb\framework\web\CController.php(265): CController->runActionWithFilters(Object(CInlineAction), Array)
#12 C:\xampp\htdocs\topicosweb\framework\web\CWebApplication.php(282): CController->run('index')
#13 C:\xampp\htdocs\topicosweb\framework\web\CWebApplication.php(141): CWebApplication->runController('gii/model/index')
#14 C:\xampp\htdocs\topicosweb\framework\base\CApplication.php(184): CWebApplication->processRequest()
#15 C:\xampp\htdocs\topicosweb\11030802\sitec\index.php(13): CApplication->run()
#16 {main}
REQUEST_URI=/topicosweb/11030802/sitec/index.php?r=gii/model/index
---
2015/03/15 03:33:24 [error] [exception.CDbException] exception 'CDbException' with message 'CDbConnection failed to open the DB connection: SQLSTATE[HY000] [1045] Access denied for user 'oacn'@'localhost' (using password: YES)' in C:\xampp\htdocs\topicosweb\framework\db\CDbConnection.php:399
Stack trace:
#0 C:\xampp\htdocs\topicosweb\framework\db\CDbConnection.php(347): CDbConnection->open()
#1 C:\xampp\htdocs\topicosweb\framework\db\CDbConnection.php(325): CDbConnection->setActive(true)
#2 C:\xampp\htdocs\topicosweb\framework\base\CModule.php(394): CDbConnection->init()
#3 C:\xampp\htdocs\topicosweb\framework\base\CModule.php(103): CModule->getComponent('db')
#4 C:\xampp\htdocs\topicosweb\framework\gii\generators\model\ModelCode.php(60): CModule->__get('db')
#5 C:\xampp\htdocs\topicosweb\framework\web\CFormModel.php(39): ModelCode->init()
#6 C:\xampp\htdocs\topicosweb\framework\gii\CCodeGenerator.php(153): CFormModel->__construct()
#7 C:\xampp\htdocs\topicosweb\framework\gii\CCodeGenerator.php(63): CCodeGenerator->prepare()
#8 C:\xampp\htdocs\topicosweb\framework\web\actions\CInlineAction.php(49): CCodeGenerator->actionIndex()
#9 C:\xampp\htdocs\topicosweb\framework\web\CController.php(308): CInlineAction->runWithParams(Array)
#10 C:\xampp\htdocs\topicosweb\framework\web\CController.php(286): CController->runAction(Object(CInlineAction))
#11 C:\xampp\htdocs\topicosweb\framework\web\CController.php(265): CController->runActionWithFilters(Object(CInlineAction), Array)
#12 C:\xampp\htdocs\topicosweb\framework\web\CWebApplication.php(282): CController->run('index')
#13 C:\xampp\htdocs\topicosweb\framework\web\CWebApplication.php(141): CWebApplication->runController('gii/model/index')
#14 C:\xampp\htdocs\topicosweb\framework\base\CApplication.php(184): CWebApplication->processRequest()
#15 C:\xampp\htdocs\topicosweb\11030802\sitec\index.php(13): CApplication->run()
#16 {main}
REQUEST_URI=/topicosweb/11030802/sitec/index.php?r=gii/model/index
---
2015/03/16 22:42:41 [error] [exception.CHttpException.403] exception 'CHttpException' with message 'You are not authorized to perform this action.' in C:\xampp\htdocs\topicosweb\framework\web\auth\CAccessControlFilter.php:182
Stack trace:
#0 C:\xampp\htdocs\topicosweb\framework\web\auth\CAccessControlFilter.php(145): CAccessControlFilter->accessDenied(Object(CWebUser), 'You are not aut...')
#1 C:\xampp\htdocs\topicosweb\framework\web\filters\CFilter.php(38): CAccessControlFilter->preFilter(Object(CFilterChain))
#2 C:\xampp\htdocs\topicosweb\framework\web\CController.php(1145): CFilter->filter(Object(CFilterChain))
#3 C:\xampp\htdocs\topicosweb\framework\web\filters\CInlineFilter.php(58): CController->filterAccessControl(Object(CFilterChain))
#4 C:\xampp\htdocs\topicosweb\framework\web\filters\CFilterChain.php(130): CInlineFilter->filter(Object(CFilterChain))
#5 C:\xampp\htdocs\topicosweb\framework\web\CController.php(291): CFilterChain->run()
#6 C:\xampp\htdocs\topicosweb\framework\web\CController.php(265): CController->runActionWithFilters(Object(CInlineAction), Array)
#7 C:\xampp\htdocs\topicosweb\framework\web\CWebApplication.php(282): CController->run('admin')
#8 C:\xampp\htdocs\topicosweb\framework\web\CWebApplication.php(141): CWebApplication->runController('evento/admin')
#9 C:\xampp\htdocs\topicosweb\framework\base\CApplication.php(184): CWebApplication->processRequest()
#10 C:\xampp\htdocs\topicosweb\11030802\sitec\index.php(13): CApplication->run()
#11 {main}
REQUEST_URI=/topicosweb/11030802/sitec/index.php?r=evento/admin
HTTP_REFERER=http://localhost:8080/topicosweb/11030802/sitec/index.php?r=evento/create
---
2015/03/16 22:43:05 [error] [exception.CHttpException.403] exception 'CHttpException' with message 'You are not authorized to perform this action.' in C:\xampp\htdocs\topicosweb\framework\web\auth\CAccessControlFilter.php:182
Stack trace:
#0 C:\xampp\htdocs\topicosweb\framework\web\auth\CAccessControlFilter.php(145): CAccessControlFilter->accessDenied(Object(CWebUser), 'You are not aut...')
#1 C:\xampp\htdocs\topicosweb\framework\web\filters\CFilter.php(38): CAccessControlFilter->preFilter(Object(CFilterChain))
#2 C:\xampp\htdocs\topicosweb\framework\web\CController.php(1145): CFilter->filter(Object(CFilterChain))
#3 C:\xampp\htdocs\topicosweb\framework\web\filters\CInlineFilter.php(58): CController->filterAccessControl(Object(CFilterChain))
#4 C:\xampp\htdocs\topicosweb\framework\web\filters\CFilterChain.php(130): CInlineFilter->filter(Object(CFilterChain))
#5 C:\xampp\htdocs\topicosweb\framework\web\CController.php(291): CFilterChain->run()
#6 C:\xampp\htdocs\topicosweb\framework\web\CController.php(265): CController->runActionWithFilters(Object(CInlineAction), Array)
#7 C:\xampp\htdocs\topicosweb\framework\web\CWebApplication.php(282): CController->run('admin')
#8 C:\xampp\htdocs\topicosweb\framework\web\CWebApplication.php(141): CWebApplication->runController('participante/ad...')
#9 C:\xampp\htdocs\topicosweb\framework\base\CApplication.php(184): CWebApplication->processRequest()
#10 C:\xampp\htdocs\topicosweb\11030802\sitec\index.php(13): CApplication->run()
#11 {main}
REQUEST_URI=/topicosweb/11030802/sitec/index.php?r=participante/admin
HTTP_REFERER=http://localhost:8080/topicosweb/11030802/sitec/index.php?r=participante/create
---
2015/03/22 02:09:19 [error] [exception.CException] exception 'CException' with message 'Property "Participante.tipo" is not defined.' in C:\xampp\htdocs\topicosweb\framework\base\CComponent.php:130
Stack trace:
#0 C:\xampp\htdocs\topicosweb\framework\db\ar\CActiveRecord.php(145): CComponent->__get('tipo')
#1 C:\xampp\htdocs\topicosweb\framework\web\helpers\CHtml.php(2728): CActiveRecord->__get('tipo')
#2 C:\xampp\htdocs\topicosweb\framework\web\helpers\CHtml.php(1981): CHtml::resolveValue(Object(Participante), 'tipo')
#3 C:\xampp\htdocs\topicosweb\framework\web\widgets\CActiveForm.php(914): CHtml::activeDropDownList(Object(Participante), 'tipo', Array, Array)
#4 C:\xampp\htdocs\topicosweb\11030802\sitec\protected\views\participante\_form.php(28): CActiveForm->dropDownList(Object(Participante), 'tipo', Array, Array)
#5 C:\xampp\htdocs\topicosweb\framework\web\CBaseController.php(126): require('C:\\xampp\\htdocs...')
#6 C:\xampp\htdocs\topicosweb\framework\web\CBaseController.php(95): CBaseController->renderInternal('C:\\xampp\\htdocs...', Array, true)
#7 C:\xampp\htdocs\topicosweb\framework\web\CController.php(869): CBaseController->renderFile('C:\\xampp\\htdocs...', Array, true)
#8 C:\xampp\htdocs\topicosweb\11030802\sitec\protected\views\participante\create.php(18): CController->renderPartial('_form', Array)
#9 C:\xampp\htdocs\topicosweb\framework\web\CBaseController.php(126): require('C:\\xampp\\htdocs...')
#10 C:\xampp\htdocs\topicosweb\framework\web\CBaseController.php(95): CBaseController->renderInternal('C:\\xampp\\htdocs...', Array, true)
#11 C:\xampp\htdocs\topicosweb\framework\web\CController.php(869): CBaseController->renderFile('C:\\xampp\\htdocs...', Array, true)
#12 C:\xampp\htdocs\topicosweb\framework\web\CController.php(782): CController->renderPartial('create', Array, true)
#13 C:\xampp\htdocs\topicosweb\11030802\sitec\protected\controllers\ParticipanteController.php(79): CController->render('create', Array)
#14 C:\xampp\htdocs\topicosweb\framework\web\actions\CInlineAction.php(49): ParticipanteController->actionCreate()
#15 C:\xampp\htdocs\topicosweb\framework\web\CController.php(308): CInlineAction->runWithParams(Array)
#16 C:\xampp\htdocs\topicosweb\framework\web\filters\CFilterChain.php(133): CController->runAction(Object(CInlineAction))
#17 C:\xampp\htdocs\topicosweb\framework\web\filters\CFilter.php(40): CFilterChain->run()
#18 C:\xampp\htdocs\topicosweb\framework\web\CController.php(1145): CFilter->filter(Object(CFilterChain))
#19 C:\xampp\htdocs\topicosweb\framework\web\filters\CInlineFilter.php(58): CController->filterAccessControl(Object(CFilterChain))
#20 C:\xampp\htdocs\topicosweb\framework\web\filters\CFilterChain.php(130): CInlineFilter->filter(Object(CFilterChain))
#21 C:\xampp\htdocs\topicosweb\framework\web\CController.php(291): CFilterChain->run()
#22 C:\xampp\htdocs\topicosweb\framework\web\CController.php(265): CController->runActionWithFilters(Object(CInlineAction), Array)
#23 C:\xampp\htdocs\topicosweb\framework\web\CWebApplication.php(282): CController->run('create')
#24 C:\xampp\htdocs\topicosweb\framework\web\CWebApplication.php(141): CWebApplication->runController('participante/cr...')
#25 C:\xampp\htdocs\topicosweb\framework\base\CApplication.php(184): CWebApplication->processRequest()
#26 C:\xampp\htdocs\topicosweb\11030802\sitec\index.php(13): CApplication->run()
#27 {main}
REQUEST_URI=/topicosweb/11030802/sitec/?r=participante/create
HTTP_REFERER=http://localhost:8080/topicosweb/11030802/sitec/?r=evento/create
---
2015/03/22 02:09:46 [error] [exception.CException] exception 'CException' with message 'Property "Participante.Idtipo" is not defined.' in C:\xampp\htdocs\topicosweb\framework\base\CComponent.php:130
Stack trace:
#0 C:\xampp\htdocs\topicosweb\framework\db\ar\CActiveRecord.php(145): CComponent->__get('Idtipo')
#1 C:\xampp\htdocs\topicosweb\framework\web\helpers\CHtml.php(2728): CActiveRecord->__get('Idtipo')
#2 C:\xampp\htdocs\topicosweb\framework\web\helpers\CHtml.php(1981): CHtml::resolveValue(Object(Participante), 'Idtipo')
#3 C:\xampp\htdocs\topicosweb\framework\web\widgets\CActiveForm.php(914): CHtml::activeDropDownList(Object(Participante), 'Idtipo', Array, Array)
#4 C:\xampp\htdocs\topicosweb\11030802\sitec\protected\views\participante\_form.php(28): CActiveForm->dropDownList(Object(Participante), 'Idtipo', Array, Array)
#5 C:\xampp\htdocs\topicosweb\framework\web\CBaseController.php(126): require('C:\\xampp\\htdocs...')
#6 C:\xampp\htdocs\topicosweb\framework\web\CBaseController.php(95): CBaseController->renderInternal('C:\\xampp\\htdocs...', Array, true)
#7 C:\xampp\htdocs\topicosweb\framework\web\CController.php(869): CBaseController->renderFile('C:\\xampp\\htdocs...', Array, true)
#8 C:\xampp\htdocs\topicosweb\11030802\sitec\protected\views\participante\create.php(18): CController->renderPartial('_form', Array)
#9 C:\xampp\htdocs\topicosweb\framework\web\CBaseController.php(126): require('C:\\xampp\\htdocs...')
#10 C:\xampp\htdocs\topicosweb\framework\web\CBaseController.php(95): CBaseController->renderInternal('C:\\xampp\\htdocs...', Array, true)
#11 C:\xampp\htdocs\topicosweb\framework\web\CController.php(869): CBaseController->renderFile('C:\\xampp\\htdocs...', Array, true)
#12 C:\xampp\htdocs\topicosweb\framework\web\CController.php(782): CController->renderPartial('create', Array, true)
#13 C:\xampp\htdocs\topicosweb\11030802\sitec\protected\controllers\ParticipanteController.php(79): CController->render('create', Array)
#14 C:\xampp\htdocs\topicosweb\framework\web\actions\CInlineAction.php(49): ParticipanteController->actionCreate()
#15 C:\xampp\htdocs\topicosweb\framework\web\CController.php(308): CInlineAction->runWithParams(Array)
#16 C:\xampp\htdocs\topicosweb\framework\web\filters\CFilterChain.php(133): CController->runAction(Object(CInlineAction))
#17 C:\xampp\htdocs\topicosweb\framework\web\filters\CFilter.php(40): CFilterChain->run()
#18 C:\xampp\htdocs\topicosweb\framework\web\CController.php(1145): CFilter->filter(Object(CFilterChain))
#19 C:\xampp\htdocs\topicosweb\framework\web\filters\CInlineFilter.php(58): CController->filterAccessControl(Object(CFilterChain))
#20 C:\xampp\htdocs\topicosweb\framework\web\filters\CFilterChain.php(130): CInlineFilter->filter(Object(CFilterChain))
#21 C:\xampp\htdocs\topicosweb\framework\web\CController.php(291): CFilterChain->run()
#22 C:\xampp\htdocs\topicosweb\framework\web\CController.php(265): CController->runActionWithFilters(Object(CInlineAction), Array)
#23 C:\xampp\htdocs\topicosweb\framework\web\CWebApplication.php(282): CController->run('create')
#24 C:\xampp\htdocs\topicosweb\framework\web\CWebApplication.php(141): CWebApplication->runController('participante/cr...')
#25 C:\xampp\htdocs\topicosweb\framework\base\CApplication.php(184): CWebApplication->processRequest()
#26 C:\xampp\htdocs\topicosweb\11030802\sitec\index.php(13): CApplication->run()
#27 {main}
REQUEST_URI=/topicosweb/11030802/sitec/?r=participante/create
HTTP_REFERER=http://localhost:8080/topicosweb/11030802/sitec/?r=evento/create
---
2015/03/22 02:09:55 [error] [exception.CException] exception 'CException' with message 'Property "Participante.Idtipo" is not defined.' in C:\xampp\htdocs\topicosweb\framework\base\CComponent.php:130
Stack trace:
#0 C:\xampp\htdocs\topicosweb\framework\db\ar\CActiveRecord.php(145): CComponent->__get('Idtipo')
#1 C:\xampp\htdocs\topicosweb\framework\web\helpers\CHtml.php(2728): CActiveRecord->__get('Idtipo')
#2 C:\xampp\htdocs\topicosweb\framework\web\helpers\CHtml.php(1981): CHtml::resolveValue(Object(Participante), 'Idtipo')
#3 C:\xampp\htdocs\topicosweb\framework\web\widgets\CActiveForm.php(914): CHtml::activeDropDownList(Object(Participante), 'Idtipo', Array, Array)
#4 C:\xampp\htdocs\topicosweb\11030802\sitec\protected\views\participante\_form.php(28): CActiveForm->dropDownList(Object(Participante), 'Idtipo', Array, Array)
#5 C:\xampp\htdocs\topicosweb\framework\web\CBaseController.php(126): require('C:\\xampp\\htdocs...')
#6 C:\xampp\htdocs\topicosweb\framework\web\CBaseController.php(95): CBaseController->renderInternal('C:\\xampp\\htdocs...', Array, true)
#7 C:\xampp\htdocs\topicosweb\framework\web\CController.php(869): CBaseController->renderFile('C:\\xampp\\htdocs...', Array, true)
#8 C:\xampp\htdocs\topicosweb\11030802\sitec\protected\views\participante\create.php(18): CController->renderPartial('_form', Array)
#9 C:\xampp\htdocs\topicosweb\framework\web\CBaseController.php(126): require('C:\\xampp\\htdocs...')
#10 C:\xampp\htdocs\topicosweb\framework\web\CBaseController.php(95): CBaseController->renderInternal('C:\\xampp\\htdocs...', Array, true)
#11 C:\xampp\htdocs\topicosweb\framework\web\CController.php(869): CBaseController->renderFile('C:\\xampp\\htdocs...', Array, true)
#12 C:\xampp\htdocs\topicosweb\framework\web\CController.php(782): CController->renderPartial('create', Array, true)
#13 C:\xampp\htdocs\topicosweb\11030802\sitec\protected\controllers\ParticipanteController.php(79): CController->render('create', Array)
#14 C:\xampp\htdocs\topicosweb\framework\web\actions\CInlineAction.php(49): ParticipanteController->actionCreate()
#15 C:\xampp\htdocs\topicosweb\framework\web\CController.php(308): CInlineAction->runWithParams(Array)
#16 C:\xampp\htdocs\topicosweb\framework\web\filters\CFilterChain.php(133): CController->runAction(Object(CInlineAction))
#17 C:\xampp\htdocs\topicosweb\framework\web\filters\CFilter.php(40): CFilterChain->run()
#18 C:\xampp\htdocs\topicosweb\framework\web\CController.php(1145): CFilter->filter(Object(CFilterChain))
#19 C:\xampp\htdocs\topicosweb\framework\web\filters\CInlineFilter.php(58): CController->filterAccessControl(Object(CFilterChain))
#20 C:\xampp\htdocs\topicosweb\framework\web\filters\CFilterChain.php(130): CInlineFilter->filter(Object(CFilterChain))
#21 C:\xampp\htdocs\topicosweb\framework\web\CController.php(291): CFilterChain->run()
#22 C:\xampp\htdocs\topicosweb\framework\web\CController.php(265): CController->runActionWithFilters(Object(CInlineAction), Array)
#23 C:\xampp\htdocs\topicosweb\framework\web\CWebApplication.php(282): CController->run('create')
#24 C:\xampp\htdocs\topicosweb\framework\web\CWebApplication.php(141): CWebApplication->runController('participante/cr...')
#25 C:\xampp\htdocs\topicosweb\framework\base\CApplication.php(184): CWebApplication->processRequest()
#26 C:\xampp\htdocs\topicosweb\11030802\sitec\index.php(13): CApplication->run()
#27 {main}
REQUEST_URI=/topicosweb/11030802/sitec/?r=participante/create
HTTP_REFERER=http://localhost:8080/topicosweb/11030802/sitec/?r=evento/create
---
2015/03/22 02:09:59 [error] [exception.CException] exception 'CException' with message 'Property "Participante.Idtipo" is not defined.' in C:\xampp\htdocs\topicosweb\framework\base\CComponent.php:130
Stack trace:
#0 C:\xampp\htdocs\topicosweb\framework\db\ar\CActiveRecord.php(145): CComponent->__get('Idtipo')
#1 C:\xampp\htdocs\topicosweb\framework\web\helpers\CHtml.php(2728): CActiveRecord->__get('Idtipo')
#2 C:\xampp\htdocs\topicosweb\framework\web\helpers\CHtml.php(1981): CHtml::resolveValue(Object(Participante), 'Idtipo')
#3 C:\xampp\htdocs\topicosweb\framework\web\widgets\CActiveForm.php(914): CHtml::activeDropDownList(Object(Participante), 'Idtipo', Array, Array)
#4 C:\xampp\htdocs\topicosweb\11030802\sitec\protected\views\participante\_form.php(28): CActiveForm->dropDownList(Object(Participante), 'Idtipo', Array, Array)
#5 C:\xampp\htdocs\topicosweb\framework\web\CBaseController.php(126): require('C:\\xampp\\htdocs...')
#6 C:\xampp\htdocs\topicosweb\framework\web\CBaseController.php(95): CBaseController->renderInternal('C:\\xampp\\htdocs...', Array, true)
#7 C:\xampp\htdocs\topicosweb\framework\web\CController.php(869): CBaseController->renderFile('C:\\xampp\\htdocs...', Array, true)
#8 C:\xampp\htdocs\topicosweb\11030802\sitec\protected\views\participante\create.php(18): CController->renderPartial('_form', Array)
#9 C:\xampp\htdocs\topicosweb\framework\web\CBaseController.php(126): require('C:\\xampp\\htdocs...')
#10 C:\xampp\htdocs\topicosweb\framework\web\CBaseController.php(95): CBaseController->renderInternal('C:\\xampp\\htdocs...', Array, true)
#11 C:\xampp\htdocs\topicosweb\framework\web\CController.php(869): CBaseController->renderFile('C:\\xampp\\htdocs...', Array, true)
#12 C:\xampp\htdocs\topicosweb\framework\web\CController.php(782): CController->renderPartial('create', Array, true)
#13 C:\xampp\htdocs\topicosweb\11030802\sitec\protected\controllers\ParticipanteController.php(79): CController->render('create', Array)
#14 C:\xampp\htdocs\topicosweb\framework\web\actions\CInlineAction.php(49): ParticipanteController->actionCreate()
#15 C:\xampp\htdocs\topicosweb\framework\web\CController.php(308): CInlineAction->runWithParams(Array)
#16 C:\xampp\htdocs\topicosweb\framework\web\filters\CFilterChain.php(133): CController->runAction(Object(CInlineAction))
#17 C:\xampp\htdocs\topicosweb\framework\web\filters\CFilter.php(40): CFilterChain->run()
#18 C:\xampp\htdocs\topicosweb\framework\web\CController.php(1145): CFilter->filter(Object(CFilterChain))
#19 C:\xampp\htdocs\topicosweb\framework\web\filters\CInlineFilter.php(58): CController->filterAccessControl(Object(CFilterChain))
#20 C:\xampp\htdocs\topicosweb\framework\web\filters\CFilterChain.php(130): CInlineFilter->filter(Object(CFilterChain))
#21 C:\xampp\htdocs\topicosweb\framework\web\CController.php(291): CFilterChain->run()
#22 C:\xampp\htdocs\topicosweb\framework\web\CController.php(265): CController->runActionWithFilters(Object(CInlineAction), Array)
#23 C:\xampp\htdocs\topicosweb\framework\web\CWebApplication.php(282): CController->run('create')
#24 C:\xampp\htdocs\topicosweb\framework\web\CWebApplication.php(141): CWebApplication->runController('participante/cr...')
#25 C:\xampp\htdocs\topicosweb\framework\base\CApplication.php(184): CWebApplication->processRequest()
#26 C:\xampp\htdocs\topicosweb\11030802\sitec\index.php(13): CApplication->run()
#27 {main}
REQUEST_URI=/topicosweb/11030802/sitec/?r=participante/create
HTTP_REFERER=http://localhost:8080/topicosweb/11030802/sitec/?r=evento/create
---
2015/03/22 02:42:09 [error] [exception.CException] exception 'CException' with message 'Property "Evento.portada" is not defined.' in C:\xampp\htdocs\topicosweb\framework\base\CComponent.php:130
Stack trace:
#0 C:\xampp\htdocs\topicosweb\framework\db\ar\CActiveRecord.php(145): CComponent->__get('portada')
#1 C:\xampp\htdocs\topicosweb\11030802\sitec\protected\views\evento\_form.php(85): CActiveRecord->__get('portada')
#2 C:\xampp\htdocs\topicosweb\framework\web\CBaseController.php(126): require('C:\\xampp\\htdocs...')
#3 C:\xampp\htdocs\topicosweb\framework\web\CBaseController.php(95): CBaseController->renderInternal('C:\\xampp\\htdocs...', Array, true)
#4 C:\xampp\htdocs\topicosweb\framework\web\CController.php(869): CBaseController->renderFile('C:\\xampp\\htdocs...', Array, true)
#5 C:\xampp\htdocs\topicosweb\11030802\sitec\protected\views\evento\create.php(18): CController->renderPartial('_form', Array)
#6 C:\xampp\htdocs\topicosweb\framework\web\CBaseController.php(126): require('C:\\xampp\\htdocs...')
#7 C:\xampp\htdocs\topicosweb\framework\web\CBaseController.php(95): CBaseController->renderInternal('C:\\xampp\\htdocs...', Array, true)
#8 C:\xampp\htdocs\topicosweb\framework\web\CController.php(869): CBaseController->renderFile('C:\\xampp\\htdocs...', Array, true)
#9 C:\xampp\htdocs\topicosweb\framework\web\CController.php(782): CController->renderPartial('create', Array, true)
#10 C:\xampp\htdocs\topicosweb\11030802\sitec\protected\controllers\EventoController.php(79): CController->render('create', Array)
#11 C:\xampp\htdocs\topicosweb\framework\web\actions\CInlineAction.php(49): EventoController->actionCreate()
#12 C:\xampp\htdocs\topicosweb\framework\web\CController.php(308): CInlineAction->runWithParams(Array)
#13 C:\xampp\htdocs\topicosweb\framework\web\filters\CFilterChain.php(133): CController->runAction(Object(CInlineAction))
#14 C:\xampp\htdocs\topicosweb\framework\web\filters\CFilter.php(40): CFilterChain->run()
#15 C:\xampp\htdocs\topicosweb\framework\web\CController.php(1145): CFilter->filter(Object(CFilterChain))
#16 C:\xampp\htdocs\topicosweb\framework\web\filters\CInlineFilter.php(58): CController->filterAccessControl(Object(CFilterChain))
#17 C:\xampp\htdocs\topicosweb\framework\web\filters\CFilterChain.php(130): CInlineFilter->filter(Object(CFilterChain))
#18 C:\xampp\htdocs\topicosweb\framework\web\CController.php(291): CFilterChain->run()
#19 C:\xampp\htdocs\topicosweb\framework\web\CController.php(265): CController->runActionWithFilters(Object(CInlineAction), Array)
#20 C:\xampp\htdocs\topicosweb\framework\web\CWebApplication.php(282): CController->run('create')
#21 C:\xampp\htdocs\topicosweb\framework\web\CWebApplication.php(141): CWebApplication->runController('evento/create')
#22 C:\xampp\htdocs\topicosweb\framework\base\CApplication.php(184): CWebApplication->processRequest()
#23 C:\xampp\htdocs\topicosweb\11030802\sitec\index.php(13): CApplication->run()
#24 {main}
REQUEST_URI=/topicosweb/11030802/sitec/index.php?r=evento/create
HTTP_REFERER=http://localhost:8080/topicosweb/11030802/sitec/index.php?r=participante/create
---
