2015/03/22 06:23:51 [error] [exception.CHttpException.404] exception 'CHttpException' with message 'Unable to resolve the request "evento/admin".' in C:\xampp\htdocs\topicosweb\framework\web\CWebApplication.php:286
Stack trace:
#0 C:\xampp\htdocs\topicosweb\framework\web\CWebApplication.php(141): CWebApplication->runController('evento/admin')
#1 C:\xampp\htdocs\topicosweb\framework\base\CApplication.php(184): CWebApplication->processRequest()
#2 C:\xampp\htdocs\topicosweb\11030704\congreso\index.php(13): CApplication->run()
#3 {main}
REQUEST_URI=/topicosweb/11030704/congreso/?r=evento/admin
HTTP_REFERER=http://localhost/topicosweb/11030704/congreso/
---
2015/03/22 06:25:17 [error] [exception.CHttpException.404] exception 'CHttpException' with message 'Unable to resolve the request "evento/admin".' in C:\xampp\htdocs\topicosweb\framework\web\CWebApplication.php:286
Stack trace:
#0 C:\xampp\htdocs\topicosweb\framework\web\CWebApplication.php(141): CWebApplication->runController('evento/admin')
#1 C:\xampp\htdocs\topicosweb\framework\base\CApplication.php(184): CWebApplication->processRequest()
#2 C:\xampp\htdocs\topicosweb\11030704\congreso\index.php(13): CApplication->run()
#3 {main}
REQUEST_URI=/topicosweb/11030704/congreso/?r=evento/admin
HTTP_REFERER=http://localhost/topicosweb/11030704/congreso/
---
2015/03/24 00:49:35 [error] [exception.CHttpException.404] exception 'CHttpException' with message 'Unable to resolve the request "site=index".' in C:\xampp\htdocs\topicos\framework\web\CWebApplication.php:286
Stack trace:
#0 C:\xampp\htdocs\topicos\framework\web\CWebApplication.php(141): CWebApplication->runController('site=index')
#1 C:\xampp\htdocs\topicos\framework\base\CApplication.php(184): CWebApplication->processRequest()
#2 C:\xampp\htdocs\topicos\congreso\index.php(13): CApplication->run()
#3 {main}
REQUEST_URI=/topicos/congreso/index.php?r=site=index
---
2015/03/25 04:24:30 [error] [exception.CDbException] exception 'CDbException' with message 'CDbConnection failed to open the DB connection: SQLSTATE[HY000] [1049] Unknown database 'citec'' in C:\xampp\htdocs\topicosweb\framework\db\CDbConnection.php:399
Stack trace:
#0 C:\xampp\htdocs\topicosweb\framework\db\CDbConnection.php(347): CDbConnection->open()
#1 C:\xampp\htdocs\topicosweb\framework\db\CDbConnection.php(325): CDbConnection->setActive(true)
#2 C:\xampp\htdocs\topicosweb\framework\base\CModule.php(394): CDbConnection->init()
#3 C:\xampp\htdocs\topicosweb\framework\base\CApplication.php(458): CModule->getComponent('db')
#4 C:\xampp\htdocs\topicosweb\framework\db\ar\CActiveRecord.php(637): CApplication->getDb()
#5 C:\xampp\htdocs\topicosweb\framework\db\ar\CActiveRecord.php(1433): CActiveRecord->getDbConnection()
#6 C:\xampp\htdocs\topicosweb\framework\db\ar\CActiveRecord.php(1489): CActiveRecord->getTableAlias(true)
#7 C:\xampp\htdocs\topicosweb\congreso\protected\controllers\SiteController.php(33): CActiveRecord->findByPk('1')
#8 C:\xampp\htdocs\topicosweb\framework\web\actions\CInlineAction.php(49): SiteController->actionIndex()
#9 C:\xampp\htdocs\topicosweb\framework\web\CController.php(308): CInlineAction->runWithParams(Array)
#10 C:\xampp\htdocs\topicosweb\framework\web\CController.php(286): CController->runAction(Object(CInlineAction))
#11 C:\xampp\htdocs\topicosweb\framework\web\CController.php(265): CController->runActionWithFilters(Object(CInlineAction), Array)
#12 C:\xampp\htdocs\topicosweb\framework\web\CWebApplication.php(282): CController->run('')
#13 C:\xampp\htdocs\topicosweb\framework\web\CWebApplication.php(141): CWebApplication->runController('')
#14 C:\xampp\htdocs\topicosweb\framework\base\CApplication.php(184): CWebApplication->processRequest()
#15 C:\xampp\htdocs\topicosweb\congreso\index.php(13): CApplication->run()
#16 {main}
REQUEST_URI=/topicosweb/congreso/
---
